mode: atomic
github.com/PointerByte/GoForge/cmd/qgo/main.go:21.13,22.49 1 2
github.com/PointerByte/GoForge/cmd/qgo/main.go:22.49,25.3 2 1
github.com/PointerByte/GoForge/cmd/qgo/main.go:29.38,31.2 1 1
github.com/PointerByte/GoForge/cmd/qgo/main.go:34.33,36.2 1 1
github.com/PointerByte/GoForge/cmd/qgo/code/app.go:36.20,43.50 1 1
github.com/PointerByte/GoForge/cmd/qgo/code/app.go:43.50,49.4 5 1
github.com/PointerByte/GoForge/cmd/qgo/code/app.go:54.33,56.2 1 1
github.com/PointerByte/GoForge/cmd/qgo/code/app.go:59.46,68.2 3 4
github.com/PointerByte/GoForge/cmd/qgo/code/commands.go:30.38,32.2 1 5
github.com/PointerByte/GoForge/cmd/qgo/code/commands.go:35.71,41.2 1 11
github.com/PointerByte/GoForge/cmd/qgo/code/commands.go:44.51,53.2 4 5
github.com/PointerByte/GoForge/cmd/qgo/code/commands.go:56.58,60.55 1 11
github.com/PointerByte/GoForge/cmd/qgo/code/commands.go:60.55,62.18 2 1
github.com/PointerByte/GoForge/cmd/qgo/code/commands.go:62.18,64.5 1 0
github.com/PointerByte/GoForge/cmd/qgo/code/commands.go:66.4,67.73 2 1
github.com/PointerByte/GoForge/cmd/qgo/code/commands.go:71.2,75.17 5 11
github.com/PointerByte/GoForge/cmd/qgo/code/scaffold.go:46.68,55.2 1 9
github.com/PointerByte/GoForge/cmd/qgo/code/scaffold.go:58.99,62.16 3 8
github.com/PointerByte/GoForge/cmd/qgo/code/scaffold.go:62.16,64.3 1 1
github.com/PointerByte/GoForge/cmd/qgo/code/scaffold.go:65.2,65.36 1 7
github.com/PointerByte/GoForge/cmd/qgo/code/scaffold.go:65.36,67.3 1 1
github.com/PointerByte/GoForge/cmd/qgo/code/scaffold.go:69.2,70.16 2 6
github.com/PointerByte/GoForge/cmd/qgo/code/scaffold.go:70.16,72.3 1 1
github.com/PointerByte/GoForge/cmd/qgo/code/scaffold.go:73.2,73.34 1 5
github.com/PointerByte/GoForge/cmd/qgo/code/scaffold.go:73.34,75.3 1 1
github.com/PointerByte/GoForge/cmd/qgo/code/scaffold.go:77.2,78.16 2 4
github.com/PointerByte/GoForge/cmd/qgo/code/scaffold.go:78.16,80.3 1 1
github.com/PointerByte/GoForge/cmd/qgo/code/scaffold.go:82.2,83.21 2 3
github.com/PointerByte/GoForge/cmd/qgo/code/scaffold.go:83.21,85.3 1 1
github.com/PointerByte/GoForge/cmd/qgo/code/scaffold.go:87.2,92.8 1 3
github.com/PointerByte/GoForge/cmd/qgo/code/scaffold.go:96.108,98.20 2 18
github.com/PointerByte/GoForge/cmd/qgo/code/scaffold.go:98.20,100.3 1 5
github.com/PointerByte/GoForge/cmd/qgo/code/scaffold.go:102.2,102.62 1 13
github.com/PointerByte/GoForge/cmd/qgo/code/scaffold.go:102.62,104.3 1 1
github.com/PointerByte/GoForge/cmd/qgo/code/scaffold.go:106.2,107.43 2 12
github.com/PointerByte/GoForge/cmd/qgo/code/scaffold.go:107.43,109.3 1 1
github.com/PointerByte/GoForge/cmd/qgo/code/scaffold.go:111.2,112.17 2 11
github.com/PointerByte/GoForge/cmd/qgo/code/scaffold.go:112.17,114.3 1 2
github.com/PointerByte/GoForge/cmd/qgo/code/scaffold.go:115.2,115.19 1 9
github.com/PointerByte/GoForge/cmd/qgo/code/scaffold.go:124.98,126.20 2 10
github.com/PointerByte/GoForge/cmd/qgo/code/scaffold.go:126.20,127.37 1 4
github.com/PointerByte/GoForge/cmd/qgo/code/scaffold.go:127.37,129.4 1 1
github.com/PointerByte/GoForge/cmd/qgo/code/scaffold.go:130.3,130.23 1 3
github.com/PointerByte/GoForge/cmd/qgo/code/scaffold.go:133.2,133.93 1 6
github.com/PointerByte/GoForge/cmd/qgo/code/scaffold.go:133.93,135.3 1 1
github.com/PointerByte/GoForge/cmd/qgo/code/scaffold.go:137.2,138.43 2 5
github.com/PointerByte/GoForge/cmd/qgo/code/scaffold.go:138.43,140.3 1 1
github.com/PointerByte/GoForge/cmd/qgo/code/scaffold.go:142.2,143.17 2 4
github.com/PointerByte/GoForge/cmd/qgo/code/scaffold.go:143.17,145.3 1 2
github.com/PointerByte/GoForge/cmd/qgo/code/scaffold.go:146.2,146.33 1 2
github.com/PointerByte/GoForge/cmd/qgo/code/scaffold.go:146.33,148.3 1 2
github.com/PointerByte/GoForge/cmd/qgo/code/scaffold.go:149.2,149.19 1 0
github.com/PointerByte/GoForge/cmd/qgo/code/scaffold.go:153.45,155.2 1 9
github.com/PointerByte/GoForge/cmd/qgo/code/scaffold.go:158.43,160.2 1 10
github.com/PointerByte/GoForge/cmd/qgo/code/scaffold.go:163.44,165.2 1 9
github.com/PointerByte/GoForge/cmd/qgo/code/scaffold.go:168.96,170.16 2 9
github.com/PointerByte/GoForge/cmd/qgo/code/scaffold.go:170.16,172.3 1 1
github.com/PointerByte/GoForge/cmd/qgo/code/scaffold.go:174.2,174.56 1 8
github.com/PointerByte/GoForge/cmd/qgo/code/scaffold.go:174.56,176.3 1 1
github.com/PointerByte/GoForge/cmd/qgo/code/scaffold.go:176.8,176.44 1 7
github.com/PointerByte/GoForge/cmd/qgo/code/scaffold.go:176.44,178.3 1 1
github.com/PointerByte/GoForge/cmd/qgo/code/scaffold.go:180.2,180.64 1 6
github.com/PointerByte/GoForge/cmd/qgo/code/scaffold.go:180.64,182.3 1 1
github.com/PointerByte/GoForge/cmd/qgo/code/scaffold.go:184.2,185.16 2 5
github.com/PointerByte/GoForge/cmd/qgo/code/scaffold.go:185.16,187.3 1 1
github.com/PointerByte/GoForge/cmd/qgo/code/scaffold.go:189.2,189.35 1 4
github.com/PointerByte/GoForge/cmd/qgo/code/scaffold.go:189.35,191.80 2 7
github.com/PointerByte/GoForge/cmd/qgo/code/scaffold.go:191.80,193.4 1 1
github.com/PointerByte/GoForge/cmd/qgo/code/scaffold.go:196.2,196.88 1 3
github.com/PointerByte/GoForge/cmd/qgo/code/scaffold.go:196.88,198.3 1 1
github.com/PointerByte/GoForge/cmd/qgo/code/scaffold.go:200.2,200.187 1 2
github.com/PointerByte/GoForge/cmd/qgo/code/scaffold.go:200.187,202.3 1 0
github.com/PointerByte/GoForge/cmd/qgo/code/scaffold.go:204.2,204.68 1 2
github.com/PointerByte/GoForge/cmd/qgo/code/scaffold.go:204.68,206.3 1 1
github.com/PointerByte/GoForge/cmd/qgo/code/scaffold.go:208.2,208.101 1 1
github.com/PointerByte/GoForge/cmd/qgo/code/scaffold.go:208.101,210.3 1 0
github.com/PointerByte/GoForge/cmd/qgo/code/scaffold.go:211.2,211.12 1 1
github.com/PointerByte/GoForge/cmd/qgo/code/templates.go:12.96,18.30 2 7
github.com/PointerByte/GoForge/cmd/qgo/code/templates.go:19.18,20.81 1 5
github.com/PointerByte/GoForge/cmd/qgo/code/templates.go:21.18,23.17 2 0
github.com/PointerByte/GoForge/cmd/qgo/code/templates.go:23.17,25.4 1 0
github.com/PointerByte/GoForge/cmd/qgo/code/templates.go:26.3,26.38 1 0
github.com/PointerByte/GoForge/cmd/qgo/code/templates.go:27.10,28.79 1 2
github.com/PointerByte/GoForge/cmd/qgo/code/templates.go:31.2,31.19 1 5
github.com/PointerByte/GoForge/cmd/qgo/code/templates.go:35.67,36.21 1 9
github.com/PointerByte/GoForge/cmd/qgo/code/templates.go:37.22,63.12 1 6
github.com/PointerByte/GoForge/cmd/qgo/code/templates.go:64.23,79.2 1 2
github.com/PointerByte/GoForge/cmd/qgo/code/templates.go:80.10,81.12 1 1
github.com/PointerByte/GoForge/cmd/qgo/code/templates.go:86.70,87.36 1 8
github.com/PointerByte/GoForge/cmd/qgo/code/templates.go:87.36,147.3 1 3
github.com/PointerByte/GoForge/cmd/qgo/code/templates.go:149.2,232.12 1 5
github.com/PointerByte/GoForge/cmd/qgo/code/templates.go:236.79,261.36 2 2
github.com/PointerByte/GoForge/cmd/qgo/code/templates.go:261.36,312.3 4 1
github.com/PointerByte/GoForge/cmd/qgo/code/templates.go:312.8,393.3 4 1
github.com/PointerByte/GoForge/cmd/qgo/code/templates.go:395.2,396.16 2 2
github.com/PointerByte/GoForge/cmd/qgo/code/templates.go:396.16,398.3 1 0
github.com/PointerByte/GoForge/cmd/qgo/code/templates.go:399.2,399.36 1 2
