mode: atomic
github.com/PointerByte/GoForge/security/auth/cookies/cookies.go:47.47,49.33 2 10
github.com/PointerByte/GoForge/security/auth/cookies/cookies.go:49.33,50.20 1 15
github.com/PointerByte/GoForge/security/auth/cookies/cookies.go:50.20,51.12 1 0
github.com/PointerByte/GoForge/security/auth/cookies/cookies.go:53.3,53.41 1 15
github.com/PointerByte/GoForge/security/auth/cookies/cookies.go:53.41,55.4 1 2
github.com/PointerByte/GoForge/security/auth/cookies/cookies.go:57.2,57.31 1 8
github.com/PointerByte/GoForge/security/auth/cookies/cookies.go:57.31,59.3 1 2
github.com/PointerByte/GoForge/security/auth/cookies/cookies.go:60.2,60.49 1 6
github.com/PointerByte/GoForge/security/auth/cookies/cookies.go:60.49,62.3 1 1
github.com/PointerByte/GoForge/security/auth/cookies/cookies.go:63.2,63.21 1 5
github.com/PointerByte/GoForge/security/auth/cookies/cookies.go:68.71,70.16 2 3
github.com/PointerByte/GoForge/security/auth/cookies/cookies.go:70.16,72.3 1 1
github.com/PointerByte/GoForge/security/auth/cookies/cookies.go:74.2,75.22 2 2
github.com/PointerByte/GoForge/security/auth/cookies/cookies.go:75.22,77.3 1 2
github.com/PointerByte/GoForge/security/auth/cookies/cookies.go:78.2,78.22 1 2
github.com/PointerByte/GoForge/security/auth/cookies/cookies.go:78.22,80.3 1 1
github.com/PointerByte/GoForge/security/auth/cookies/cookies.go:82.2,85.3 1 2
github.com/PointerByte/GoForge/security/auth/cookies/cookies.go:89.57,90.37 1 8
github.com/PointerByte/GoForge/security/auth/cookies/cookies.go:90.37,91.21 1 8
github.com/PointerByte/GoForge/security/auth/cookies/cookies.go:91.21,93.4 1 1
github.com/PointerByte/GoForge/security/auth/cookies/cookies.go:94.3,95.13 2 7
github.com/PointerByte/GoForge/security/auth/cookies/cookies.go:100.47,101.37 1 7
github.com/PointerByte/GoForge/security/auth/cookies/cookies.go:101.37,103.23 2 7
github.com/PointerByte/GoForge/security/auth/cookies/cookies.go:103.23,105.4 1 1
github.com/PointerByte/GoForge/security/auth/cookies/cookies.go:106.3,107.13 2 6
github.com/PointerByte/GoForge/security/auth/cookies/cookies.go:112.45,113.20 1 2
github.com/PointerByte/GoForge/security/auth/cookies/cookies.go:113.20,115.3 1 0
github.com/PointerByte/GoForge/security/auth/cookies/cookies.go:116.2,116.27 1 2
github.com/PointerByte/GoForge/security/auth/cookies/cookies.go:121.81,122.49 1 7
github.com/PointerByte/GoForge/security/auth/cookies/cookies.go:122.49,124.3 1 0
github.com/PointerByte/GoForge/security/auth/cookies/cookies.go:125.2,125.20 1 7
github.com/PointerByte/GoForge/security/auth/cookies/cookies.go:125.20,127.3 1 1
github.com/PointerByte/GoForge/security/auth/cookies/cookies.go:129.2,130.16 2 6
github.com/PointerByte/GoForge/security/auth/cookies/cookies.go:130.16,131.39 1 1
github.com/PointerByte/GoForge/security/auth/cookies/cookies.go:131.39,133.4 1 1
github.com/PointerByte/GoForge/security/auth/cookies/cookies.go:134.3,134.17 1 0
github.com/PointerByte/GoForge/security/auth/cookies/cookies.go:137.2,138.17 2 5
github.com/PointerByte/GoForge/security/auth/cookies/cookies.go:138.17,140.3 1 1
github.com/PointerByte/GoForge/security/auth/cookies/cookies.go:141.2,141.19 1 4
github.com/PointerByte/GoForge/security/auth/cookies/cookies.go:146.70,148.16 2 1
github.com/PointerByte/GoForge/security/auth/cookies/cookies.go:148.16,150.3 1 0
github.com/PointerByte/GoForge/security/auth/cookies/cookies.go:151.2,151.52 1 1
github.com/PointerByte/GoForge/security/auth/cookies/cookies.go:156.76,158.2 1 1
github.com/PointerByte/GoForge/security/auth/cookies/cookies.go:162.108,165.2 2 2
github.com/PointerByte/GoForge/security/auth/cookies/cookies.go:169.156,171.16 2 3
github.com/PointerByte/GoForge/security/auth/cookies/cookies.go:171.16,173.3 1 0
github.com/PointerByte/GoForge/security/auth/cookies/cookies.go:174.2,174.74 1 3
github.com/PointerByte/GoForge/security/auth/cookies/cookies.go:177.60,178.17 1 2
github.com/PointerByte/GoForge/security/auth/cookies/cookies.go:178.17,180.3 1 1
github.com/PointerByte/GoForge/security/auth/cookies/cookies.go:181.2,181.17 1 1
github.com/PointerByte/GoForge/security/middlewares/cookies.go:30.74,31.63 1 4
github.com/PointerByte/GoForge/security/middlewares/cookies.go:31.63,32.33 1 0
github.com/PointerByte/GoForge/security/middlewares/cookies.go:32.33,34.4 1 0
github.com/PointerByte/GoForge/security/middlewares/cookies.go:37.2,41.56 1 4
github.com/PointerByte/GoForge/security/middlewares/cookies.go:41.56,45.4 1 1
github.com/PointerByte/GoForge/security/middlewares/cookies.go:48.2,48.33 1 4
github.com/PointerByte/GoForge/security/middlewares/cookies.go:48.33,49.20 1 7
github.com/PointerByte/GoForge/security/middlewares/cookies.go:49.20,50.12 1 0
github.com/PointerByte/GoForge/security/middlewares/cookies.go:52.3,52.18 1 7
github.com/PointerByte/GoForge/security/middlewares/cookies.go:55.2,55.29 1 4
github.com/PointerByte/GoForge/security/middlewares/cookies.go:55.29,57.3 1 0
github.com/PointerByte/GoForge/security/middlewares/cookies.go:59.2,60.16 2 4
github.com/PointerByte/GoForge/security/middlewares/cookies.go:60.16,61.31 1 1
github.com/PointerByte/GoForge/security/middlewares/cookies.go:61.31,63.4 1 1
github.com/PointerByte/GoForge/security/middlewares/cookies.go:66.2,66.30 1 3
github.com/PointerByte/GoForge/security/middlewares/cookies.go:66.30,71.34 4 3
github.com/PointerByte/GoForge/security/middlewares/cookies.go:71.34,74.4 2 1
github.com/PointerByte/GoForge/security/middlewares/cookies.go:76.3,77.17 2 3
github.com/PointerByte/GoForge/security/middlewares/cookies.go:77.17,80.4 2 1
github.com/PointerByte/GoForge/security/middlewares/cookies.go:82.3,84.11 3 2
github.com/PointerByte/GoForge/security/middlewares/cookies.go:90.94,91.46 1 5
github.com/PointerByte/GoForge/security/middlewares/cookies.go:91.46,93.3 1 5
github.com/PointerByte/GoForge/security/middlewares/cookies.go:98.84,99.46 1 0
github.com/PointerByte/GoForge/security/middlewares/cookies.go:99.46,101.3 1 0
github.com/PointerByte/GoForge/security/middlewares/cookies.go:106.79,107.46 1 2
github.com/PointerByte/GoForge/security/middlewares/cookies.go:107.46,109.3 1 2
github.com/PointerByte/GoForge/security/middlewares/cookies.go:114.103,115.46 1 2
github.com/PointerByte/GoForge/security/middlewares/cookies.go:115.46,116.36 1 2
github.com/PointerByte/GoForge/security/middlewares/cookies.go:116.36,118.4 1 1
github.com/PointerByte/GoForge/security/middlewares/cookies.go:119.3,119.37 1 2
github.com/PointerByte/GoForge/security/middlewares/cookies.go:119.37,121.4 1 1
github.com/PointerByte/GoForge/security/middlewares/cookies.go:126.97,127.46 1 2
github.com/PointerByte/GoForge/security/middlewares/cookies.go:127.46,128.21 1 2
github.com/PointerByte/GoForge/security/middlewares/cookies.go:128.21,130.4 1 1
github.com/PointerByte/GoForge/security/middlewares/grpc_jwt.go:45.73,48.2 2 1
github.com/PointerByte/GoForge/security/middlewares/grpc_jwt.go:53.60,56.2 2 2
github.com/PointerByte/GoForge/security/middlewares/grpc_jwt.go:60.93,62.112 2 2
github.com/PointerByte/GoForge/security/middlewares/grpc_jwt.go:62.112,63.64 1 2
github.com/PointerByte/GoForge/security/middlewares/grpc_jwt.go:63.64,65.4 1 0
github.com/PointerByte/GoForge/security/middlewares/grpc_jwt.go:67.3,68.17 2 2
github.com/PointerByte/GoForge/security/middlewares/grpc_jwt.go:68.17,70.4 1 1
github.com/PointerByte/GoForge/security/middlewares/grpc_jwt.go:71.3,71.31 1 1
github.com/PointerByte/GoForge/security/middlewares/grpc_jwt.go:77.95,79.112 2 1
github.com/PointerByte/GoForge/security/middlewares/grpc_jwt.go:79.112,80.64 1 1
github.com/PointerByte/GoForge/security/middlewares/grpc_jwt.go:80.64,82.4 1 0
github.com/PointerByte/GoForge/security/middlewares/grpc_jwt.go:84.3,85.17 2 1
github.com/PointerByte/GoForge/security/middlewares/grpc_jwt.go:85.17,87.4 1 0
github.com/PointerByte/GoForge/security/middlewares/grpc_jwt.go:88.3,88.76 1 1
github.com/PointerByte/GoForge/security/middlewares/grpc_jwt.go:94.82,95.37 1 0
github.com/PointerByte/GoForge/security/middlewares/grpc_jwt.go:95.37,97.3 1 0
github.com/PointerByte/GoForge/security/middlewares/grpc_jwt.go:102.120,103.37 1 0
github.com/PointerByte/GoForge/security/middlewares/grpc_jwt.go:103.37,104.21 1 0
github.com/PointerByte/GoForge/security/middlewares/grpc_jwt.go:104.21,106.4 1 0
github.com/PointerByte/GoForge/security/middlewares/grpc_jwt.go:112.73,113.37 1 1
github.com/PointerByte/GoForge/security/middlewares/grpc_jwt.go:113.37,115.3 1 1
github.com/PointerByte/GoForge/security/middlewares/grpc_jwt.go:120.68,121.37 1 2
github.com/PointerByte/GoForge/security/middlewares/grpc_jwt.go:121.37,123.3 1 2
github.com/PointerByte/GoForge/security/middlewares/grpc_jwt.go:126.64,132.33 2 3
github.com/PointerByte/GoForge/security/middlewares/grpc_jwt.go:132.33,133.20 1 3
github.com/PointerByte/GoForge/security/middlewares/grpc_jwt.go:133.20,134.12 1 0
github.com/PointerByte/GoForge/security/middlewares/grpc_jwt.go:136.3,136.17 1 3
github.com/PointerByte/GoForge/security/middlewares/grpc_jwt.go:138.2,138.29 1 3
github.com/PointerByte/GoForge/security/middlewares/grpc_jwt.go:138.29,140.3 1 1
github.com/PointerByte/GoForge/security/middlewares/grpc_jwt.go:141.2,141.15 1 3
github.com/PointerByte/GoForge/security/middlewares/grpc_jwt.go:144.89,146.16 2 3
github.com/PointerByte/GoForge/security/middlewares/grpc_jwt.go:146.16,148.3 1 0
github.com/PointerByte/GoForge/security/middlewares/grpc_jwt.go:149.2,149.20 1 3
github.com/PointerByte/GoForge/security/middlewares/grpc_jwt.go:149.20,151.3 1 0
github.com/PointerByte/GoForge/security/middlewares/grpc_jwt.go:153.2,154.16 2 3
github.com/PointerByte/GoForge/security/middlewares/grpc_jwt.go:154.16,156.3 1 1
github.com/PointerByte/GoForge/security/middlewares/grpc_jwt.go:158.2,162.33 4 2
github.com/PointerByte/GoForge/security/middlewares/grpc_jwt.go:162.33,165.3 2 2
github.com/PointerByte/GoForge/security/middlewares/grpc_jwt.go:167.2,168.16 2 2
github.com/PointerByte/GoForge/security/middlewares/grpc_jwt.go:168.16,170.3 1 0
github.com/PointerByte/GoForge/security/middlewares/grpc_jwt.go:172.2,174.17 3 2
github.com/PointerByte/GoForge/security/middlewares/grpc_jwt.go:177.76,178.24 1 3
github.com/PointerByte/GoForge/security/middlewares/grpc_jwt.go:178.24,180.3 1 3
github.com/PointerByte/GoForge/security/middlewares/grpc_jwt.go:181.2,181.42 1 3
github.com/PointerByte/GoForge/security/middlewares/grpc_jwt.go:184.111,186.9 2 3
github.com/PointerByte/GoForge/security/middlewares/grpc_jwt.go:186.9,188.3 1 1
github.com/PointerByte/GoForge/security/middlewares/grpc_jwt.go:190.2,191.22 2 2
github.com/PointerByte/GoForge/security/middlewares/grpc_jwt.go:191.22,193.3 1 0
github.com/PointerByte/GoForge/security/middlewares/grpc_jwt.go:194.2,194.52 1 2
github.com/PointerByte/GoForge/security/middlewares/grpc_jwt.go:197.36,199.2 1 1
github.com/PointerByte/GoForge/security/middlewares/grpc_jwt.go:206.58,208.2 1 1
github.com/PointerByte/GoForge/security/middlewares/headers.go:22.40,23.30 1 1
github.com/PointerByte/GoForge/security/middlewares/headers.go:23.30,32.3 8 1
github.com/PointerByte/GoForge/security/middlewares/jwt.go:25.42,27.2 1 16
github.com/PointerByte/GoForge/security/middlewares/jwt.go:65.65,66.63 1 6
github.com/PointerByte/GoForge/security/middlewares/jwt.go:66.63,67.33 1 1
github.com/PointerByte/GoForge/security/middlewares/jwt.go:67.33,69.4 1 1
github.com/PointerByte/GoForge/security/middlewares/jwt.go:72.2,78.56 1 5
github.com/PointerByte/GoForge/security/middlewares/jwt.go:78.56,82.4 1 2
github.com/PointerByte/GoForge/security/middlewares/jwt.go:85.2,85.33 1 5
github.com/PointerByte/GoForge/security/middlewares/jwt.go:85.33,86.20 1 4
github.com/PointerByte/GoForge/security/middlewares/jwt.go:86.20,87.12 1 0
github.com/PointerByte/GoForge/security/middlewares/jwt.go:89.3,89.18 1 4
github.com/PointerByte/GoForge/security/middlewares/jwt.go:92.2,92.29 1 5
github.com/PointerByte/GoForge/security/middlewares/jwt.go:92.29,94.3 1 0
github.com/PointerByte/GoForge/security/middlewares/jwt.go:96.2,97.16 2 5
github.com/PointerByte/GoForge/security/middlewares/jwt.go:97.16,98.31 1 1
github.com/PointerByte/GoForge/security/middlewares/jwt.go:98.31,100.4 1 1
github.com/PointerByte/GoForge/security/middlewares/jwt.go:103.2,103.30 1 4
github.com/PointerByte/GoForge/security/middlewares/jwt.go:103.30,104.21 1 4
github.com/PointerByte/GoForge/security/middlewares/jwt.go:104.21,107.4 2 0
github.com/PointerByte/GoForge/security/middlewares/jwt.go:109.3,110.17 2 4
github.com/PointerByte/GoForge/security/middlewares/jwt.go:110.17,113.4 2 1
github.com/PointerByte/GoForge/security/middlewares/jwt.go:115.3,119.34 4 3
github.com/PointerByte/GoForge/security/middlewares/jwt.go:119.34,122.4 2 1
github.com/PointerByte/GoForge/security/middlewares/jwt.go:124.3,125.17 2 3
github.com/PointerByte/GoForge/security/middlewares/jwt.go:125.17,128.4 2 1
github.com/PointerByte/GoForge/security/middlewares/jwt.go:130.3,132.11 3 2
github.com/PointerByte/GoForge/security/middlewares/jwt.go:138.84,139.43 1 2
github.com/PointerByte/GoForge/security/middlewares/jwt.go:139.43,141.3 1 2
github.com/PointerByte/GoForge/security/middlewares/jwt.go:146.122,147.43 1 0
github.com/PointerByte/GoForge/security/middlewares/jwt.go:147.43,148.21 1 0
github.com/PointerByte/GoForge/security/middlewares/jwt.go:148.21,150.4 1 0
github.com/PointerByte/GoForge/security/middlewares/jwt.go:156.75,157.43 1 0
github.com/PointerByte/GoForge/security/middlewares/jwt.go:157.43,159.3 1 0
github.com/PointerByte/GoForge/security/middlewares/jwt.go:164.70,165.43 1 2
github.com/PointerByte/GoForge/security/middlewares/jwt.go:165.43,167.3 1 2
github.com/PointerByte/GoForge/security/middlewares/jwt.go:172.94,173.43 1 2
github.com/PointerByte/GoForge/security/middlewares/jwt.go:173.43,174.36 1 2
github.com/PointerByte/GoForge/security/middlewares/jwt.go:174.36,176.4 1 1
github.com/PointerByte/GoForge/security/middlewares/jwt.go:177.3,177.37 1 2
github.com/PointerByte/GoForge/security/middlewares/jwt.go:177.37,179.4 1 1
github.com/PointerByte/GoForge/security/middlewares/jwt.go:185.88,186.43 1 2
github.com/PointerByte/GoForge/security/middlewares/jwt.go:186.43,187.21 1 2
github.com/PointerByte/GoForge/security/middlewares/jwt.go:187.21,189.4 1 1
github.com/PointerByte/GoForge/security/middlewares/jwt.go:193.82,194.23 1 10
github.com/PointerByte/GoForge/security/middlewares/jwt.go:194.23,196.3 1 2
github.com/PointerByte/GoForge/security/middlewares/jwt.go:198.2,198.51 1 8
github.com/PointerByte/GoForge/security/middlewares/jwt.go:198.51,200.3 1 1
github.com/PointerByte/GoForge/security/middlewares/jwt.go:202.2,203.17 2 7
github.com/PointerByte/GoForge/security/middlewares/jwt.go:203.17,205.3 1 1
github.com/PointerByte/GoForge/security/middlewares/jwt.go:206.2,206.19 1 6
github.com/PointerByte/GoForge/security/auth/jwt/jwt.go:60.56,61.49 1 5
github.com/PointerByte/GoForge/security/auth/jwt/jwt.go:62.13,64.49 2 2
github.com/PointerByte/GoForge/security/auth/jwt/jwt.go:65.15,67.51 2 2
github.com/PointerByte/GoForge/security/auth/jwt/jwt.go:68.10,69.54 1 1
github.com/PointerByte/GoForge/security/auth/jwt/jwt.go:71.2,71.12 1 4
github.com/PointerByte/GoForge/security/auth/jwt/jwt.go:244.47,246.33 2 35
github.com/PointerByte/GoForge/security/auth/jwt/jwt.go:246.33,247.20 1 40
github.com/PointerByte/GoForge/security/auth/jwt/jwt.go:247.20,248.12 1 0
github.com/PointerByte/GoForge/security/auth/jwt/jwt.go:250.3,250.41 1 40
github.com/PointerByte/GoForge/security/auth/jwt/jwt.go:250.41,252.4 1 12
github.com/PointerByte/GoForge/security/auth/jwt/jwt.go:254.2,254.29 1 23
github.com/PointerByte/GoForge/security/auth/jwt/jwt.go:254.29,256.3 1 1
github.com/PointerByte/GoForge/security/auth/jwt/jwt.go:257.2,257.21 1 22
github.com/PointerByte/GoForge/security/auth/jwt/jwt.go:262.71,264.21 2 7
github.com/PointerByte/GoForge/security/auth/jwt/jwt.go:264.21,266.3 1 7
github.com/PointerByte/GoForge/security/auth/jwt/jwt.go:267.2,267.21 1 7
github.com/PointerByte/GoForge/security/auth/jwt/jwt.go:267.21,269.3 1 2
github.com/PointerByte/GoForge/security/auth/jwt/jwt.go:270.2,270.21 1 7
github.com/PointerByte/GoForge/security/auth/jwt/jwt.go:270.21,272.3 1 1
github.com/PointerByte/GoForge/security/auth/jwt/jwt.go:274.2,274.19 1 6
github.com/PointerByte/GoForge/security/auth/jwt/jwt.go:275.15,279.5 1 1
github.com/PointerByte/GoForge/security/auth/jwt/jwt.go:280.15,285.5 1 1
github.com/PointerByte/GoForge/security/auth/jwt/jwt.go:286.15,291.5 1 1
github.com/PointerByte/GoForge/security/auth/jwt/jwt.go:292.15,297.5 1 2
github.com/PointerByte/GoForge/security/auth/jwt/jwt.go:298.10,299.65 1 1
github.com/PointerByte/GoForge/security/auth/jwt/jwt.go:303.64,307.42 3 2
github.com/PointerByte/GoForge/security/auth/jwt/jwt.go:307.42,309.3 1 1
github.com/PointerByte/GoForge/security/auth/jwt/jwt.go:311.2,313.87 3 2
github.com/PointerByte/GoForge/security/auth/jwt/jwt.go:313.87,315.3 1 0
github.com/PointerByte/GoForge/security/auth/jwt/jwt.go:317.2,319.91 3 2
github.com/PointerByte/GoForge/security/auth/jwt/jwt.go:319.91,321.3 1 2
github.com/PointerByte/GoForge/security/auth/jwt/jwt.go:323.2,323.26 1 2
github.com/PointerByte/GoForge/security/auth/jwt/jwt.go:323.26,325.3 1 1
github.com/PointerByte/GoForge/security/auth/jwt/jwt.go:326.2,326.22 1 1
github.com/PointerByte/GoForge/security/auth/jwt/jwt.go:330.64,333.23 3 1
github.com/PointerByte/GoForge/security/auth/jwt/jwt.go:333.23,335.18 2 1
github.com/PointerByte/GoForge/security/auth/jwt/jwt.go:335.18,337.18 2 1
github.com/PointerByte/GoForge/security/auth/jwt/jwt.go:337.18,339.5 1 0
github.com/PointerByte/GoForge/security/auth/jwt/jwt.go:340.4,340.26 1 1
github.com/PointerByte/GoForge/security/auth/jwt/jwt.go:344.2,346.22 3 1
github.com/PointerByte/GoForge/security/auth/jwt/jwt.go:346.22,348.18 2 1
github.com/PointerByte/GoForge/security/auth/jwt/jwt.go:348.18,350.18 2 1
github.com/PointerByte/GoForge/security/auth/jwt/jwt.go:350.18,352.5 1 0
github.com/PointerByte/GoForge/security/auth/jwt/jwt.go:353.4,353.25 1 1
github.com/PointerByte/GoForge/security/auth/jwt/jwt.go:357.2,358.28 2 1
github.com/PointerByte/GoForge/security/auth/jwt/jwt.go:358.28,360.3 1 0
github.com/PointerByte/GoForge/security/auth/jwt/jwt.go:361.2,361.24 1 1
github.com/PointerByte/GoForge/security/auth/jwt/jwt.go:365.69,368.23 3 2
github.com/PointerByte/GoForge/security/auth/jwt/jwt.go:368.23,370.18 2 2
github.com/PointerByte/GoForge/security/auth/jwt/jwt.go:370.18,372.18 2 2
github.com/PointerByte/GoForge/security/auth/jwt/jwt.go:372.18,374.5 1 0
github.com/PointerByte/GoForge/security/auth/jwt/jwt.go:375.4,375.26 1 2
github.com/PointerByte/GoForge/security/auth/jwt/jwt.go:379.2,381.22 3 2
github.com/PointerByte/GoForge/security/auth/jwt/jwt.go:381.22,383.18 2 2
github.com/PointerByte/GoForge/security/auth/jwt/jwt.go:383.18,385.18 2 2
github.com/PointerByte/GoForge/security/auth/jwt/jwt.go:385.18,387.5 1 0
github.com/PointerByte/GoForge/security/auth/jwt/jwt.go:388.4,388.25 1 2
github.com/PointerByte/GoForge/security/auth/jwt/jwt.go:392.2,393.28 2 2
github.com/PointerByte/GoForge/security/auth/jwt/jwt.go:393.28,395.3 1 0
github.com/PointerByte/GoForge/security/auth/jwt/jwt.go:396.2,396.24 1 2
github.com/PointerByte/GoForge/security/auth/jwt/jwt.go:401.63,404.18 3 4
github.com/PointerByte/GoForge/security/auth/jwt/jwt.go:404.18,406.3 1 3
github.com/PointerByte/GoForge/security/auth/jwt/jwt.go:408.2,409.28 2 4
github.com/PointerByte/GoForge/security/auth/jwt/jwt.go:409.28,411.3 1 2
github.com/PointerByte/GoForge/security/auth/jwt/jwt.go:412.2,412.24 1 4
github.com/PointerByte/GoForge/security/auth/jwt/jwt.go:419.61,422.23 3 5
github.com/PointerByte/GoForge/security/auth/jwt/jwt.go:422.23,424.18 2 4
github.com/PointerByte/GoForge/security/auth/jwt/jwt.go:424.18,426.18 2 4
github.com/PointerByte/GoForge/security/auth/jwt/jwt.go:426.18,428.5 1 1
github.com/PointerByte/GoForge/security/auth/jwt/jwt.go:429.4,429.26 1 3
github.com/PointerByte/GoForge/security/auth/jwt/jwt.go:433.2,435.22 3 4
github.com/PointerByte/GoForge/security/auth/jwt/jwt.go:435.22,437.18 2 3
github.com/PointerByte/GoForge/security/auth/jwt/jwt.go:437.18,439.18 2 3
github.com/PointerByte/GoForge/security/auth/jwt/jwt.go:439.18,441.5 1 0
github.com/PointerByte/GoForge/security/auth/jwt/jwt.go:442.4,442.25 1 3
github.com/PointerByte/GoForge/security/auth/jwt/jwt.go:446.2,447.28 2 4
github.com/PointerByte/GoForge/security/auth/jwt/jwt.go:447.28,449.3 1 1
github.com/PointerByte/GoForge/security/auth/jwt/jwt.go:450.2,450.24 1 4
github.com/PointerByte/GoForge/security/auth/jwt/jwt.go:454.44,456.2 1 12
github.com/PointerByte/GoForge/security/auth/jwt/jwt.go:460.82,466.2 1 5
github.com/PointerByte/GoForge/security/auth/jwt/jwt.go:469.85,475.2 1 2
github.com/PointerByte/GoForge/security/auth/jwt/jwt.go:478.86,484.2 1 3
github.com/PointerByte/GoForge/security/auth/jwt/jwt.go:488.94,490.21 2 4
github.com/PointerByte/GoForge/security/auth/jwt/jwt.go:490.21,492.3 1 1
github.com/PointerByte/GoForge/security/auth/jwt/jwt.go:493.2,493.17 1 3
github.com/PointerByte/GoForge/security/auth/jwt/jwt.go:493.17,495.3 1 1
github.com/PointerByte/GoForge/security/auth/jwt/jwt.go:496.2,496.19 1 2
github.com/PointerByte/GoForge/security/auth/jwt/jwt.go:496.19,498.3 1 1
github.com/PointerByte/GoForge/security/auth/jwt/jwt.go:499.2,503.8 1 1
github.com/PointerByte/GoForge/security/auth/jwt/jwt.go:507.43,508.38 1 14
github.com/PointerByte/GoForge/security/auth/jwt/jwt.go:508.38,509.19 1 13
github.com/PointerByte/GoForge/security/auth/jwt/jwt.go:509.19,511.4 1 2
github.com/PointerByte/GoForge/security/auth/jwt/jwt.go:513.3,514.13 2 11
github.com/PointerByte/GoForge/security/auth/jwt/jwt.go:519.81,520.38 1 7
github.com/PointerByte/GoForge/security/auth/jwt/jwt.go:520.38,521.24 1 7
github.com/PointerByte/GoForge/security/auth/jwt/jwt.go:521.24,523.4 1 1
github.com/PointerByte/GoForge/security/auth/jwt/jwt.go:524.3,524.23 1 6
github.com/PointerByte/GoForge/security/auth/jwt/jwt.go:524.23,526.4 1 1
github.com/PointerByte/GoForge/security/auth/jwt/jwt.go:528.3,529.13 2 5
github.com/PointerByte/GoForge/security/auth/jwt/jwt.go:534.84,535.38 1 4
github.com/PointerByte/GoForge/security/auth/jwt/jwt.go:535.38,536.24 1 4
github.com/PointerByte/GoForge/security/auth/jwt/jwt.go:536.24,538.4 1 1
github.com/PointerByte/GoForge/security/auth/jwt/jwt.go:539.3,539.23 1 3
github.com/PointerByte/GoForge/security/auth/jwt/jwt.go:539.23,541.4 1 1
github.com/PointerByte/GoForge/security/auth/jwt/jwt.go:543.3,544.13 2 2
github.com/PointerByte/GoForge/security/auth/jwt/jwt.go:549.85,550.38 1 4
github.com/PointerByte/GoForge/security/auth/jwt/jwt.go:550.38,551.27 1 4
github.com/PointerByte/GoForge/security/auth/jwt/jwt.go:551.27,553.4 1 1
github.com/PointerByte/GoForge/security/auth/jwt/jwt.go:554.3,554.26 1 3
github.com/PointerByte/GoForge/security/auth/jwt/jwt.go:554.26,556.4 1 0
github.com/PointerByte/GoForge/security/auth/jwt/jwt.go:558.3,559.13 2 3
github.com/PointerByte/GoForge/security/auth/jwt/jwt.go:565.84,566.38 1 4
github.com/PointerByte/GoForge/security/auth/jwt/jwt.go:566.38,568.17 2 4
github.com/PointerByte/GoForge/security/auth/jwt/jwt.go:568.17,570.4 1 3
github.com/PointerByte/GoForge/security/auth/jwt/jwt.go:571.3,572.13 2 1
github.com/PointerByte/GoForge/security/auth/jwt/jwt.go:577.45,578.38 1 1
github.com/PointerByte/GoForge/security/auth/jwt/jwt.go:578.38,579.22 1 1
github.com/PointerByte/GoForge/security/auth/jwt/jwt.go:579.22,581.4 1 1
github.com/PointerByte/GoForge/security/auth/jwt/jwt.go:582.3,583.13 2 0
github.com/PointerByte/GoForge/security/auth/jwt/jwt.go:589.48,590.38 1 6
github.com/PointerByte/GoForge/security/auth/jwt/jwt.go:590.38,591.23 1 6
github.com/PointerByte/GoForge/security/auth/jwt/jwt.go:591.23,593.4 1 1
github.com/PointerByte/GoForge/security/auth/jwt/jwt.go:594.3,595.13 2 5
github.com/PointerByte/GoForge/security/auth/jwt/jwt.go:601.55,602.38 1 1
github.com/PointerByte/GoForge/security/auth/jwt/jwt.go:602.38,603.19 1 1
github.com/PointerByte/GoForge/security/auth/jwt/jwt.go:603.19,607.4 3 0
github.com/PointerByte/GoForge/security/auth/jwt/jwt.go:608.3,610.13 3 1
github.com/PointerByte/GoForge/security/auth/jwt/jwt.go:616.60,618.2 1 22
github.com/PointerByte/GoForge/security/auth/jwt/jwt.go:621.92,622.47 1 23
github.com/PointerByte/GoForge/security/auth/jwt/jwt.go:622.47,624.3 1 1
github.com/PointerByte/GoForge/security/auth/jwt/jwt.go:625.2,632.16 4 22
github.com/PointerByte/GoForge/security/auth/jwt/jwt.go:632.16,634.3 1 0
github.com/PointerByte/GoForge/security/auth/jwt/jwt.go:636.2,637.16 2 22
github.com/PointerByte/GoForge/security/auth/jwt/jwt.go:637.16,639.3 1 1
github.com/PointerByte/GoForge/security/auth/jwt/jwt.go:641.2,646.16 5 21
github.com/PointerByte/GoForge/security/auth/jwt/jwt.go:646.16,648.3 1 1
github.com/PointerByte/GoForge/security/auth/jwt/jwt.go:649.2,649.59 1 20
github.com/PointerByte/GoForge/security/auth/jwt/jwt.go:654.63,656.2 1 20
github.com/PointerByte/GoForge/security/auth/jwt/jwt.go:660.95,665.2 4 20
github.com/PointerByte/GoForge/security/auth/jwt/jwt.go:669.67,671.2 1 3
github.com/PointerByte/GoForge/security/auth/jwt/jwt.go:675.99,678.2 2 4
github.com/PointerByte/GoForge/security/auth/jwt/jwt.go:682.125,683.24 1 16
github.com/PointerByte/GoForge/security/auth/jwt/jwt.go:683.24,685.3 1 1
github.com/PointerByte/GoForge/security/auth/jwt/jwt.go:686.2,690.16 4 15
github.com/PointerByte/GoForge/security/auth/jwt/jwt.go:690.16,692.3 1 2
github.com/PointerByte/GoForge/security/auth/jwt/jwt.go:694.2,694.72 1 13
github.com/PointerByte/GoForge/security/auth/jwt/jwt.go:694.72,696.3 1 1
github.com/PointerByte/GoForge/security/auth/jwt/jwt.go:698.2,699.42 2 12
github.com/PointerByte/GoForge/security/auth/jwt/jwt.go:699.42,700.23 1 6
github.com/PointerByte/GoForge/security/auth/jwt/jwt.go:700.23,702.4 1 1
github.com/PointerByte/GoForge/security/auth/jwt/jwt.go:703.3,703.54 1 5
github.com/PointerByte/GoForge/security/auth/jwt/jwt.go:703.54,705.4 1 1
github.com/PointerByte/GoForge/security/auth/jwt/jwt.go:707.2,707.25 1 10
github.com/PointerByte/GoForge/security/auth/jwt/jwt.go:710.93,711.47 1 35
github.com/PointerByte/GoForge/security/auth/jwt/jwt.go:711.47,713.3 1 1
github.com/PointerByte/GoForge/security/auth/jwt/jwt.go:715.2,716.21 2 34
github.com/PointerByte/GoForge/security/auth/jwt/jwt.go:716.21,718.3 1 1
github.com/PointerByte/GoForge/security/auth/jwt/jwt.go:720.2,721.16 2 33
github.com/PointerByte/GoForge/security/auth/jwt/jwt.go:721.16,723.3 1 1
github.com/PointerByte/GoForge/security/auth/jwt/jwt.go:725.2,726.61 2 32
github.com/PointerByte/GoForge/security/auth/jwt/jwt.go:726.61,728.3 1 1
github.com/PointerByte/GoForge/security/auth/jwt/jwt.go:730.2,730.54 1 31
github.com/PointerByte/GoForge/security/auth/jwt/jwt.go:730.54,732.3 1 1
github.com/PointerByte/GoForge/security/auth/jwt/jwt.go:734.2,735.16 2 30
github.com/PointerByte/GoForge/security/auth/jwt/jwt.go:735.16,737.3 1 1
github.com/PointerByte/GoForge/security/auth/jwt/jwt.go:739.2,740.16 2 29
github.com/PointerByte/GoForge/security/auth/jwt/jwt.go:740.16,742.3 1 1
github.com/PointerByte/GoForge/security/auth/jwt/jwt.go:744.2,745.92 2 28
github.com/PointerByte/GoForge/security/auth/jwt/jwt.go:745.92,747.3 1 4
github.com/PointerByte/GoForge/security/auth/jwt/jwt.go:748.2,753.8 1 24
github.com/PointerByte/GoForge/security/auth/jwt/jwt.go:756.95,757.16 1 57
github.com/PointerByte/GoForge/security/auth/jwt/jwt.go:757.16,759.3 1 0
github.com/PointerByte/GoForge/security/auth/jwt/jwt.go:760.2,760.49 1 57
github.com/PointerByte/GoForge/security/auth/jwt/jwt.go:760.49,761.22 1 54
github.com/PointerByte/GoForge/security/auth/jwt/jwt.go:761.23,761.24 0 54
github.com/PointerByte/GoForge/security/auth/jwt/jwt.go:763.2,763.57 1 3
github.com/PointerByte/GoForge/security/auth/jwt/jwt.go:766.96,767.56 1 21
github.com/PointerByte/GoForge/security/auth/jwt/jwt.go:767.56,769.3 1 21
github.com/PointerByte/GoForge/security/auth/jwt/jwt.go:770.2,770.60 1 0
github.com/PointerByte/GoForge/security/auth/jwt/jwt.go:770.60,772.3 1 0
github.com/PointerByte/GoForge/security/auth/jwt/jwt.go:775.106,776.56 1 28
github.com/PointerByte/GoForge/security/auth/jwt/jwt.go:776.56,778.3 1 28
github.com/PointerByte/GoForge/security/auth/jwt/jwt.go:779.2,779.65 1 0
github.com/PointerByte/GoForge/security/auth/jwt/jwt.go:779.65,781.3 1 0
github.com/PointerByte/GoForge/security/auth/jwt/jwt.go:782.2,782.12 1 0
github.com/PointerByte/GoForge/security/auth/jwt/jwt.go:792.90,794.16 2 0
github.com/PointerByte/GoForge/security/auth/jwt/jwt.go:794.16,796.3 1 0
github.com/PointerByte/GoForge/security/auth/jwt/jwt.go:797.2,797.34 1 0
github.com/PointerByte/GoForge/security/auth/jwt/jwt.go:797.34,799.3 1 0
github.com/PointerByte/GoForge/security/auth/jwt/jwt.go:801.2,802.12 2 0
github.com/PointerByte/GoForge/security/auth/jwt/jwt.go:802.12,805.3 2 0
github.com/PointerByte/GoForge/security/auth/jwt/jwt.go:807.2,807.9 1 0
github.com/PointerByte/GoForge/security/auth/jwt/jwt.go:808.20,809.25 1 0
github.com/PointerByte/GoForge/security/auth/jwt/jwt.go:810.24,811.34 1 0
github.com/PointerByte/GoForge/security/auth/jwt/jwt.go:815.56,817.2 1 28
github.com/PointerByte/GoForge/security/auth/jwt/jwt.go:819.79,821.2 1 1
github.com/PointerByte/GoForge/security/auth/jwt/jwt.go:823.107,824.16 1 24
github.com/PointerByte/GoForge/security/auth/jwt/jwt.go:824.16,826.3 1 0
github.com/PointerByte/GoForge/security/auth/jwt/jwt.go:827.2,827.34 1 24
github.com/PointerByte/GoForge/security/auth/jwt/jwt.go:827.34,829.3 1 3
github.com/PointerByte/GoForge/security/auth/jwt/jwt.go:830.2,830.31 1 21
github.com/PointerByte/GoForge/security/auth/jwt/jwt.go:830.31,832.3 1 1
github.com/PointerByte/GoForge/security/auth/jwt/jwt.go:834.2,835.51 2 20
github.com/PointerByte/GoForge/security/auth/jwt/jwt.go:835.51,837.3 1 0
github.com/PointerByte/GoForge/security/auth/jwt/jwt.go:838.2,838.26 1 20
github.com/PointerByte/GoForge/security/auth/jwt/jwt.go:841.89,843.2 1 0
github.com/PointerByte/GoForge/security/auth/jwt/jwt.go:845.117,847.16 2 13
github.com/PointerByte/GoForge/security/auth/jwt/jwt.go:847.16,849.3 1 2
github.com/PointerByte/GoForge/security/auth/jwt/jwt.go:851.2,851.47 1 11
github.com/PointerByte/GoForge/security/auth/jwt/jwt.go:851.47,853.3 1 1
github.com/PointerByte/GoForge/security/auth/jwt/jwt.go:854.2,854.12 1 10
github.com/PointerByte/GoForge/security/auth/jwt/jwt.go:857.55,859.2 1 11
github.com/PointerByte/GoForge/security/auth/jwt/jwt.go:861.78,863.2 1 1
github.com/PointerByte/GoForge/security/auth/jwt/jwt.go:865.106,866.32 1 6
github.com/PointerByte/GoForge/security/auth/jwt/jwt.go:866.32,868.3 1 1
github.com/PointerByte/GoForge/security/auth/jwt/jwt.go:869.2,870.16 2 5
github.com/PointerByte/GoForge/security/auth/jwt/jwt.go:870.16,872.3 1 0
github.com/PointerByte/GoForge/security/auth/jwt/jwt.go:873.2,873.54 1 5
github.com/PointerByte/GoForge/security/auth/jwt/jwt.go:876.88,878.2 1 1
github.com/PointerByte/GoForge/security/auth/jwt/jwt.go:880.116,881.31 1 7
github.com/PointerByte/GoForge/security/auth/jwt/jwt.go:881.31,883.3 1 1
github.com/PointerByte/GoForge/security/auth/jwt/jwt.go:884.2,884.187 1 6
github.com/PointerByte/GoForge/security/auth/jwt/jwt.go:884.187,886.3 1 0
github.com/PointerByte/GoForge/security/auth/jwt/jwt.go:887.2,887.12 1 6
github.com/PointerByte/GoForge/security/auth/jwt/jwt.go:890.58,892.2 1 5
github.com/PointerByte/GoForge/security/auth/jwt/jwt.go:894.81,896.2 1 1
github.com/PointerByte/GoForge/security/auth/jwt/jwt.go:898.109,899.32 1 3
github.com/PointerByte/GoForge/security/auth/jwt/jwt.go:899.32,901.3 1 1
github.com/PointerByte/GoForge/security/auth/jwt/jwt.go:903.2,904.16 2 2
github.com/PointerByte/GoForge/security/auth/jwt/jwt.go:904.16,906.3 1 0
github.com/PointerByte/GoForge/security/auth/jwt/jwt.go:907.2,907.54 1 2
github.com/PointerByte/GoForge/security/auth/jwt/jwt.go:910.91,912.2 1 1
github.com/PointerByte/GoForge/security/auth/jwt/jwt.go:914.119,915.31 1 4
github.com/PointerByte/GoForge/security/auth/jwt/jwt.go:915.31,917.3 1 1
github.com/PointerByte/GoForge/security/auth/jwt/jwt.go:919.2,919.173 1 3
github.com/PointerByte/GoForge/security/auth/jwt/jwt.go:919.173,921.3 1 0
github.com/PointerByte/GoForge/security/auth/jwt/jwt.go:922.2,922.12 1 3
github.com/PointerByte/GoForge/security/auth/jwt/jwt.go:925.53,927.2 1 7
github.com/PointerByte/GoForge/security/auth/jwt/jwt.go:929.76,931.2 1 1
github.com/PointerByte/GoForge/security/auth/jwt/jwt.go:933.104,934.35 1 4
github.com/PointerByte/GoForge/security/auth/jwt/jwt.go:934.35,936.3 1 1
github.com/PointerByte/GoForge/security/auth/jwt/jwt.go:938.2,939.16 2 3
github.com/PointerByte/GoForge/security/auth/jwt/jwt.go:939.16,941.3 1 0
github.com/PointerByte/GoForge/security/auth/jwt/jwt.go:942.2,942.54 1 3
github.com/PointerByte/GoForge/security/auth/jwt/jwt.go:945.86,947.2 1 1
github.com/PointerByte/GoForge/security/auth/jwt/jwt.go:949.114,950.34 1 5
github.com/PointerByte/GoForge/security/auth/jwt/jwt.go:950.34,952.3 1 1
github.com/PointerByte/GoForge/security/auth/jwt/jwt.go:954.2,954.178 1 4
github.com/PointerByte/GoForge/security/auth/jwt/jwt.go:954.178,956.3 1 0
github.com/PointerByte/GoForge/security/auth/jwt/jwt.go:957.2,957.12 1 4
github.com/PointerByte/GoForge/security/auth/jwt/jwt.go:960.52,962.2 1 3
github.com/PointerByte/GoForge/security/auth/jwt/jwt.go:964.75,966.2 1 0
github.com/PointerByte/GoForge/security/auth/jwt/jwt.go:968.103,969.26 1 1
github.com/PointerByte/GoForge/security/auth/jwt/jwt.go:969.26,971.3 1 0
github.com/PointerByte/GoForge/security/auth/jwt/jwt.go:972.2,972.41 1 1
github.com/PointerByte/GoForge/security/auth/jwt/jwt.go:975.85,977.2 1 0
github.com/PointerByte/GoForge/security/auth/jwt/jwt.go:979.113,980.28 1 2
github.com/PointerByte/GoForge/security/auth/jwt/jwt.go:980.28,982.3 1 0
github.com/PointerByte/GoForge/security/auth/jwt/jwt.go:983.2,983.54 1 2
github.com/PointerByte/GoForge/security/auth/jwt/jwt.go:986.38,987.82 1 0
github.com/PointerByte/GoForge/security/auth/jwt/jwt.go:987.82,989.3 1 0
github.com/PointerByte/GoForge/security/auth/jwt/jwt.go:990.2,990.28 1 0
github.com/PointerByte/GoForge/security/auth/jwt/jwt.go:993.41,995.2 1 77
github.com/PointerByte/GoForge/security/auth/jwt/jwt.go:997.50,999.2 1 94
github.com/PointerByte/GoForge/security/auth/jwt/jwt.go:1001.74,1002.30 1 5
github.com/PointerByte/GoForge/security/auth/jwt/jwt.go:1002.30,1004.3 1 1
github.com/PointerByte/GoForge/security/auth/jwt/jwt.go:1005.2,1005.54 1 4
github.com/PointerByte/GoForge/security/auth/jwt/jwt.go:1008.72,1009.30 1 4
github.com/PointerByte/GoForge/security/auth/jwt/jwt.go:1009.30,1011.3 1 1
github.com/PointerByte/GoForge/security/auth/jwt/jwt.go:1012.2,1012.53 1 3
github.com/PointerByte/GoForge/security/auth/jwt/jwt.go:1015.81,1016.30 1 2
github.com/PointerByte/GoForge/security/auth/jwt/jwt.go:1016.30,1018.3 1 0
github.com/PointerByte/GoForge/security/auth/jwt/jwt.go:1019.2,1019.58 1 2
github.com/PointerByte/GoForge/security/auth/jwt/jwt.go:1022.79,1023.30 1 2
github.com/PointerByte/GoForge/security/auth/jwt/jwt.go:1023.30,1025.3 1 0
github.com/PointerByte/GoForge/security/auth/jwt/jwt.go:1026.2,1026.57 1 2
github.com/PointerByte/GoForge/security/auth/jwt/jwt.go:1029.43,1031.17 2 13
github.com/PointerByte/GoForge/security/auth/jwt/jwt.go:1031.17,1033.3 1 0
github.com/PointerByte/GoForge/security/auth/jwt/jwt.go:1034.2,1035.43 2 13
github.com/PointerByte/GoForge/security/auth/jwt/jwt.go:1035.43,1037.3 1 2
github.com/PointerByte/GoForge/security/auth/jwt/jwt.go:1038.2,1038.42 1 11
github.com/PointerByte/GoForge/security/auth/jwt/jwt.go:1038.42,1040.3 1 0
github.com/PointerByte/GoForge/security/auth/jwt/jwt.go:1041.2,1041.14 1 11
github.com/PointerByte/GoForge/security/auth/jwt/jwt.go:1044.60,1045.17 1 26
github.com/PointerByte/GoForge/security/auth/jwt/jwt.go:1045.17,1047.3 1 16
github.com/PointerByte/GoForge/security/auth/jwt/jwt.go:1048.2,1048.17 1 10
github.com/PointerByte/GoForge/security/auth/jwt/jwt.go:1051.64,1052.18 1 19
github.com/PointerByte/GoForge/security/auth/jwt/jwt.go:1052.18,1054.3 1 19
github.com/PointerByte/GoForge/security/auth/jwt/jwt.go:1055.2,1055.42 1 0
github.com/PointerByte/GoForge/security/auth/jwt/jwt.go:1058.50,1059.22 1 8
github.com/PointerByte/GoForge/security/auth/jwt/jwt.go:1059.22,1062.3 2 4
github.com/PointerByte/GoForge/security/auth/jwt/jwt.go:1063.2,1063.30 1 4
github.com/PointerByte/GoForge/security/auth/jwt/jwt.go:1066.66,1068.16 2 7
github.com/PointerByte/GoForge/security/auth/jwt/jwt.go:1068.16,1069.13 1 0
github.com/PointerByte/GoForge/security/auth/jwt/jwt.go:1071.2,1071.47 1 7
github.com/PointerByte/GoForge/security/auth/jwt/jwt.go:1074.63,1076.16 2 9
github.com/PointerByte/GoForge/security/auth/jwt/jwt.go:1076.16,1077.13 1 0
github.com/PointerByte/GoForge/security/auth/jwt/jwt.go:1079.2,1079.47 1 9
github.com/PointerByte/GoForge/security/auth/jwt/jwt.go:1082.73,1084.16 2 3
github.com/PointerByte/GoForge/security/auth/jwt/jwt.go:1084.16,1085.13 1 0
github.com/PointerByte/GoForge/security/auth/jwt/jwt.go:1087.2,1087.47 1 3
github.com/PointerByte/GoForge/security/auth/jwt/jwt.go:1090.70,1092.16 2 4
github.com/PointerByte/GoForge/security/auth/jwt/jwt.go:1092.16,1093.13 1 0
github.com/PointerByte/GoForge/security/auth/jwt/jwt.go:1095.2,1095.47 1 4
github.com/PointerByte/GoForge/security/main.go:89.47,91.3 1 0
github.com/PointerByte/GoForge/security/main.go:95.13,96.33 1 1
github.com/PointerByte/GoForge/security/main.go:96.33,98.3 1 1
github.com/PointerByte/GoForge/security/main.go:101.21,104.50 2 3
github.com/PointerByte/GoForge/security/main.go:104.50,106.3 1 0
github.com/PointerByte/GoForge/security/main.go:108.2,108.47 1 3
github.com/PointerByte/GoForge/security/main.go:108.47,110.3 1 0
github.com/PointerByte/GoForge/security/main.go:112.2,113.44 2 3
github.com/PointerByte/GoForge/security/main.go:113.44,115.3 1 2
github.com/PointerByte/GoForge/security/main.go:116.2,116.12 1 1
github.com/PointerByte/GoForge/security/main.go:119.38,120.42 1 10
github.com/PointerByte/GoForge/security/main.go:120.42,122.3 1 9
github.com/PointerByte/GoForge/security/main.go:123.2,124.12 2 1
github.com/PointerByte/GoForge/security/main.go:127.35,128.87 1 10
github.com/PointerByte/GoForge/security/main.go:128.87,130.3 1 9
github.com/PointerByte/GoForge/security/main.go:132.2,133.16 2 1
github.com/PointerByte/GoForge/security/main.go:133.16,135.3 1 0
github.com/PointerByte/GoForge/security/main.go:137.2,138.16 2 1
github.com/PointerByte/GoForge/security/main.go:138.16,140.3 1 0
github.com/PointerByte/GoForge/security/main.go:142.2,143.16 2 1
github.com/PointerByte/GoForge/security/main.go:143.16,145.3 1 0
github.com/PointerByte/GoForge/security/main.go:147.2,149.12 3 1
github.com/PointerByte/GoForge/security/main.go:152.23,155.2 2 19
github.com/PointerByte/GoForge/security/main.go:157.30,168.2 8 9
github.com/PointerByte/GoForge/security/main.go:170.55,180.47 5 27
github.com/PointerByte/GoForge/security/main.go:180.47,180.74 1 5
github.com/PointerByte/GoForge/security/main.go:183.2,184.52 2 27
github.com/PointerByte/GoForge/security/main.go:187.78,192.16 5 27
github.com/PointerByte/GoForge/security/main.go:192.16,193.68 1 0
github.com/PointerByte/GoForge/security/main.go:196.2,196.44 1 27
github.com/PointerByte/GoForge/security/main.go:196.44,198.3 1 9
github.com/PointerByte/GoForge/security/main.go:199.2,199.47 1 18
github.com/PointerByte/GoForge/security/main.go:199.47,201.3 1 9
github.com/PointerByte/GoForge/security/main.go:202.2,202.32 1 9
github.com/PointerByte/GoForge/security/main.go:205.73,207.44 2 54
github.com/PointerByte/GoForge/security/main.go:207.44,211.3 1 18
github.com/PointerByte/GoForge/security/main.go:212.2,212.47 1 36
github.com/PointerByte/GoForge/security/main.go:212.47,216.3 1 18
github.com/PointerByte/GoForge/security/main.go:217.2,219.3 1 18
github.com/PointerByte/GoForge/security/main.go:222.119,223.62 1 54
github.com/PointerByte/GoForge/security/main.go:223.62,225.3 1 18
github.com/PointerByte/GoForge/security/main.go:226.2,226.40 1 36
github.com/PointerByte/GoForge/security/main.go:229.93,233.29 2 18
github.com/PointerByte/GoForge/security/main.go:233.29,235.3 1 9
github.com/PointerByte/GoForge/security/main.go:236.2,236.35 1 18
github.com/PointerByte/GoForge/security/main.go:239.78,240.34 1 2
github.com/PointerByte/GoForge/security/main.go:240.34,242.3 1 0
github.com/PointerByte/GoForge/security/main.go:243.2,244.51 2 2
github.com/PointerByte/GoForge/security/main.go:244.51,246.3 1 0
github.com/PointerByte/GoForge/security/main.go:247.2,247.26 1 2
github.com/PointerByte/GoForge/security/main.go:250.88,252.16 2 1
github.com/PointerByte/GoForge/security/main.go:252.16,254.3 1 0
github.com/PointerByte/GoForge/security/main.go:255.2,255.47 1 1
github.com/PointerByte/GoForge/security/main.go:255.47,257.3 1 0
github.com/PointerByte/GoForge/security/main.go:258.2,258.12 1 1
github.com/PointerByte/GoForge/security/main.go:261.56,262.30 1 37
github.com/PointerByte/GoForge/security/main.go:262.30,264.24 2 5
github.com/PointerByte/GoForge/security/main.go:264.24,266.4 1 4
github.com/PointerByte/GoForge/security/main.go:267.3,267.34 1 5
github.com/PointerByte/GoForge/security/main.go:271.67,272.30 1 29
github.com/PointerByte/GoForge/security/main.go:272.30,274.52 2 7
github.com/PointerByte/GoForge/security/main.go:274.52,279.4 2 1
github.com/PointerByte/GoForge/security/main.go:281.3,285.17 2 6
github.com/PointerByte/GoForge/security/main.go:285.17,290.4 2 1
github.com/PointerByte/GoForge/security/main.go:291.3,293.5 1 5
github.com/PointerByte/GoForge/security/main.go:297.52,298.30 1 28
github.com/PointerByte/GoForge/security/main.go:298.30,300.10 2 4
github.com/PointerByte/GoForge/security/main.go:300.10,302.4 1 1
github.com/PointerByte/GoForge/security/main.go:303.3,307.5 1 3
github.com/PointerByte/GoForge/security/main.go:311.55,312.30 1 28
github.com/PointerByte/GoForge/security/main.go:312.30,314.10 2 2
github.com/PointerByte/GoForge/security/main.go:314.10,316.4 1 0
github.com/PointerByte/GoForge/security/main.go:318.3,318.29 1 2
github.com/PointerByte/GoForge/security/main.go:318.29,323.4 2 1
github.com/PointerByte/GoForge/security/main.go:324.3,327.5 1 1
github.com/PointerByte/GoForge/security/main.go:331.63,334.9 3 6
github.com/PointerByte/GoForge/security/main.go:334.9,339.3 2 1
github.com/PointerByte/GoForge/security/main.go:340.2,340.21 1 5
github.com/PointerByte/GoForge/security/main.go:343.79,345.62 2 7
github.com/PointerByte/GoForge/security/main.go:345.62,347.3 1 1
github.com/PointerByte/GoForge/security/main.go:350.2,350.37 1 6
github.com/PointerByte/GoForge/security/main.go:350.37,352.3 1 2
github.com/PointerByte/GoForge/security/main.go:353.2,353.12 1 4
