mode: atomic
github.com/PointerByte/QuicksGo/encrypt/repository.go:15.51,22.2 1 1
github.com/PointerByte/QuicksGo/encrypt/aws-kms/repository.go:32.62,34.3 1 0
github.com/PointerByte/QuicksGo/encrypt/aws-kms/repository.go:67.51,69.2 1 5
github.com/PointerByte/QuicksGo/encrypt/aws-kms/repository.go:71.41,73.2 1 4
github.com/PointerByte/QuicksGo/encrypt/aws-kms/repository.go:75.53,79.2 1 6
github.com/PointerByte/QuicksGo/encrypt/aws-kms/repository.go:81.51,85.2 1 6
github.com/PointerByte/QuicksGo/encrypt/aws-kms/repository.go:87.34,94.2 1 3
github.com/PointerByte/QuicksGo/encrypt/aws-kms/repository.go:96.136,98.16 2 6
github.com/PointerByte/QuicksGo/encrypt/aws-kms/repository.go:98.16,100.3 1 1
github.com/PointerByte/QuicksGo/encrypt/aws-kms/repository.go:102.2,103.16 2 5
github.com/PointerByte/QuicksGo/encrypt/aws-kms/repository.go:103.16,105.3 1 1
github.com/PointerByte/QuicksGo/encrypt/aws-kms/repository.go:107.2,112.16 2 4
github.com/PointerByte/QuicksGo/encrypt/aws-kms/repository.go:112.16,114.3 1 1
github.com/PointerByte/QuicksGo/encrypt/aws-kms/repository.go:115.2,115.99 1 3
github.com/PointerByte/QuicksGo/encrypt/aws-kms/repository.go:115.99,117.3 1 1
github.com/PointerByte/QuicksGo/encrypt/aws-kms/repository.go:119.2,126.8 3 2
github.com/PointerByte/QuicksGo/encrypt/aws-kms/repository.go:129.133,130.40 1 3
github.com/PointerByte/QuicksGo/encrypt/aws-kms/repository.go:130.40,132.3 1 1
github.com/PointerByte/QuicksGo/encrypt/aws-kms/repository.go:134.2,135.16 2 2
github.com/PointerByte/QuicksGo/encrypt/aws-kms/repository.go:135.16,137.3 1 0
github.com/PointerByte/QuicksGo/encrypt/aws-kms/repository.go:139.2,140.16 2 2
github.com/PointerByte/QuicksGo/encrypt/aws-kms/repository.go:140.16,142.3 1 0
github.com/PointerByte/QuicksGo/encrypt/aws-kms/repository.go:144.2,148.23 2 2
github.com/PointerByte/QuicksGo/encrypt/aws-kms/repository.go:148.23,150.3 1 1
github.com/PointerByte/QuicksGo/encrypt/aws-kms/repository.go:152.2,153.16 2 2
github.com/PointerByte/QuicksGo/encrypt/aws-kms/repository.go:153.16,155.3 1 1
github.com/PointerByte/QuicksGo/encrypt/aws-kms/repository.go:156.2,156.70 1 1
github.com/PointerByte/QuicksGo/encrypt/aws-kms/repository.go:159.139,160.40 1 3
github.com/PointerByte/QuicksGo/encrypt/aws-kms/repository.go:160.40,162.3 1 0
github.com/PointerByte/QuicksGo/encrypt/aws-kms/repository.go:164.2,165.16 2 3
github.com/PointerByte/QuicksGo/encrypt/aws-kms/repository.go:165.16,167.3 1 0
github.com/PointerByte/QuicksGo/encrypt/aws-kms/repository.go:169.2,170.16 2 3
github.com/PointerByte/QuicksGo/encrypt/aws-kms/repository.go:170.16,172.3 1 0
github.com/PointerByte/QuicksGo/encrypt/aws-kms/repository.go:174.2,175.16 2 3
github.com/PointerByte/QuicksGo/encrypt/aws-kms/repository.go:175.16,177.3 1 1
github.com/PointerByte/QuicksGo/encrypt/aws-kms/repository.go:179.2,183.23 2 2
github.com/PointerByte/QuicksGo/encrypt/aws-kms/repository.go:183.23,185.3 1 2
github.com/PointerByte/QuicksGo/encrypt/aws-kms/repository.go:187.2,188.16 2 2
github.com/PointerByte/QuicksGo/encrypt/aws-kms/repository.go:188.16,190.3 1 1
github.com/PointerByte/QuicksGo/encrypt/aws-kms/repository.go:191.2,191.38 1 1
github.com/PointerByte/QuicksGo/encrypt/aws-kms/repository.go:194.95,195.45 1 2
github.com/PointerByte/QuicksGo/encrypt/aws-kms/repository.go:195.45,197.3 1 0
github.com/PointerByte/QuicksGo/encrypt/aws-kms/repository.go:199.2,200.16 2 2
github.com/PointerByte/QuicksGo/encrypt/aws-kms/repository.go:200.16,202.3 1 0
github.com/PointerByte/QuicksGo/encrypt/aws-kms/repository.go:204.2,205.16 2 2
github.com/PointerByte/QuicksGo/encrypt/aws-kms/repository.go:205.16,207.3 1 0
github.com/PointerByte/QuicksGo/encrypt/aws-kms/repository.go:209.2,214.16 2 2
github.com/PointerByte/QuicksGo/encrypt/aws-kms/repository.go:214.16,216.3 1 1
github.com/PointerByte/QuicksGo/encrypt/aws-kms/repository.go:217.2,217.54 1 1
github.com/PointerByte/QuicksGo/encrypt/aws-kms/repository.go:220.89,222.2 1 1
github.com/PointerByte/QuicksGo/encrypt/aws-kms/repository.go:224.86,226.2 1 1
github.com/PointerByte/QuicksGo/encrypt/aws-kms/repository.go:228.133,230.16 2 6
github.com/PointerByte/QuicksGo/encrypt/aws-kms/repository.go:230.16,232.3 1 1
github.com/PointerByte/QuicksGo/encrypt/aws-kms/repository.go:234.2,235.16 2 5
github.com/PointerByte/QuicksGo/encrypt/aws-kms/repository.go:235.16,237.3 1 1
github.com/PointerByte/QuicksGo/encrypt/aws-kms/repository.go:239.2,243.16 2 4
github.com/PointerByte/QuicksGo/encrypt/aws-kms/repository.go:243.16,245.3 1 1
github.com/PointerByte/QuicksGo/encrypt/aws-kms/repository.go:246.2,246.99 1 3
github.com/PointerByte/QuicksGo/encrypt/aws-kms/repository.go:246.99,248.3 1 1
github.com/PointerByte/QuicksGo/encrypt/aws-kms/repository.go:250.2,253.16 2 2
github.com/PointerByte/QuicksGo/encrypt/aws-kms/repository.go:253.16,255.3 1 1
github.com/PointerByte/QuicksGo/encrypt/aws-kms/repository.go:257.2,265.8 4 1
github.com/PointerByte/QuicksGo/encrypt/aws-kms/repository.go:268.136,270.16 2 3
github.com/PointerByte/QuicksGo/encrypt/aws-kms/repository.go:270.16,272.3 1 1
github.com/PointerByte/QuicksGo/encrypt/aws-kms/repository.go:274.2,275.16 2 2
github.com/PointerByte/QuicksGo/encrypt/aws-kms/repository.go:275.16,277.3 1 1
github.com/PointerByte/QuicksGo/encrypt/aws-kms/repository.go:279.2,284.16 2 1
github.com/PointerByte/QuicksGo/encrypt/aws-kms/repository.go:284.16,286.3 1 0
github.com/PointerByte/QuicksGo/encrypt/aws-kms/repository.go:287.2,287.99 1 1
github.com/PointerByte/QuicksGo/encrypt/aws-kms/repository.go:287.99,289.3 1 0
github.com/PointerByte/QuicksGo/encrypt/aws-kms/repository.go:291.2,292.16 2 1
github.com/PointerByte/QuicksGo/encrypt/aws-kms/repository.go:292.16,294.3 1 0
github.com/PointerByte/QuicksGo/encrypt/aws-kms/repository.go:296.2,301.8 1 1
github.com/PointerByte/QuicksGo/encrypt/aws-kms/repository.go:304.118,305.76 1 6
github.com/PointerByte/QuicksGo/encrypt/aws-kms/repository.go:305.76,307.3 1 2
github.com/PointerByte/QuicksGo/encrypt/aws-kms/repository.go:309.2,310.16 2 4
github.com/PointerByte/QuicksGo/encrypt/aws-kms/repository.go:310.16,312.3 1 1
github.com/PointerByte/QuicksGo/encrypt/aws-kms/repository.go:314.2,315.16 2 3
github.com/PointerByte/QuicksGo/encrypt/aws-kms/repository.go:315.16,317.3 1 1
github.com/PointerByte/QuicksGo/encrypt/aws-kms/repository.go:319.2,324.16 2 2
github.com/PointerByte/QuicksGo/encrypt/aws-kms/repository.go:324.16,326.3 1 1
github.com/PointerByte/QuicksGo/encrypt/aws-kms/repository.go:327.2,327.70 1 1
github.com/PointerByte/QuicksGo/encrypt/aws-kms/repository.go:330.125,331.78 1 5
github.com/PointerByte/QuicksGo/encrypt/aws-kms/repository.go:331.78,333.3 1 1
github.com/PointerByte/QuicksGo/encrypt/aws-kms/repository.go:335.2,336.16 2 4
github.com/PointerByte/QuicksGo/encrypt/aws-kms/repository.go:336.16,338.3 1 1
github.com/PointerByte/QuicksGo/encrypt/aws-kms/repository.go:340.2,341.16 2 3
github.com/PointerByte/QuicksGo/encrypt/aws-kms/repository.go:341.16,343.3 1 0
github.com/PointerByte/QuicksGo/encrypt/aws-kms/repository.go:345.2,346.16 2 3
github.com/PointerByte/QuicksGo/encrypt/aws-kms/repository.go:346.16,348.3 1 1
github.com/PointerByte/QuicksGo/encrypt/aws-kms/repository.go:350.2,355.16 2 2
github.com/PointerByte/QuicksGo/encrypt/aws-kms/repository.go:355.16,357.3 1 1
github.com/PointerByte/QuicksGo/encrypt/aws-kms/repository.go:358.2,358.38 1 1
github.com/PointerByte/QuicksGo/encrypt/aws-kms/repository.go:361.113,362.77 1 4
github.com/PointerByte/QuicksGo/encrypt/aws-kms/repository.go:362.77,364.3 1 1
github.com/PointerByte/QuicksGo/encrypt/aws-kms/repository.go:366.2,367.16 2 3
github.com/PointerByte/QuicksGo/encrypt/aws-kms/repository.go:367.16,369.3 1 1
github.com/PointerByte/QuicksGo/encrypt/aws-kms/repository.go:371.2,372.16 2 2
github.com/PointerByte/QuicksGo/encrypt/aws-kms/repository.go:372.16,374.3 1 0
github.com/PointerByte/QuicksGo/encrypt/aws-kms/repository.go:376.2,377.16 2 2
github.com/PointerByte/QuicksGo/encrypt/aws-kms/repository.go:377.16,379.3 1 1
github.com/PointerByte/QuicksGo/encrypt/aws-kms/repository.go:381.2,381.109 1 1
github.com/PointerByte/QuicksGo/encrypt/aws-kms/repository.go:384.120,385.79 1 5
github.com/PointerByte/QuicksGo/encrypt/aws-kms/repository.go:385.79,387.3 1 1
github.com/PointerByte/QuicksGo/encrypt/aws-kms/repository.go:389.2,390.16 2 4
github.com/PointerByte/QuicksGo/encrypt/aws-kms/repository.go:390.16,392.3 1 1
github.com/PointerByte/QuicksGo/encrypt/aws-kms/repository.go:394.2,395.16 2 3
github.com/PointerByte/QuicksGo/encrypt/aws-kms/repository.go:395.16,397.3 1 0
github.com/PointerByte/QuicksGo/encrypt/aws-kms/repository.go:399.2,400.16 2 3
github.com/PointerByte/QuicksGo/encrypt/aws-kms/repository.go:400.16,402.3 1 2
github.com/PointerByte/QuicksGo/encrypt/aws-kms/repository.go:404.2,405.16 2 1
github.com/PointerByte/QuicksGo/encrypt/aws-kms/repository.go:405.16,407.3 1 0
github.com/PointerByte/QuicksGo/encrypt/aws-kms/repository.go:409.2,414.16 2 1
github.com/PointerByte/QuicksGo/encrypt/aws-kms/repository.go:414.16,416.3 1 0
github.com/PointerByte/QuicksGo/encrypt/aws-kms/repository.go:418.2,419.16 2 1
github.com/PointerByte/QuicksGo/encrypt/aws-kms/repository.go:419.16,421.3 1 0
github.com/PointerByte/QuicksGo/encrypt/aws-kms/repository.go:423.2,423.138 1 1
github.com/PointerByte/QuicksGo/encrypt/aws-kms/repository.go:426.104,428.16 2 2
github.com/PointerByte/QuicksGo/encrypt/aws-kms/repository.go:428.16,430.3 1 0
github.com/PointerByte/QuicksGo/encrypt/aws-kms/repository.go:432.2,437.16 2 2
github.com/PointerByte/QuicksGo/encrypt/aws-kms/repository.go:437.16,439.3 1 1
github.com/PointerByte/QuicksGo/encrypt/aws-kms/repository.go:440.2,440.99 1 1
github.com/PointerByte/QuicksGo/encrypt/aws-kms/repository.go:440.99,442.3 1 0
github.com/PointerByte/QuicksGo/encrypt/aws-kms/repository.go:444.2,447.16 2 1
github.com/PointerByte/QuicksGo/encrypt/aws-kms/repository.go:447.16,449.3 1 0
github.com/PointerByte/QuicksGo/encrypt/aws-kms/repository.go:451.2,459.8 4 1
github.com/PointerByte/QuicksGo/encrypt/aws-kms/repository.go:462.114,463.82 1 5
github.com/PointerByte/QuicksGo/encrypt/aws-kms/repository.go:463.82,465.3 1 1
github.com/PointerByte/QuicksGo/encrypt/aws-kms/repository.go:467.2,468.16 2 4
github.com/PointerByte/QuicksGo/encrypt/aws-kms/repository.go:468.16,470.3 1 1
github.com/PointerByte/QuicksGo/encrypt/aws-kms/repository.go:472.2,473.16 2 3
github.com/PointerByte/QuicksGo/encrypt/aws-kms/repository.go:473.16,475.3 1 0
github.com/PointerByte/QuicksGo/encrypt/aws-kms/repository.go:477.2,483.16 2 3
github.com/PointerByte/QuicksGo/encrypt/aws-kms/repository.go:483.16,485.3 1 2
github.com/PointerByte/QuicksGo/encrypt/aws-kms/repository.go:486.2,486.65 1 1
github.com/PointerByte/QuicksGo/encrypt/aws-kms/repository.go:489.116,490.80 1 6
github.com/PointerByte/QuicksGo/encrypt/aws-kms/repository.go:490.80,492.3 1 1
github.com/PointerByte/QuicksGo/encrypt/aws-kms/repository.go:494.2,495.16 2 5
github.com/PointerByte/QuicksGo/encrypt/aws-kms/repository.go:495.16,497.3 1 1
github.com/PointerByte/QuicksGo/encrypt/aws-kms/repository.go:499.2,500.16 2 4
github.com/PointerByte/QuicksGo/encrypt/aws-kms/repository.go:500.16,502.3 1 0
github.com/PointerByte/QuicksGo/encrypt/aws-kms/repository.go:504.2,505.16 2 4
github.com/PointerByte/QuicksGo/encrypt/aws-kms/repository.go:505.16,507.3 1 2
github.com/PointerByte/QuicksGo/encrypt/aws-kms/repository.go:509.2,516.16 2 2
github.com/PointerByte/QuicksGo/encrypt/aws-kms/repository.go:516.16,518.3 1 0
github.com/PointerByte/QuicksGo/encrypt/aws-kms/repository.go:519.2,519.28 1 2
github.com/PointerByte/QuicksGo/encrypt/aws-kms/repository.go:519.28,521.3 1 1
github.com/PointerByte/QuicksGo/encrypt/aws-kms/repository.go:522.2,522.12 1 1
github.com/PointerByte/QuicksGo/encrypt/aws-kms/repository.go:525.113,526.78 1 4
github.com/PointerByte/QuicksGo/encrypt/aws-kms/repository.go:526.78,528.3 1 1
github.com/PointerByte/QuicksGo/encrypt/aws-kms/repository.go:530.2,531.16 2 3
github.com/PointerByte/QuicksGo/encrypt/aws-kms/repository.go:531.16,533.3 1 1
github.com/PointerByte/QuicksGo/encrypt/aws-kms/repository.go:535.2,536.16 2 2
github.com/PointerByte/QuicksGo/encrypt/aws-kms/repository.go:536.16,538.3 1 0
github.com/PointerByte/QuicksGo/encrypt/aws-kms/repository.go:540.2,546.16 2 2
github.com/PointerByte/QuicksGo/encrypt/aws-kms/repository.go:546.16,548.3 1 1
github.com/PointerByte/QuicksGo/encrypt/aws-kms/repository.go:549.2,549.65 1 1
github.com/PointerByte/QuicksGo/encrypt/aws-kms/repository.go:552.115,553.76 1 5
github.com/PointerByte/QuicksGo/encrypt/aws-kms/repository.go:553.76,555.3 1 1
github.com/PointerByte/QuicksGo/encrypt/aws-kms/repository.go:557.2,558.16 2 4
github.com/PointerByte/QuicksGo/encrypt/aws-kms/repository.go:558.16,560.3 1 1
github.com/PointerByte/QuicksGo/encrypt/aws-kms/repository.go:562.2,563.16 2 3
github.com/PointerByte/QuicksGo/encrypt/aws-kms/repository.go:563.16,565.3 1 0
github.com/PointerByte/QuicksGo/encrypt/aws-kms/repository.go:567.2,568.16 2 3
github.com/PointerByte/QuicksGo/encrypt/aws-kms/repository.go:568.16,570.3 1 1
github.com/PointerByte/QuicksGo/encrypt/aws-kms/repository.go:572.2,579.16 2 2
github.com/PointerByte/QuicksGo/encrypt/aws-kms/repository.go:579.16,581.3 1 0
github.com/PointerByte/QuicksGo/encrypt/aws-kms/repository.go:582.2,582.28 1 2
github.com/PointerByte/QuicksGo/encrypt/aws-kms/repository.go:582.28,584.3 1 1
github.com/PointerByte/QuicksGo/encrypt/aws-kms/repository.go:585.2,585.12 1 1
github.com/PointerByte/QuicksGo/encrypt/aws-kms/repository.go:588.127,589.66 1 4
github.com/PointerByte/QuicksGo/encrypt/aws-kms/repository.go:589.66,591.3 1 1
github.com/PointerByte/QuicksGo/encrypt/aws-kms/repository.go:593.2,594.16 2 3
github.com/PointerByte/QuicksGo/encrypt/aws-kms/repository.go:594.16,596.3 1 1
github.com/PointerByte/QuicksGo/encrypt/aws-kms/repository.go:598.2,599.16 2 2
github.com/PointerByte/QuicksGo/encrypt/aws-kms/repository.go:599.16,601.3 1 0
github.com/PointerByte/QuicksGo/encrypt/aws-kms/repository.go:603.2,609.16 2 2
github.com/PointerByte/QuicksGo/encrypt/aws-kms/repository.go:609.16,611.3 1 1
github.com/PointerByte/QuicksGo/encrypt/aws-kms/repository.go:612.2,612.65 1 1
github.com/PointerByte/QuicksGo/encrypt/aws-kms/repository.go:615.136,616.64 1 5
github.com/PointerByte/QuicksGo/encrypt/aws-kms/repository.go:616.64,618.3 1 1
github.com/PointerByte/QuicksGo/encrypt/aws-kms/repository.go:620.2,621.16 2 4
github.com/PointerByte/QuicksGo/encrypt/aws-kms/repository.go:621.16,623.3 1 1
github.com/PointerByte/QuicksGo/encrypt/aws-kms/repository.go:625.2,626.16 2 3
github.com/PointerByte/QuicksGo/encrypt/aws-kms/repository.go:626.16,628.3 1 0
github.com/PointerByte/QuicksGo/encrypt/aws-kms/repository.go:630.2,631.16 2 3
github.com/PointerByte/QuicksGo/encrypt/aws-kms/repository.go:631.16,633.3 1 1
github.com/PointerByte/QuicksGo/encrypt/aws-kms/repository.go:635.2,642.16 2 2
github.com/PointerByte/QuicksGo/encrypt/aws-kms/repository.go:642.16,644.3 1 0
github.com/PointerByte/QuicksGo/encrypt/aws-kms/repository.go:645.2,645.28 1 2
github.com/PointerByte/QuicksGo/encrypt/aws-kms/repository.go:645.28,647.3 1 1
github.com/PointerByte/QuicksGo/encrypt/aws-kms/repository.go:648.2,648.12 1 1
github.com/PointerByte/QuicksGo/encrypt/aws-kms/repository.go:651.62,653.16 2 62
github.com/PointerByte/QuicksGo/encrypt/aws-kms/repository.go:653.16,655.3 1 14
github.com/PointerByte/QuicksGo/encrypt/aws-kms/repository.go:656.2,656.33 1 48
github.com/PointerByte/QuicksGo/encrypt/aws-kms/repository.go:659.64,661.16 2 0
github.com/PointerByte/QuicksGo/encrypt/aws-kms/repository.go:661.16,663.3 1 0
github.com/PointerByte/QuicksGo/encrypt/aws-kms/repository.go:664.2,665.17 2 0
github.com/PointerByte/QuicksGo/encrypt/aws-kms/repository.go:668.53,669.54 1 38
github.com/PointerByte/QuicksGo/encrypt/aws-kms/repository.go:669.54,671.3 1 16
github.com/PointerByte/QuicksGo/encrypt/aws-kms/repository.go:672.2,672.90 1 22
github.com/PointerByte/QuicksGo/encrypt/aws-kms/repository.go:672.90,674.3 1 20
github.com/PointerByte/QuicksGo/encrypt/aws-kms/repository.go:675.2,675.36 1 2
github.com/PointerByte/QuicksGo/encrypt/aws-kms/repository.go:678.75,679.14 1 8
github.com/PointerByte/QuicksGo/encrypt/aws-kms/repository.go:680.26,681.35 1 4
github.com/PointerByte/QuicksGo/encrypt/aws-kms/repository.go:682.26,683.35 1 1
github.com/PointerByte/QuicksGo/encrypt/aws-kms/repository.go:684.26,685.35 1 1
github.com/PointerByte/QuicksGo/encrypt/aws-kms/repository.go:686.10,687.71 1 2
github.com/PointerByte/QuicksGo/encrypt/aws-kms/repository.go:691.78,692.15 1 2
github.com/PointerByte/QuicksGo/encrypt/aws-kms/repository.go:693.24,694.39 1 1
github.com/PointerByte/QuicksGo/encrypt/aws-kms/repository.go:695.24,696.39 1 0
github.com/PointerByte/QuicksGo/encrypt/aws-kms/repository.go:697.24,698.39 1 0
github.com/PointerByte/QuicksGo/encrypt/aws-kms/repository.go:699.10,700.69 1 1
github.com/PointerByte/QuicksGo/encrypt/aws-kms/repository.go:704.80,705.14 1 8
github.com/PointerByte/QuicksGo/encrypt/aws-kms/repository.go:706.25,707.44 1 6
github.com/PointerByte/QuicksGo/encrypt/aws-kms/repository.go:708.10,709.77 1 2
github.com/PointerByte/QuicksGo/encrypt/aws-kms/repository.go:713.51,715.19 2 4
github.com/PointerByte/QuicksGo/encrypt/aws-kms/repository.go:715.19,717.3 1 0
github.com/PointerByte/QuicksGo/encrypt/aws-kms/repository.go:718.2,721.35 1 4
github.com/PointerByte/QuicksGo/encrypt/azure-key-vault/repository.go:45.119,47.3 1 0
github.com/PointerByte/QuicksGo/encrypt/azure-key-vault/repository.go:48.103,50.3 1 0
github.com/PointerByte/QuicksGo/encrypt/azure-key-vault/repository.go:86.51,88.2 1 5
github.com/PointerByte/QuicksGo/encrypt/azure-key-vault/repository.go:90.41,92.2 1 2
github.com/PointerByte/QuicksGo/encrypt/azure-key-vault/repository.go:94.53,96.2 1 4
github.com/PointerByte/QuicksGo/encrypt/azure-key-vault/repository.go:98.51,100.2 1 3
github.com/PointerByte/QuicksGo/encrypt/azure-key-vault/repository.go:102.34,109.2 1 1
github.com/PointerByte/QuicksGo/encrypt/azure-key-vault/repository.go:111.136,112.31 1 4
github.com/PointerByte/QuicksGo/encrypt/azure-key-vault/repository.go:112.31,114.3 1 1
github.com/PointerByte/QuicksGo/encrypt/azure-key-vault/repository.go:116.2,117.16 2 3
github.com/PointerByte/QuicksGo/encrypt/azure-key-vault/repository.go:117.16,119.3 1 0
github.com/PointerByte/QuicksGo/encrypt/azure-key-vault/repository.go:121.2,129.16 3 3
github.com/PointerByte/QuicksGo/encrypt/azure-key-vault/repository.go:129.16,131.3 1 1
github.com/PointerByte/QuicksGo/encrypt/azure-key-vault/repository.go:133.2,134.16 2 2
github.com/PointerByte/QuicksGo/encrypt/azure-key-vault/repository.go:134.16,136.3 1 0
github.com/PointerByte/QuicksGo/encrypt/azure-key-vault/repository.go:137.2,137.88 1 2
github.com/PointerByte/QuicksGo/encrypt/azure-key-vault/repository.go:140.133,141.40 1 4
github.com/PointerByte/QuicksGo/encrypt/azure-key-vault/repository.go:141.40,143.3 1 1
github.com/PointerByte/QuicksGo/encrypt/azure-key-vault/repository.go:145.2,146.16 2 3
github.com/PointerByte/QuicksGo/encrypt/azure-key-vault/repository.go:146.16,148.3 1 0
github.com/PointerByte/QuicksGo/encrypt/azure-key-vault/repository.go:149.2,150.16 2 3
github.com/PointerByte/QuicksGo/encrypt/azure-key-vault/repository.go:150.16,152.3 1 0
github.com/PointerByte/QuicksGo/encrypt/azure-key-vault/repository.go:154.2,159.16 2 3
github.com/PointerByte/QuicksGo/encrypt/azure-key-vault/repository.go:159.16,161.3 1 2
github.com/PointerByte/QuicksGo/encrypt/azure-key-vault/repository.go:163.2,168.16 2 1
github.com/PointerByte/QuicksGo/encrypt/azure-key-vault/repository.go:168.16,170.3 1 0
github.com/PointerByte/QuicksGo/encrypt/azure-key-vault/repository.go:171.2,171.61 1 1
github.com/PointerByte/QuicksGo/encrypt/azure-key-vault/repository.go:174.139,175.40 1 8
github.com/PointerByte/QuicksGo/encrypt/azure-key-vault/repository.go:175.40,177.3 1 1
github.com/PointerByte/QuicksGo/encrypt/azure-key-vault/repository.go:179.2,180.16 2 7
github.com/PointerByte/QuicksGo/encrypt/azure-key-vault/repository.go:180.16,182.3 1 0
github.com/PointerByte/QuicksGo/encrypt/azure-key-vault/repository.go:183.2,184.16 2 7
github.com/PointerByte/QuicksGo/encrypt/azure-key-vault/repository.go:184.16,186.3 1 0
github.com/PointerByte/QuicksGo/encrypt/azure-key-vault/repository.go:188.2,189.16 2 7
github.com/PointerByte/QuicksGo/encrypt/azure-key-vault/repository.go:189.16,191.3 1 1
github.com/PointerByte/QuicksGo/encrypt/azure-key-vault/repository.go:192.2,193.63 2 6
github.com/PointerByte/QuicksGo/encrypt/azure-key-vault/repository.go:193.63,195.3 1 1
github.com/PointerByte/QuicksGo/encrypt/azure-key-vault/repository.go:197.2,198.16 2 5
github.com/PointerByte/QuicksGo/encrypt/azure-key-vault/repository.go:198.16,200.3 1 1
github.com/PointerByte/QuicksGo/encrypt/azure-key-vault/repository.go:201.2,202.16 2 4
github.com/PointerByte/QuicksGo/encrypt/azure-key-vault/repository.go:202.16,204.3 1 1
github.com/PointerByte/QuicksGo/encrypt/azure-key-vault/repository.go:205.2,206.16 2 3
github.com/PointerByte/QuicksGo/encrypt/azure-key-vault/repository.go:206.16,208.3 1 1
github.com/PointerByte/QuicksGo/encrypt/azure-key-vault/repository.go:210.2,217.16 2 2
github.com/PointerByte/QuicksGo/encrypt/azure-key-vault/repository.go:217.16,219.3 1 1
github.com/PointerByte/QuicksGo/encrypt/azure-key-vault/repository.go:220.2,220.37 1 1
github.com/PointerByte/QuicksGo/encrypt/azure-key-vault/repository.go:223.95,224.44 1 3
github.com/PointerByte/QuicksGo/encrypt/azure-key-vault/repository.go:224.44,226.3 1 1
github.com/PointerByte/QuicksGo/encrypt/azure-key-vault/repository.go:228.2,229.16 2 2
github.com/PointerByte/QuicksGo/encrypt/azure-key-vault/repository.go:229.16,231.3 1 0
github.com/PointerByte/QuicksGo/encrypt/azure-key-vault/repository.go:232.2,233.16 2 2
github.com/PointerByte/QuicksGo/encrypt/azure-key-vault/repository.go:233.16,235.3 1 0
github.com/PointerByte/QuicksGo/encrypt/azure-key-vault/repository.go:237.2,241.16 2 2
github.com/PointerByte/QuicksGo/encrypt/azure-key-vault/repository.go:241.16,243.3 1 1
github.com/PointerByte/QuicksGo/encrypt/azure-key-vault/repository.go:244.2,244.59 1 1
github.com/PointerByte/QuicksGo/encrypt/azure-key-vault/repository.go:247.89,249.2 1 1
github.com/PointerByte/QuicksGo/encrypt/azure-key-vault/repository.go:251.86,253.2 1 1
github.com/PointerByte/QuicksGo/encrypt/azure-key-vault/repository.go:255.133,257.16 2 3
github.com/PointerByte/QuicksGo/encrypt/azure-key-vault/repository.go:257.16,259.3 1 1
github.com/PointerByte/QuicksGo/encrypt/azure-key-vault/repository.go:261.2,262.16 2 2
github.com/PointerByte/QuicksGo/encrypt/azure-key-vault/repository.go:262.16,264.3 1 0
github.com/PointerByte/QuicksGo/encrypt/azure-key-vault/repository.go:266.2,277.16 3 2
github.com/PointerByte/QuicksGo/encrypt/azure-key-vault/repository.go:277.16,279.3 1 0
github.com/PointerByte/QuicksGo/encrypt/azure-key-vault/repository.go:281.2,282.16 2 2
github.com/PointerByte/QuicksGo/encrypt/azure-key-vault/repository.go:282.16,284.3 1 0
github.com/PointerByte/QuicksGo/encrypt/azure-key-vault/repository.go:285.2,286.16 2 2
github.com/PointerByte/QuicksGo/encrypt/azure-key-vault/repository.go:286.16,288.3 1 0
github.com/PointerByte/QuicksGo/encrypt/azure-key-vault/repository.go:290.2,291.16 2 2
github.com/PointerByte/QuicksGo/encrypt/azure-key-vault/repository.go:291.16,293.3 1 0
github.com/PointerByte/QuicksGo/encrypt/azure-key-vault/repository.go:294.2,299.8 1 2
github.com/PointerByte/QuicksGo/encrypt/azure-key-vault/repository.go:302.136,304.16 2 2
github.com/PointerByte/QuicksGo/encrypt/azure-key-vault/repository.go:304.16,306.3 1 0
github.com/PointerByte/QuicksGo/encrypt/azure-key-vault/repository.go:307.2,307.34 1 2
github.com/PointerByte/QuicksGo/encrypt/azure-key-vault/repository.go:307.34,309.3 1 0
github.com/PointerByte/QuicksGo/encrypt/azure-key-vault/repository.go:310.2,310.36 1 2
github.com/PointerByte/QuicksGo/encrypt/azure-key-vault/repository.go:313.118,314.76 1 4
github.com/PointerByte/QuicksGo/encrypt/azure-key-vault/repository.go:314.76,316.3 1 1
github.com/PointerByte/QuicksGo/encrypt/azure-key-vault/repository.go:318.2,319.16 2 3
github.com/PointerByte/QuicksGo/encrypt/azure-key-vault/repository.go:319.16,321.3 1 0
github.com/PointerByte/QuicksGo/encrypt/azure-key-vault/repository.go:322.2,323.16 2 3
github.com/PointerByte/QuicksGo/encrypt/azure-key-vault/repository.go:323.16,325.3 1 0
github.com/PointerByte/QuicksGo/encrypt/azure-key-vault/repository.go:327.2,331.16 2 3
github.com/PointerByte/QuicksGo/encrypt/azure-key-vault/repository.go:331.16,333.3 1 2
github.com/PointerByte/QuicksGo/encrypt/azure-key-vault/repository.go:334.2,334.64 1 1
github.com/PointerByte/QuicksGo/encrypt/azure-key-vault/repository.go:337.125,338.78 1 4
github.com/PointerByte/QuicksGo/encrypt/azure-key-vault/repository.go:338.78,340.3 1 1
github.com/PointerByte/QuicksGo/encrypt/azure-key-vault/repository.go:342.2,343.16 2 3
github.com/PointerByte/QuicksGo/encrypt/azure-key-vault/repository.go:343.16,345.3 1 0
github.com/PointerByte/QuicksGo/encrypt/azure-key-vault/repository.go:346.2,347.16 2 3
github.com/PointerByte/QuicksGo/encrypt/azure-key-vault/repository.go:347.16,349.3 1 0
github.com/PointerByte/QuicksGo/encrypt/azure-key-vault/repository.go:351.2,352.16 2 3
github.com/PointerByte/QuicksGo/encrypt/azure-key-vault/repository.go:352.16,354.3 1 1
github.com/PointerByte/QuicksGo/encrypt/azure-key-vault/repository.go:355.2,359.16 2 2
github.com/PointerByte/QuicksGo/encrypt/azure-key-vault/repository.go:359.16,361.3 1 1
github.com/PointerByte/QuicksGo/encrypt/azure-key-vault/repository.go:362.2,362.37 1 1
github.com/PointerByte/QuicksGo/encrypt/azure-key-vault/repository.go:365.113,366.77 1 2
github.com/PointerByte/QuicksGo/encrypt/azure-key-vault/repository.go:366.77,368.3 1 1
github.com/PointerByte/QuicksGo/encrypt/azure-key-vault/repository.go:369.2,369.35 1 1
github.com/PointerByte/QuicksGo/encrypt/azure-key-vault/repository.go:372.120,373.79 1 2
github.com/PointerByte/QuicksGo/encrypt/azure-key-vault/repository.go:373.79,375.3 1 1
github.com/PointerByte/QuicksGo/encrypt/azure-key-vault/repository.go:376.2,376.35 1 1
github.com/PointerByte/QuicksGo/encrypt/azure-key-vault/repository.go:379.104,380.16 1 1
github.com/PointerByte/QuicksGo/encrypt/azure-key-vault/repository.go:380.16,382.3 1 0
github.com/PointerByte/QuicksGo/encrypt/azure-key-vault/repository.go:383.2,383.34 1 1
github.com/PointerByte/QuicksGo/encrypt/azure-key-vault/repository.go:383.34,385.3 1 0
github.com/PointerByte/QuicksGo/encrypt/azure-key-vault/repository.go:386.2,386.40 1 1
github.com/PointerByte/QuicksGo/encrypt/azure-key-vault/repository.go:389.114,390.82 1 2
github.com/PointerByte/QuicksGo/encrypt/azure-key-vault/repository.go:390.82,392.3 1 1
github.com/PointerByte/QuicksGo/encrypt/azure-key-vault/repository.go:393.2,393.39 1 1
github.com/PointerByte/QuicksGo/encrypt/azure-key-vault/repository.go:396.116,397.80 1 2
github.com/PointerByte/QuicksGo/encrypt/azure-key-vault/repository.go:397.80,399.3 1 1
github.com/PointerByte/QuicksGo/encrypt/azure-key-vault/repository.go:400.2,400.35 1 1
github.com/PointerByte/QuicksGo/encrypt/azure-key-vault/repository.go:403.113,404.78 1 4
github.com/PointerByte/QuicksGo/encrypt/azure-key-vault/repository.go:404.78,406.3 1 1
github.com/PointerByte/QuicksGo/encrypt/azure-key-vault/repository.go:408.2,409.16 2 3
github.com/PointerByte/QuicksGo/encrypt/azure-key-vault/repository.go:409.16,411.3 1 0
github.com/PointerByte/QuicksGo/encrypt/azure-key-vault/repository.go:412.2,413.16 2 3
github.com/PointerByte/QuicksGo/encrypt/azure-key-vault/repository.go:413.16,415.3 1 0
github.com/PointerByte/QuicksGo/encrypt/azure-key-vault/repository.go:417.2,422.16 3 3
github.com/PointerByte/QuicksGo/encrypt/azure-key-vault/repository.go:422.16,424.3 1 2
github.com/PointerByte/QuicksGo/encrypt/azure-key-vault/repository.go:425.2,425.64 1 1
github.com/PointerByte/QuicksGo/encrypt/azure-key-vault/repository.go:428.115,429.76 1 5
github.com/PointerByte/QuicksGo/encrypt/azure-key-vault/repository.go:429.76,431.3 1 1
github.com/PointerByte/QuicksGo/encrypt/azure-key-vault/repository.go:433.2,434.16 2 4
github.com/PointerByte/QuicksGo/encrypt/azure-key-vault/repository.go:434.16,436.3 1 0
github.com/PointerByte/QuicksGo/encrypt/azure-key-vault/repository.go:437.2,438.16 2 4
github.com/PointerByte/QuicksGo/encrypt/azure-key-vault/repository.go:438.16,440.3 1 0
github.com/PointerByte/QuicksGo/encrypt/azure-key-vault/repository.go:442.2,443.16 2 4
github.com/PointerByte/QuicksGo/encrypt/azure-key-vault/repository.go:443.16,445.3 1 1
github.com/PointerByte/QuicksGo/encrypt/azure-key-vault/repository.go:446.2,452.16 3 3
github.com/PointerByte/QuicksGo/encrypt/azure-key-vault/repository.go:452.16,454.3 1 1
github.com/PointerByte/QuicksGo/encrypt/azure-key-vault/repository.go:455.2,455.32 1 2
github.com/PointerByte/QuicksGo/encrypt/azure-key-vault/repository.go:455.32,457.3 1 1
github.com/PointerByte/QuicksGo/encrypt/azure-key-vault/repository.go:458.2,458.12 1 1
github.com/PointerByte/QuicksGo/encrypt/azure-key-vault/repository.go:461.127,462.65 1 3
github.com/PointerByte/QuicksGo/encrypt/azure-key-vault/repository.go:462.65,464.3 1 1
github.com/PointerByte/QuicksGo/encrypt/azure-key-vault/repository.go:466.2,467.16 2 2
github.com/PointerByte/QuicksGo/encrypt/azure-key-vault/repository.go:467.16,469.3 1 0
github.com/PointerByte/QuicksGo/encrypt/azure-key-vault/repository.go:470.2,471.16 2 2
github.com/PointerByte/QuicksGo/encrypt/azure-key-vault/repository.go:471.16,473.3 1 0
github.com/PointerByte/QuicksGo/encrypt/azure-key-vault/repository.go:475.2,480.16 3 2
github.com/PointerByte/QuicksGo/encrypt/azure-key-vault/repository.go:480.16,482.3 1 1
github.com/PointerByte/QuicksGo/encrypt/azure-key-vault/repository.go:483.2,483.64 1 1
github.com/PointerByte/QuicksGo/encrypt/azure-key-vault/repository.go:486.136,487.63 1 4
github.com/PointerByte/QuicksGo/encrypt/azure-key-vault/repository.go:487.63,489.3 1 1
github.com/PointerByte/QuicksGo/encrypt/azure-key-vault/repository.go:491.2,492.16 2 3
github.com/PointerByte/QuicksGo/encrypt/azure-key-vault/repository.go:492.16,494.3 1 0
github.com/PointerByte/QuicksGo/encrypt/azure-key-vault/repository.go:495.2,496.16 2 3
github.com/PointerByte/QuicksGo/encrypt/azure-key-vault/repository.go:496.16,498.3 1 0
github.com/PointerByte/QuicksGo/encrypt/azure-key-vault/repository.go:500.2,501.16 2 3
github.com/PointerByte/QuicksGo/encrypt/azure-key-vault/repository.go:501.16,503.3 1 1
github.com/PointerByte/QuicksGo/encrypt/azure-key-vault/repository.go:504.2,510.16 3 2
github.com/PointerByte/QuicksGo/encrypt/azure-key-vault/repository.go:510.16,512.3 1 0
github.com/PointerByte/QuicksGo/encrypt/azure-key-vault/repository.go:513.2,513.32 1 2
github.com/PointerByte/QuicksGo/encrypt/azure-key-vault/repository.go:513.32,515.3 1 1
github.com/PointerByte/QuicksGo/encrypt/azure-key-vault/repository.go:516.2,516.12 1 1
github.com/PointerByte/QuicksGo/encrypt/azure-key-vault/repository.go:519.94,521.28 2 37
github.com/PointerByte/QuicksGo/encrypt/azure-key-vault/repository.go:521.28,524.17 3 5
github.com/PointerByte/QuicksGo/encrypt/azure-key-vault/repository.go:524.17,526.4 1 0
github.com/PointerByte/QuicksGo/encrypt/azure-key-vault/repository.go:529.2,530.16 2 37
github.com/PointerByte/QuicksGo/encrypt/azure-key-vault/repository.go:530.16,532.3 1 1
github.com/PointerByte/QuicksGo/encrypt/azure-key-vault/repository.go:533.2,534.16 2 36
github.com/PointerByte/QuicksGo/encrypt/azure-key-vault/repository.go:534.16,536.3 1 1
github.com/PointerByte/QuicksGo/encrypt/azure-key-vault/repository.go:537.2,537.38 1 35
github.com/PointerByte/QuicksGo/encrypt/azure-key-vault/repository.go:540.71,542.18 2 34
github.com/PointerByte/QuicksGo/encrypt/azure-key-vault/repository.go:542.18,544.3 1 9
github.com/PointerByte/QuicksGo/encrypt/azure-key-vault/repository.go:545.2,545.18 1 34
github.com/PointerByte/QuicksGo/encrypt/azure-key-vault/repository.go:545.18,547.3 1 1
github.com/PointerByte/QuicksGo/encrypt/azure-key-vault/repository.go:549.2,550.16 2 33
github.com/PointerByte/QuicksGo/encrypt/azure-key-vault/repository.go:550.16,552.3 1 0
github.com/PointerByte/QuicksGo/encrypt/azure-key-vault/repository.go:553.2,553.46 1 33
github.com/PointerByte/QuicksGo/encrypt/azure-key-vault/repository.go:553.46,555.3 1 1
github.com/PointerByte/QuicksGo/encrypt/azure-key-vault/repository.go:557.2,558.48 2 32
github.com/PointerByte/QuicksGo/encrypt/azure-key-vault/repository.go:558.48,560.3 1 0
github.com/PointerByte/QuicksGo/encrypt/azure-key-vault/repository.go:562.2,567.23 2 32
github.com/PointerByte/QuicksGo/encrypt/azure-key-vault/repository.go:567.23,569.3 1 32
github.com/PointerByte/QuicksGo/encrypt/azure-key-vault/repository.go:570.2,570.23 1 32
github.com/PointerByte/QuicksGo/encrypt/azure-key-vault/repository.go:573.45,574.97 1 8
github.com/PointerByte/QuicksGo/encrypt/azure-key-vault/repository.go:574.97,576.3 1 6
github.com/PointerByte/QuicksGo/encrypt/azure-key-vault/repository.go:577.2,577.96 1 2
github.com/PointerByte/QuicksGo/encrypt/azure-key-vault/repository.go:577.96,579.3 1 1
github.com/PointerByte/QuicksGo/encrypt/azure-key-vault/repository.go:581.2,582.21 2 1
github.com/PointerByte/QuicksGo/encrypt/azure-key-vault/repository.go:582.21,584.3 1 0
github.com/PointerByte/QuicksGo/encrypt/azure-key-vault/repository.go:585.2,586.16 2 1
github.com/PointerByte/QuicksGo/encrypt/azure-key-vault/repository.go:586.16,588.3 1 0
github.com/PointerByte/QuicksGo/encrypt/azure-key-vault/repository.go:589.2,589.29 1 1
github.com/PointerByte/QuicksGo/encrypt/azure-key-vault/repository.go:592.36,593.94 1 13
github.com/PointerByte/QuicksGo/encrypt/azure-key-vault/repository.go:593.94,595.3 1 10
github.com/PointerByte/QuicksGo/encrypt/azure-key-vault/repository.go:596.2,596.64 1 3
github.com/PointerByte/QuicksGo/encrypt/azure-key-vault/repository.go:599.65,600.14 1 5
github.com/PointerByte/QuicksGo/encrypt/azure-key-vault/repository.go:601.66,602.24 1 4
github.com/PointerByte/QuicksGo/encrypt/azure-key-vault/repository.go:603.10,604.78 1 1
github.com/PointerByte/QuicksGo/encrypt/azure-key-vault/repository.go:608.105,609.48 1 7
github.com/PointerByte/QuicksGo/encrypt/azure-key-vault/repository.go:609.48,612.3 2 3
github.com/PointerByte/QuicksGo/encrypt/azure-key-vault/repository.go:613.2,613.39 1 4
github.com/PointerByte/QuicksGo/encrypt/azure-key-vault/repository.go:613.39,615.3 1 1
github.com/PointerByte/QuicksGo/encrypt/azure-key-vault/repository.go:616.2,617.29 2 3
github.com/PointerByte/QuicksGo/encrypt/azure-key-vault/repository.go:620.83,621.75 1 3
github.com/PointerByte/QuicksGo/encrypt/azure-key-vault/repository.go:621.75,623.3 1 1
github.com/PointerByte/QuicksGo/encrypt/azure-key-vault/repository.go:624.2,627.8 1 2
github.com/PointerByte/QuicksGo/encrypt/azure-key-vault/repository.go:630.50,632.19 2 8
github.com/PointerByte/QuicksGo/encrypt/azure-key-vault/repository.go:632.19,634.3 1 1
github.com/PointerByte/QuicksGo/encrypt/azure-key-vault/repository.go:635.2,635.86 1 7
github.com/PointerByte/QuicksGo/encrypt/azure-key-vault/repository.go:638.34,640.2 1 6
github.com/PointerByte/QuicksGo/encrypt/azure-key-vault/repository.go:642.29,644.2 1 44
github.com/PointerByte/QuicksGo/encrypt/gcp-kms/repository.go:44.77,46.17 2 0
github.com/PointerByte/QuicksGo/encrypt/gcp-kms/repository.go:46.17,48.4 1 0
github.com/PointerByte/QuicksGo/encrypt/gcp-kms/repository.go:49.3,49.61 1 0
github.com/PointerByte/QuicksGo/encrypt/gcp-kms/repository.go:68.132,70.2 1 1
github.com/PointerByte/QuicksGo/encrypt/gcp-kms/repository.go:71.153,73.2 1 1
github.com/PointerByte/QuicksGo/encrypt/gcp-kms/repository.go:74.126,76.2 1 1
github.com/PointerByte/QuicksGo/encrypt/gcp-kms/repository.go:77.122,79.2 1 1
github.com/PointerByte/QuicksGo/encrypt/gcp-kms/repository.go:80.122,82.2 1 1
github.com/PointerByte/QuicksGo/encrypt/gcp-kms/repository.go:83.143,85.2 1 1
github.com/PointerByte/QuicksGo/encrypt/gcp-kms/repository.go:86.152,88.2 1 1
github.com/PointerByte/QuicksGo/encrypt/gcp-kms/repository.go:89.122,91.2 1 1
github.com/PointerByte/QuicksGo/encrypt/gcp-kms/repository.go:92.128,94.2 1 1
github.com/PointerByte/QuicksGo/encrypt/gcp-kms/repository.go:108.51,110.2 1 3
github.com/PointerByte/QuicksGo/encrypt/gcp-kms/repository.go:112.41,114.2 1 2
github.com/PointerByte/QuicksGo/encrypt/gcp-kms/repository.go:116.53,118.2 1 3
github.com/PointerByte/QuicksGo/encrypt/gcp-kms/repository.go:120.51,122.2 1 2
github.com/PointerByte/QuicksGo/encrypt/gcp-kms/repository.go:124.34,131.2 1 1
github.com/PointerByte/QuicksGo/encrypt/gcp-kms/repository.go:133.136,134.31 1 3
github.com/PointerByte/QuicksGo/encrypt/gcp-kms/repository.go:134.31,136.3 1 1
github.com/PointerByte/QuicksGo/encrypt/gcp-kms/repository.go:138.2,139.16 2 2
github.com/PointerByte/QuicksGo/encrypt/gcp-kms/repository.go:139.16,141.3 1 0
github.com/PointerByte/QuicksGo/encrypt/gcp-kms/repository.go:142.2,145.16 3 2
github.com/PointerByte/QuicksGo/encrypt/gcp-kms/repository.go:145.16,147.3 1 0
github.com/PointerByte/QuicksGo/encrypt/gcp-kms/repository.go:149.2,160.16 3 2
github.com/PointerByte/QuicksGo/encrypt/gcp-kms/repository.go:160.16,162.3 1 1
github.com/PointerByte/QuicksGo/encrypt/gcp-kms/repository.go:163.2,163.99 1 1
github.com/PointerByte/QuicksGo/encrypt/gcp-kms/repository.go:166.133,167.40 1 3
github.com/PointerByte/QuicksGo/encrypt/gcp-kms/repository.go:167.40,169.3 1 0
github.com/PointerByte/QuicksGo/encrypt/gcp-kms/repository.go:171.2,172.16 2 3
github.com/PointerByte/QuicksGo/encrypt/gcp-kms/repository.go:172.16,174.3 1 0
github.com/PointerByte/QuicksGo/encrypt/gcp-kms/repository.go:175.2,178.16 3 3
github.com/PointerByte/QuicksGo/encrypt/gcp-kms/repository.go:178.16,180.3 1 0
github.com/PointerByte/QuicksGo/encrypt/gcp-kms/repository.go:181.2,186.16 2 3
github.com/PointerByte/QuicksGo/encrypt/gcp-kms/repository.go:186.16,188.3 1 2
github.com/PointerByte/QuicksGo/encrypt/gcp-kms/repository.go:189.2,189.68 1 1
github.com/PointerByte/QuicksGo/encrypt/gcp-kms/repository.go:192.139,193.40 1 4
github.com/PointerByte/QuicksGo/encrypt/gcp-kms/repository.go:193.40,195.3 1 1
github.com/PointerByte/QuicksGo/encrypt/gcp-kms/repository.go:197.2,198.16 2 3
github.com/PointerByte/QuicksGo/encrypt/gcp-kms/repository.go:198.16,200.3 1 0
github.com/PointerByte/QuicksGo/encrypt/gcp-kms/repository.go:201.2,204.16 3 3
github.com/PointerByte/QuicksGo/encrypt/gcp-kms/repository.go:204.16,206.3 1 0
github.com/PointerByte/QuicksGo/encrypt/gcp-kms/repository.go:207.2,208.16 2 3
github.com/PointerByte/QuicksGo/encrypt/gcp-kms/repository.go:208.16,210.3 1 1
github.com/PointerByte/QuicksGo/encrypt/gcp-kms/repository.go:211.2,216.16 2 2
github.com/PointerByte/QuicksGo/encrypt/gcp-kms/repository.go:216.16,218.3 1 1
github.com/PointerByte/QuicksGo/encrypt/gcp-kms/repository.go:219.2,219.40 1 1
github.com/PointerByte/QuicksGo/encrypt/gcp-kms/repository.go:222.95,223.45 1 2
github.com/PointerByte/QuicksGo/encrypt/gcp-kms/repository.go:223.45,225.3 1 0
github.com/PointerByte/QuicksGo/encrypt/gcp-kms/repository.go:227.2,228.16 2 2
github.com/PointerByte/QuicksGo/encrypt/gcp-kms/repository.go:228.16,230.3 1 0
github.com/PointerByte/QuicksGo/encrypt/gcp-kms/repository.go:231.2,234.16 3 2
github.com/PointerByte/QuicksGo/encrypt/gcp-kms/repository.go:234.16,236.3 1 0
github.com/PointerByte/QuicksGo/encrypt/gcp-kms/repository.go:237.2,238.16 2 2
github.com/PointerByte/QuicksGo/encrypt/gcp-kms/repository.go:238.16,240.3 1 1
github.com/PointerByte/QuicksGo/encrypt/gcp-kms/repository.go:241.2,241.56 1 1
github.com/PointerByte/QuicksGo/encrypt/gcp-kms/repository.go:244.89,246.2 1 1
github.com/PointerByte/QuicksGo/encrypt/gcp-kms/repository.go:248.86,250.2 1 1
github.com/PointerByte/QuicksGo/encrypt/gcp-kms/repository.go:252.133,254.16 2 3
github.com/PointerByte/QuicksGo/encrypt/gcp-kms/repository.go:254.16,256.3 1 1
github.com/PointerByte/QuicksGo/encrypt/gcp-kms/repository.go:258.2,259.16 2 2
github.com/PointerByte/QuicksGo/encrypt/gcp-kms/repository.go:259.16,261.3 1 0
github.com/PointerByte/QuicksGo/encrypt/gcp-kms/repository.go:262.2,265.16 3 2
github.com/PointerByte/QuicksGo/encrypt/gcp-kms/repository.go:265.16,267.3 1 0
github.com/PointerByte/QuicksGo/encrypt/gcp-kms/repository.go:268.2,279.16 3 2
github.com/PointerByte/QuicksGo/encrypt/gcp-kms/repository.go:279.16,281.3 1 1
github.com/PointerByte/QuicksGo/encrypt/gcp-kms/repository.go:283.2,284.16 2 1
github.com/PointerByte/QuicksGo/encrypt/gcp-kms/repository.go:284.16,286.3 1 0
github.com/PointerByte/QuicksGo/encrypt/gcp-kms/repository.go:287.2,288.16 2 1
github.com/PointerByte/QuicksGo/encrypt/gcp-kms/repository.go:288.16,290.3 1 0
github.com/PointerByte/QuicksGo/encrypt/gcp-kms/repository.go:292.2,297.8 1 1
github.com/PointerByte/QuicksGo/encrypt/gcp-kms/repository.go:300.136,302.16 2 2
github.com/PointerByte/QuicksGo/encrypt/gcp-kms/repository.go:302.16,304.3 1 0
github.com/PointerByte/QuicksGo/encrypt/gcp-kms/repository.go:305.2,305.34 1 2
github.com/PointerByte/QuicksGo/encrypt/gcp-kms/repository.go:305.34,307.3 1 0
github.com/PointerByte/QuicksGo/encrypt/gcp-kms/repository.go:308.2,308.34 1 2
github.com/PointerByte/QuicksGo/encrypt/gcp-kms/repository.go:311.118,312.76 1 4
github.com/PointerByte/QuicksGo/encrypt/gcp-kms/repository.go:312.76,314.3 1 1
github.com/PointerByte/QuicksGo/encrypt/gcp-kms/repository.go:316.2,317.16 2 3
github.com/PointerByte/QuicksGo/encrypt/gcp-kms/repository.go:317.16,319.3 1 0
github.com/PointerByte/QuicksGo/encrypt/gcp-kms/repository.go:320.2,323.16 3 3
github.com/PointerByte/QuicksGo/encrypt/gcp-kms/repository.go:323.16,325.3 1 0
github.com/PointerByte/QuicksGo/encrypt/gcp-kms/repository.go:326.2,327.16 2 3
github.com/PointerByte/QuicksGo/encrypt/gcp-kms/repository.go:327.16,329.3 1 2
github.com/PointerByte/QuicksGo/encrypt/gcp-kms/repository.go:330.2,330.101 1 1
github.com/PointerByte/QuicksGo/encrypt/gcp-kms/repository.go:333.125,334.78 1 4
github.com/PointerByte/QuicksGo/encrypt/gcp-kms/repository.go:334.78,336.3 1 1
github.com/PointerByte/QuicksGo/encrypt/gcp-kms/repository.go:338.2,339.16 2 3
github.com/PointerByte/QuicksGo/encrypt/gcp-kms/repository.go:339.16,341.3 1 0
github.com/PointerByte/QuicksGo/encrypt/gcp-kms/repository.go:342.2,345.16 3 3
github.com/PointerByte/QuicksGo/encrypt/gcp-kms/repository.go:345.16,347.3 1 0
github.com/PointerByte/QuicksGo/encrypt/gcp-kms/repository.go:348.2,349.16 2 3
github.com/PointerByte/QuicksGo/encrypt/gcp-kms/repository.go:349.16,351.3 1 1
github.com/PointerByte/QuicksGo/encrypt/gcp-kms/repository.go:352.2,353.16 2 2
github.com/PointerByte/QuicksGo/encrypt/gcp-kms/repository.go:353.16,355.3 1 1
github.com/PointerByte/QuicksGo/encrypt/gcp-kms/repository.go:356.2,356.40 1 1
github.com/PointerByte/QuicksGo/encrypt/gcp-kms/repository.go:359.113,360.77 1 2
github.com/PointerByte/QuicksGo/encrypt/gcp-kms/repository.go:360.77,362.3 1 1
github.com/PointerByte/QuicksGo/encrypt/gcp-kms/repository.go:363.2,363.33 1 1
github.com/PointerByte/QuicksGo/encrypt/gcp-kms/repository.go:366.120,367.79 1 2
github.com/PointerByte/QuicksGo/encrypt/gcp-kms/repository.go:367.79,369.3 1 1
github.com/PointerByte/QuicksGo/encrypt/gcp-kms/repository.go:370.2,370.33 1 1
github.com/PointerByte/QuicksGo/encrypt/gcp-kms/repository.go:373.104,376.16 2 2
github.com/PointerByte/QuicksGo/encrypt/gcp-kms/repository.go:376.16,378.3 1 0
github.com/PointerByte/QuicksGo/encrypt/gcp-kms/repository.go:379.2,382.16 3 2
github.com/PointerByte/QuicksGo/encrypt/gcp-kms/repository.go:382.16,384.3 1 0
github.com/PointerByte/QuicksGo/encrypt/gcp-kms/repository.go:385.2,396.16 3 2
github.com/PointerByte/QuicksGo/encrypt/gcp-kms/repository.go:396.16,398.3 1 1
github.com/PointerByte/QuicksGo/encrypt/gcp-kms/repository.go:400.2,401.16 2 1
github.com/PointerByte/QuicksGo/encrypt/gcp-kms/repository.go:401.16,403.3 1 0
github.com/PointerByte/QuicksGo/encrypt/gcp-kms/repository.go:404.2,405.16 2 1
github.com/PointerByte/QuicksGo/encrypt/gcp-kms/repository.go:405.16,407.3 1 0
github.com/PointerByte/QuicksGo/encrypt/gcp-kms/repository.go:409.2,414.8 1 1
github.com/PointerByte/QuicksGo/encrypt/gcp-kms/repository.go:417.114,418.82 1 4
github.com/PointerByte/QuicksGo/encrypt/gcp-kms/repository.go:418.82,420.3 1 1
github.com/PointerByte/QuicksGo/encrypt/gcp-kms/repository.go:422.2,423.16 2 3
github.com/PointerByte/QuicksGo/encrypt/gcp-kms/repository.go:423.16,425.3 1 0
github.com/PointerByte/QuicksGo/encrypt/gcp-kms/repository.go:426.2,429.16 3 3
github.com/PointerByte/QuicksGo/encrypt/gcp-kms/repository.go:429.16,431.3 1 0
github.com/PointerByte/QuicksGo/encrypt/gcp-kms/repository.go:432.2,433.16 2 3
github.com/PointerByte/QuicksGo/encrypt/gcp-kms/repository.go:433.16,435.3 1 2
github.com/PointerByte/QuicksGo/encrypt/gcp-kms/repository.go:436.2,436.67 1 1
github.com/PointerByte/QuicksGo/encrypt/gcp-kms/repository.go:439.116,440.80 1 4
github.com/PointerByte/QuicksGo/encrypt/gcp-kms/repository.go:440.80,442.3 1 1
github.com/PointerByte/QuicksGo/encrypt/gcp-kms/repository.go:444.2,445.16 2 3
github.com/PointerByte/QuicksGo/encrypt/gcp-kms/repository.go:445.16,447.3 1 0
github.com/PointerByte/QuicksGo/encrypt/gcp-kms/repository.go:448.2,451.16 3 3
github.com/PointerByte/QuicksGo/encrypt/gcp-kms/repository.go:451.16,453.3 1 0
github.com/PointerByte/QuicksGo/encrypt/gcp-kms/repository.go:454.2,455.16 2 3
github.com/PointerByte/QuicksGo/encrypt/gcp-kms/repository.go:455.16,457.3 1 2
github.com/PointerByte/QuicksGo/encrypt/gcp-kms/repository.go:458.2,459.16 2 1
github.com/PointerByte/QuicksGo/encrypt/gcp-kms/repository.go:459.16,461.3 1 0
github.com/PointerByte/QuicksGo/encrypt/gcp-kms/repository.go:462.2,463.9 2 1
github.com/PointerByte/QuicksGo/encrypt/gcp-kms/repository.go:463.9,465.3 1 0
github.com/PointerByte/QuicksGo/encrypt/gcp-kms/repository.go:466.2,467.16 2 1
github.com/PointerByte/QuicksGo/encrypt/gcp-kms/repository.go:467.16,469.3 1 0
github.com/PointerByte/QuicksGo/encrypt/gcp-kms/repository.go:470.2,470.64 1 1
github.com/PointerByte/QuicksGo/encrypt/gcp-kms/repository.go:470.64,472.3 1 0
github.com/PointerByte/QuicksGo/encrypt/gcp-kms/repository.go:473.2,473.12 1 1
github.com/PointerByte/QuicksGo/encrypt/gcp-kms/repository.go:476.113,477.78 1 4
github.com/PointerByte/QuicksGo/encrypt/gcp-kms/repository.go:477.78,479.3 1 1
github.com/PointerByte/QuicksGo/encrypt/gcp-kms/repository.go:481.2,482.16 2 3
github.com/PointerByte/QuicksGo/encrypt/gcp-kms/repository.go:482.16,484.3 1 0
github.com/PointerByte/QuicksGo/encrypt/gcp-kms/repository.go:485.2,488.16 3 3
github.com/PointerByte/QuicksGo/encrypt/gcp-kms/repository.go:488.16,490.3 1 0
github.com/PointerByte/QuicksGo/encrypt/gcp-kms/repository.go:491.2,496.16 3 3
github.com/PointerByte/QuicksGo/encrypt/gcp-kms/repository.go:496.16,498.3 1 2
github.com/PointerByte/QuicksGo/encrypt/gcp-kms/repository.go:499.2,499.67 1 1
github.com/PointerByte/QuicksGo/encrypt/gcp-kms/repository.go:502.115,503.76 1 4
github.com/PointerByte/QuicksGo/encrypt/gcp-kms/repository.go:503.76,505.3 1 1
github.com/PointerByte/QuicksGo/encrypt/gcp-kms/repository.go:507.2,508.16 2 3
github.com/PointerByte/QuicksGo/encrypt/gcp-kms/repository.go:508.16,510.3 1 0
github.com/PointerByte/QuicksGo/encrypt/gcp-kms/repository.go:511.2,514.16 3 3
github.com/PointerByte/QuicksGo/encrypt/gcp-kms/repository.go:514.16,516.3 1 0
github.com/PointerByte/QuicksGo/encrypt/gcp-kms/repository.go:517.2,518.16 2 3
github.com/PointerByte/QuicksGo/encrypt/gcp-kms/repository.go:518.16,520.3 1 2
github.com/PointerByte/QuicksGo/encrypt/gcp-kms/repository.go:521.2,522.16 2 1
github.com/PointerByte/QuicksGo/encrypt/gcp-kms/repository.go:522.16,524.3 1 0
github.com/PointerByte/QuicksGo/encrypt/gcp-kms/repository.go:525.2,526.9 2 1
github.com/PointerByte/QuicksGo/encrypt/gcp-kms/repository.go:526.9,528.3 1 0
github.com/PointerByte/QuicksGo/encrypt/gcp-kms/repository.go:529.2,530.16 2 1
github.com/PointerByte/QuicksGo/encrypt/gcp-kms/repository.go:530.16,532.3 1 0
github.com/PointerByte/QuicksGo/encrypt/gcp-kms/repository.go:533.2,534.99 2 1
github.com/PointerByte/QuicksGo/encrypt/gcp-kms/repository.go:534.99,536.3 1 0
github.com/PointerByte/QuicksGo/encrypt/gcp-kms/repository.go:537.2,537.12 1 1
github.com/PointerByte/QuicksGo/encrypt/gcp-kms/repository.go:540.127,541.66 1 3
github.com/PointerByte/QuicksGo/encrypt/gcp-kms/repository.go:541.66,543.3 1 1
github.com/PointerByte/QuicksGo/encrypt/gcp-kms/repository.go:545.2,546.16 2 2
github.com/PointerByte/QuicksGo/encrypt/gcp-kms/repository.go:546.16,548.3 1 0
github.com/PointerByte/QuicksGo/encrypt/gcp-kms/repository.go:549.2,552.16 3 2
github.com/PointerByte/QuicksGo/encrypt/gcp-kms/repository.go:552.16,554.3 1 0
github.com/PointerByte/QuicksGo/encrypt/gcp-kms/repository.go:555.2,560.16 3 2
github.com/PointerByte/QuicksGo/encrypt/gcp-kms/repository.go:560.16,562.3 1 1
github.com/PointerByte/QuicksGo/encrypt/gcp-kms/repository.go:563.2,563.67 1 1
github.com/PointerByte/QuicksGo/encrypt/gcp-kms/repository.go:566.136,567.64 1 4
github.com/PointerByte/QuicksGo/encrypt/gcp-kms/repository.go:567.64,569.3 1 1
github.com/PointerByte/QuicksGo/encrypt/gcp-kms/repository.go:571.2,572.16 2 3
github.com/PointerByte/QuicksGo/encrypt/gcp-kms/repository.go:572.16,574.3 1 0
github.com/PointerByte/QuicksGo/encrypt/gcp-kms/repository.go:575.2,578.16 3 3
github.com/PointerByte/QuicksGo/encrypt/gcp-kms/repository.go:578.16,580.3 1 0
github.com/PointerByte/QuicksGo/encrypt/gcp-kms/repository.go:581.2,582.16 2 3
github.com/PointerByte/QuicksGo/encrypt/gcp-kms/repository.go:582.16,584.3 1 2
github.com/PointerByte/QuicksGo/encrypt/gcp-kms/repository.go:585.2,586.16 2 1
github.com/PointerByte/QuicksGo/encrypt/gcp-kms/repository.go:586.16,588.3 1 0
github.com/PointerByte/QuicksGo/encrypt/gcp-kms/repository.go:589.2,590.9 2 1
github.com/PointerByte/QuicksGo/encrypt/gcp-kms/repository.go:590.9,592.3 1 0
github.com/PointerByte/QuicksGo/encrypt/gcp-kms/repository.go:593.2,594.16 2 1
github.com/PointerByte/QuicksGo/encrypt/gcp-kms/repository.go:594.16,596.3 1 0
github.com/PointerByte/QuicksGo/encrypt/gcp-kms/repository.go:597.2,598.99 2 1
github.com/PointerByte/QuicksGo/encrypt/gcp-kms/repository.go:598.99,600.3 1 0
github.com/PointerByte/QuicksGo/encrypt/gcp-kms/repository.go:601.2,601.12 1 1
github.com/PointerByte/QuicksGo/encrypt/gcp-kms/repository.go:604.62,606.2 1 38
github.com/PointerByte/QuicksGo/encrypt/gcp-kms/repository.go:608.34,609.92 1 22
github.com/PointerByte/QuicksGo/encrypt/gcp-kms/repository.go:609.92,611.3 1 20
github.com/PointerByte/QuicksGo/encrypt/gcp-kms/repository.go:612.2,612.62 1 2
github.com/PointerByte/QuicksGo/encrypt/gcp-kms/repository.go:615.56,617.18 2 8
github.com/PointerByte/QuicksGo/encrypt/gcp-kms/repository.go:617.18,619.3 1 7
github.com/PointerByte/QuicksGo/encrypt/gcp-kms/repository.go:620.2,620.18 1 8
github.com/PointerByte/QuicksGo/encrypt/gcp-kms/repository.go:620.18,622.3 1 1
github.com/PointerByte/QuicksGo/encrypt/gcp-kms/repository.go:624.2,625.26 2 7
github.com/PointerByte/QuicksGo/encrypt/gcp-kms/repository.go:625.26,626.44 1 49
github.com/PointerByte/QuicksGo/encrypt/gcp-kms/repository.go:626.44,628.4 1 7
github.com/PointerByte/QuicksGo/encrypt/gcp-kms/repository.go:630.2,630.37 1 0
github.com/PointerByte/QuicksGo/encrypt/gcp-kms/repository.go:633.58,635.18 2 8
github.com/PointerByte/QuicksGo/encrypt/gcp-kms/repository.go:635.18,637.3 1 2
github.com/PointerByte/QuicksGo/encrypt/gcp-kms/repository.go:638.2,638.18 1 8
github.com/PointerByte/QuicksGo/encrypt/gcp-kms/repository.go:638.18,640.3 1 1
github.com/PointerByte/QuicksGo/encrypt/gcp-kms/repository.go:641.2,641.71 1 7
github.com/PointerByte/QuicksGo/encrypt/gcp-kms/repository.go:641.71,643.3 1 2
github.com/PointerByte/QuicksGo/encrypt/gcp-kms/repository.go:644.2,644.46 1 5
github.com/PointerByte/QuicksGo/encrypt/gcp-kms/repository.go:644.46,646.3 1 5
github.com/PointerByte/QuicksGo/encrypt/gcp-kms/repository.go:647.2,647.35 1 0
github.com/PointerByte/QuicksGo/encrypt/gcp-kms/repository.go:650.65,652.18 2 26
github.com/PointerByte/QuicksGo/encrypt/gcp-kms/repository.go:652.18,654.3 1 11
github.com/PointerByte/QuicksGo/encrypt/gcp-kms/repository.go:655.2,655.18 1 26
github.com/PointerByte/QuicksGo/encrypt/gcp-kms/repository.go:655.18,657.3 1 0
github.com/PointerByte/QuicksGo/encrypt/gcp-kms/repository.go:658.2,658.53 1 26
github.com/PointerByte/QuicksGo/encrypt/gcp-kms/repository.go:658.53,660.3 1 25
github.com/PointerByte/QuicksGo/encrypt/gcp-kms/repository.go:661.2,661.37 1 1
github.com/PointerByte/QuicksGo/encrypt/gcp-kms/repository.go:664.196,665.47 1 3
github.com/PointerByte/QuicksGo/encrypt/gcp-kms/repository.go:665.47,667.3 1 0
github.com/PointerByte/QuicksGo/encrypt/gcp-kms/repository.go:668.2,674.16 2 3
github.com/PointerByte/QuicksGo/encrypt/gcp-kms/repository.go:674.16,676.3 1 0
github.com/PointerByte/QuicksGo/encrypt/gcp-kms/repository.go:677.2,677.29 1 3
github.com/PointerByte/QuicksGo/encrypt/gcp-kms/repository.go:677.29,679.3 1 1
github.com/PointerByte/QuicksGo/encrypt/gcp-kms/repository.go:680.2,680.31 1 2
github.com/PointerByte/QuicksGo/encrypt/gcp-kms/repository.go:683.102,685.16 2 15
github.com/PointerByte/QuicksGo/encrypt/gcp-kms/repository.go:685.16,687.3 1 0
github.com/PointerByte/QuicksGo/encrypt/gcp-kms/repository.go:688.2,689.18 2 15
github.com/PointerByte/QuicksGo/encrypt/gcp-kms/repository.go:689.18,691.3 1 9
github.com/PointerByte/QuicksGo/encrypt/gcp-kms/repository.go:692.2,692.25 1 6
github.com/PointerByte/QuicksGo/encrypt/gcp-kms/repository.go:695.117,696.14 1 6
github.com/PointerByte/QuicksGo/encrypt/gcp-kms/repository.go:697.26,698.66 1 2
github.com/PointerByte/QuicksGo/encrypt/gcp-kms/repository.go:699.26,700.66 1 1
github.com/PointerByte/QuicksGo/encrypt/gcp-kms/repository.go:701.26,702.66 1 1
github.com/PointerByte/QuicksGo/encrypt/gcp-kms/repository.go:703.10,704.70 1 2
github.com/PointerByte/QuicksGo/encrypt/gcp-kms/repository.go:708.51,710.19 2 7
github.com/PointerByte/QuicksGo/encrypt/gcp-kms/repository.go:710.19,712.3 1 1
github.com/PointerByte/QuicksGo/encrypt/gcp-kms/repository.go:713.2,713.48 1 6
github.com/PointerByte/QuicksGo/encrypt/local/pkcs7.go:9.47,10.20 1 2
github.com/PointerByte/QuicksGo/encrypt/local/pkcs7.go:10.20,11.33 1 1
github.com/PointerByte/QuicksGo/encrypt/local/pkcs7.go:13.2,14.17 2 1
github.com/PointerByte/QuicksGo/encrypt/local/pkcs7.go:14.17,16.3 1 0
github.com/PointerByte/QuicksGo/encrypt/local/pkcs7.go:17.2,18.26 2 1
github.com/PointerByte/QuicksGo/encrypt/local/pkcs7.go:23.58,24.42 1 5
github.com/PointerByte/QuicksGo/encrypt/local/pkcs7.go:24.42,26.3 1 2
github.com/PointerByte/QuicksGo/encrypt/local/pkcs7.go:27.2,28.58 2 3
github.com/PointerByte/QuicksGo/encrypt/local/pkcs7.go:28.58,30.3 1 1
github.com/PointerByte/QuicksGo/encrypt/local/pkcs7.go:32.2,32.24 1 2
github.com/PointerByte/QuicksGo/encrypt/local/pkcs7.go:32.24,33.36 1 3
github.com/PointerByte/QuicksGo/encrypt/local/pkcs7.go:33.36,35.4 1 1
github.com/PointerByte/QuicksGo/encrypt/local/pkcs7.go:37.2,37.31 1 1
github.com/PointerByte/QuicksGo/encrypt/local/pkcs7.go:41.44,43.21 2 2
github.com/PointerByte/QuicksGo/encrypt/local/pkcs7.go:43.21,45.3 1 4
github.com/PointerByte/QuicksGo/encrypt/local/pkcs7.go:46.2,46.12 1 2
github.com/PointerByte/QuicksGo/encrypt/local/repository.go:34.44,35.16 1 54
github.com/PointerByte/QuicksGo/encrypt/local/repository.go:35.16,37.3 1 0
github.com/PointerByte/QuicksGo/encrypt/local/repository.go:38.2,38.18 1 54
github.com/PointerByte/QuicksGo/encrypt/local/repository.go:41.82,43.40 2 54
github.com/PointerByte/QuicksGo/encrypt/local/repository.go:43.40,45.3 1 6
github.com/PointerByte/QuicksGo/encrypt/local/repository.go:47.2,48.12 2 48
github.com/PointerByte/QuicksGo/encrypt/local/repository.go:48.12,51.3 2 48
github.com/PointerByte/QuicksGo/encrypt/local/repository.go:53.2,53.9 1 48
github.com/PointerByte/QuicksGo/encrypt/local/repository.go:54.20,55.25 1 0
github.com/PointerByte/QuicksGo/encrypt/local/repository.go:56.24,57.34 1 48
github.com/PointerByte/QuicksGo/encrypt/local/repository.go:65.51,67.2 1 4
github.com/PointerByte/QuicksGo/encrypt/local/repository.go:71.124,72.61 1 2
github.com/PointerByte/QuicksGo/encrypt/local/repository.go:72.61,73.56 1 1
github.com/PointerByte/QuicksGo/encrypt/local/repository.go:73.56,75.4 1 0
github.com/PointerByte/QuicksGo/encrypt/local/repository.go:77.3,78.56 2 1
github.com/PointerByte/QuicksGo/encrypt/local/repository.go:78.56,80.4 1 0
github.com/PointerByte/QuicksGo/encrypt/local/repository.go:81.3,84.9 1 1
github.com/PointerByte/QuicksGo/encrypt/local/repository.go:90.121,91.52 1 5
github.com/PointerByte/QuicksGo/encrypt/local/repository.go:91.52,93.3 1 4
github.com/PointerByte/QuicksGo/encrypt/local/repository.go:96.78,98.16 2 6
github.com/PointerByte/QuicksGo/encrypt/local/repository.go:98.16,100.3 1 1
github.com/PointerByte/QuicksGo/encrypt/local/repository.go:102.2,103.16 2 5
github.com/PointerByte/QuicksGo/encrypt/local/repository.go:103.16,105.3 1 1
github.com/PointerByte/QuicksGo/encrypt/local/repository.go:107.2,108.16 2 4
github.com/PointerByte/QuicksGo/encrypt/local/repository.go:108.16,110.3 1 0
github.com/PointerByte/QuicksGo/encrypt/local/repository.go:112.2,113.44 2 4
github.com/PointerByte/QuicksGo/encrypt/local/repository.go:113.44,115.3 1 0
github.com/PointerByte/QuicksGo/encrypt/local/repository.go:117.2,119.56 3 4
github.com/PointerByte/QuicksGo/encrypt/local/repository.go:123.127,124.52 1 6
github.com/PointerByte/QuicksGo/encrypt/local/repository.go:124.52,126.3 1 5
github.com/PointerByte/QuicksGo/encrypt/local/repository.go:129.84,131.16 2 6
github.com/PointerByte/QuicksGo/encrypt/local/repository.go:131.16,133.3 1 1
github.com/PointerByte/QuicksGo/encrypt/local/repository.go:135.2,136.16 2 5
github.com/PointerByte/QuicksGo/encrypt/local/repository.go:136.16,138.3 1 0
github.com/PointerByte/QuicksGo/encrypt/local/repository.go:140.2,141.16 2 5
github.com/PointerByte/QuicksGo/encrypt/local/repository.go:141.16,143.3 1 0
github.com/PointerByte/QuicksGo/encrypt/local/repository.go:145.2,146.16 2 5
github.com/PointerByte/QuicksGo/encrypt/local/repository.go:146.16,148.3 1 1
github.com/PointerByte/QuicksGo/encrypt/local/repository.go:150.2,150.37 1 4
github.com/PointerByte/QuicksGo/encrypt/local/repository.go:150.37,152.3 1 1
github.com/PointerByte/QuicksGo/encrypt/local/repository.go:154.2,157.16 4 3
github.com/PointerByte/QuicksGo/encrypt/local/repository.go:157.16,159.3 1 1
github.com/PointerByte/QuicksGo/encrypt/local/repository.go:160.2,160.31 1 2
github.com/PointerByte/QuicksGo/encrypt/local/repository.go:166.41,168.2 1 3
github.com/PointerByte/QuicksGo/encrypt/local/repository.go:171.83,172.59 1 2
github.com/PointerByte/QuicksGo/encrypt/local/repository.go:172.59,176.3 3 1
github.com/PointerByte/QuicksGo/encrypt/local/repository.go:177.2,177.16 1 2
github.com/PointerByte/QuicksGo/encrypt/local/repository.go:177.16,179.3 1 1
github.com/PointerByte/QuicksGo/encrypt/local/repository.go:180.2,180.14 1 1
github.com/PointerByte/QuicksGo/encrypt/local/repository.go:184.77,185.59 1 1
github.com/PointerByte/QuicksGo/encrypt/local/repository.go:185.59,188.3 2 1
github.com/PointerByte/QuicksGo/encrypt/local/repository.go:189.2,189.16 1 1
github.com/PointerByte/QuicksGo/encrypt/local/repository.go:189.16,191.3 1 0
github.com/PointerByte/QuicksGo/encrypt/local/repository.go:192.2,192.14 1 1
github.com/PointerByte/QuicksGo/encrypt/local/repository.go:196.74,197.59 1 1
github.com/PointerByte/QuicksGo/encrypt/local/repository.go:197.59,200.3 2 1
github.com/PointerByte/QuicksGo/encrypt/local/repository.go:201.2,201.16 1 1
github.com/PointerByte/QuicksGo/encrypt/local/repository.go:201.16,203.3 1 0
github.com/PointerByte/QuicksGo/encrypt/local/repository.go:204.2,204.14 1 1
github.com/PointerByte/QuicksGo/encrypt/local/repository.go:210.53,212.2 1 4
github.com/PointerByte/QuicksGo/encrypt/local/repository.go:216.121,217.61 1 3
github.com/PointerByte/QuicksGo/encrypt/local/repository.go:217.61,218.57 1 2
github.com/PointerByte/QuicksGo/encrypt/local/repository.go:218.57,220.4 1 1
github.com/PointerByte/QuicksGo/encrypt/local/repository.go:222.3,223.17 2 1
github.com/PointerByte/QuicksGo/encrypt/local/repository.go:223.17,225.4 1 0
github.com/PointerByte/QuicksGo/encrypt/local/repository.go:226.3,235.9 6 1
github.com/PointerByte/QuicksGo/encrypt/local/repository.go:241.124,242.61 1 2
github.com/PointerByte/QuicksGo/encrypt/local/repository.go:242.61,244.17 2 2
github.com/PointerByte/QuicksGo/encrypt/local/repository.go:244.17,246.4 1 1
github.com/PointerByte/QuicksGo/encrypt/local/repository.go:248.3,249.17 2 1
github.com/PointerByte/QuicksGo/encrypt/local/repository.go:249.17,251.4 1 0
github.com/PointerByte/QuicksGo/encrypt/local/repository.go:253.3,254.17 2 1
github.com/PointerByte/QuicksGo/encrypt/local/repository.go:254.17,256.4 1 0
github.com/PointerByte/QuicksGo/encrypt/local/repository.go:258.3,259.17 2 1
github.com/PointerByte/QuicksGo/encrypt/local/repository.go:259.17,261.4 1 0
github.com/PointerByte/QuicksGo/encrypt/local/repository.go:263.3,267.9 1 1
github.com/PointerByte/QuicksGo/encrypt/local/repository.go:273.106,274.52 1 2
github.com/PointerByte/QuicksGo/encrypt/local/repository.go:274.52,276.17 2 2
github.com/PointerByte/QuicksGo/encrypt/local/repository.go:276.17,278.4 1 1
github.com/PointerByte/QuicksGo/encrypt/local/repository.go:280.3,282.17 3 1
github.com/PointerByte/QuicksGo/encrypt/local/repository.go:282.17,284.4 1 0
github.com/PointerByte/QuicksGo/encrypt/local/repository.go:285.3,285.61 1 1
github.com/PointerByte/QuicksGo/encrypt/local/repository.go:291.113,292.52 1 3
github.com/PointerByte/QuicksGo/encrypt/local/repository.go:292.52,294.17 2 3
github.com/PointerByte/QuicksGo/encrypt/local/repository.go:294.17,296.4 1 1
github.com/PointerByte/QuicksGo/encrypt/local/repository.go:298.3,299.17 2 2
github.com/PointerByte/QuicksGo/encrypt/local/repository.go:299.17,301.4 1 1
github.com/PointerByte/QuicksGo/encrypt/local/repository.go:303.3,305.17 3 1
github.com/PointerByte/QuicksGo/encrypt/local/repository.go:305.17,307.4 1 0
github.com/PointerByte/QuicksGo/encrypt/local/repository.go:308.3,308.33 1 1
github.com/PointerByte/QuicksGo/encrypt/local/repository.go:314.112,315.52 1 3
github.com/PointerByte/QuicksGo/encrypt/local/repository.go:315.52,317.17 2 3
github.com/PointerByte/QuicksGo/encrypt/local/repository.go:317.17,319.4 1 1
github.com/PointerByte/QuicksGo/encrypt/local/repository.go:321.3,322.17 2 2
github.com/PointerByte/QuicksGo/encrypt/local/repository.go:322.17,324.4 1 0
github.com/PointerByte/QuicksGo/encrypt/local/repository.go:326.3,327.17 2 2
github.com/PointerByte/QuicksGo/encrypt/local/repository.go:327.17,329.4 1 0
github.com/PointerByte/QuicksGo/encrypt/local/repository.go:331.3,332.17 2 2
github.com/PointerByte/QuicksGo/encrypt/local/repository.go:332.17,334.4 1 0
github.com/PointerByte/QuicksGo/encrypt/local/repository.go:336.3,337.17 2 2
github.com/PointerByte/QuicksGo/encrypt/local/repository.go:337.17,339.4 1 0
github.com/PointerByte/QuicksGo/encrypt/local/repository.go:341.3,343.17 3 2
github.com/PointerByte/QuicksGo/encrypt/local/repository.go:343.17,345.4 1 0
github.com/PointerByte/QuicksGo/encrypt/local/repository.go:347.3,348.17 2 2
github.com/PointerByte/QuicksGo/encrypt/local/repository.go:348.17,350.4 1 0
github.com/PointerByte/QuicksGo/encrypt/local/repository.go:352.3,357.17 2 2
github.com/PointerByte/QuicksGo/encrypt/local/repository.go:357.17,359.4 1 0
github.com/PointerByte/QuicksGo/encrypt/local/repository.go:360.3,360.22 1 2
github.com/PointerByte/QuicksGo/encrypt/local/repository.go:366.119,367.52 1 4
github.com/PointerByte/QuicksGo/encrypt/local/repository.go:367.52,369.17 2 4
github.com/PointerByte/QuicksGo/encrypt/local/repository.go:369.17,371.4 1 1
github.com/PointerByte/QuicksGo/encrypt/local/repository.go:373.3,374.17 2 3
github.com/PointerByte/QuicksGo/encrypt/local/repository.go:374.17,376.4 1 1
github.com/PointerByte/QuicksGo/encrypt/local/repository.go:378.3,379.17 2 2
github.com/PointerByte/QuicksGo/encrypt/local/repository.go:379.17,381.4 1 0
github.com/PointerByte/QuicksGo/encrypt/local/repository.go:383.3,384.17 2 2
github.com/PointerByte/QuicksGo/encrypt/local/repository.go:384.17,386.4 1 0
github.com/PointerByte/QuicksGo/encrypt/local/repository.go:387.3,387.33 1 2
github.com/PointerByte/QuicksGo/encrypt/local/repository.go:387.33,389.4 1 1
github.com/PointerByte/QuicksGo/encrypt/local/repository.go:391.3,392.17 2 1
github.com/PointerByte/QuicksGo/encrypt/local/repository.go:392.17,394.4 1 0
github.com/PointerByte/QuicksGo/encrypt/local/repository.go:396.3,397.17 2 1
github.com/PointerByte/QuicksGo/encrypt/local/repository.go:397.17,399.4 1 0
github.com/PointerByte/QuicksGo/encrypt/local/repository.go:401.3,401.103 1 1
github.com/PointerByte/QuicksGo/encrypt/local/repository.go:408.51,410.2 1 4
github.com/PointerByte/QuicksGo/encrypt/local/repository.go:413.92,414.61 1 2
github.com/PointerByte/QuicksGo/encrypt/local/repository.go:414.61,416.17 2 1
github.com/PointerByte/QuicksGo/encrypt/local/repository.go:416.17,418.4 1 0
github.com/PointerByte/QuicksGo/encrypt/local/repository.go:420.3,421.17 2 1
github.com/PointerByte/QuicksGo/encrypt/local/repository.go:421.17,423.4 1 0
github.com/PointerByte/QuicksGo/encrypt/local/repository.go:424.3,427.17 3 1
github.com/PointerByte/QuicksGo/encrypt/local/repository.go:427.17,429.4 1 0
github.com/PointerByte/QuicksGo/encrypt/local/repository.go:430.3,435.9 2 1
github.com/PointerByte/QuicksGo/encrypt/local/repository.go:439.66,440.14 1 1
github.com/PointerByte/QuicksGo/encrypt/local/repository.go:441.44,442.13 1 1
github.com/PointerByte/QuicksGo/encrypt/local/repository.go:443.10,444.64 1 0
github.com/PointerByte/QuicksGo/encrypt/local/repository.go:448.68,449.14 1 2
github.com/PointerByte/QuicksGo/encrypt/local/repository.go:450.66,451.13 1 1
github.com/PointerByte/QuicksGo/encrypt/local/repository.go:452.10,453.65 1 1
github.com/PointerByte/QuicksGo/encrypt/local/repository.go:458.105,459.52 1 2
github.com/PointerByte/QuicksGo/encrypt/local/repository.go:459.52,461.17 2 2
github.com/PointerByte/QuicksGo/encrypt/local/repository.go:461.17,463.4 1 1
github.com/PointerByte/QuicksGo/encrypt/local/repository.go:465.3,466.59 2 1
github.com/PointerByte/QuicksGo/encrypt/local/repository.go:471.107,472.57 1 4
github.com/PointerByte/QuicksGo/encrypt/local/repository.go:472.57,474.17 2 4
github.com/PointerByte/QuicksGo/encrypt/local/repository.go:474.17,476.4 1 1
github.com/PointerByte/QuicksGo/encrypt/local/repository.go:478.3,479.17 2 3
github.com/PointerByte/QuicksGo/encrypt/local/repository.go:479.17,481.4 1 1
github.com/PointerByte/QuicksGo/encrypt/local/repository.go:483.3,483.70 1 2
github.com/PointerByte/QuicksGo/encrypt/local/repository.go:483.70,485.4 1 1
github.com/PointerByte/QuicksGo/encrypt/local/repository.go:486.3,486.25 1 1
github.com/PointerByte/QuicksGo/encrypt/local/repository.go:488.2,488.12 1 4
github.com/PointerByte/QuicksGo/encrypt/local/repository.go:492.101,493.52 1 2
github.com/PointerByte/QuicksGo/encrypt/local/repository.go:493.52,495.17 2 2
github.com/PointerByte/QuicksGo/encrypt/local/repository.go:495.17,497.4 1 1
github.com/PointerByte/QuicksGo/encrypt/local/repository.go:499.3,501.17 3 1
github.com/PointerByte/QuicksGo/encrypt/local/repository.go:501.17,503.4 1 0
github.com/PointerByte/QuicksGo/encrypt/local/repository.go:504.3,504.59 1 1
github.com/PointerByte/QuicksGo/encrypt/local/repository.go:509.103,510.57 1 4
github.com/PointerByte/QuicksGo/encrypt/local/repository.go:510.57,512.17 2 4
github.com/PointerByte/QuicksGo/encrypt/local/repository.go:512.17,514.4 1 1
github.com/PointerByte/QuicksGo/encrypt/local/repository.go:516.3,517.17 2 3
github.com/PointerByte/QuicksGo/encrypt/local/repository.go:517.17,519.4 1 1
github.com/PointerByte/QuicksGo/encrypt/local/repository.go:521.3,522.91 2 2
github.com/PointerByte/QuicksGo/encrypt/local/repository.go:522.91,524.4 1 1
github.com/PointerByte/QuicksGo/encrypt/local/repository.go:525.3,525.25 1 1
github.com/PointerByte/QuicksGo/encrypt/local/repository.go:527.2,527.12 1 4
github.com/PointerByte/QuicksGo/encrypt/local/repository.go:532.115,533.52 1 2
github.com/PointerByte/QuicksGo/encrypt/local/repository.go:533.52,535.17 2 2
github.com/PointerByte/QuicksGo/encrypt/local/repository.go:535.17,537.4 1 1
github.com/PointerByte/QuicksGo/encrypt/local/repository.go:539.3,541.17 3 1
github.com/PointerByte/QuicksGo/encrypt/local/repository.go:541.17,543.4 1 0
github.com/PointerByte/QuicksGo/encrypt/local/repository.go:544.3,544.59 1 1
github.com/PointerByte/QuicksGo/encrypt/local/repository.go:549.124,550.57 1 4
github.com/PointerByte/QuicksGo/encrypt/local/repository.go:550.57,552.17 2 4
github.com/PointerByte/QuicksGo/encrypt/local/repository.go:552.17,554.4 1 1
github.com/PointerByte/QuicksGo/encrypt/local/repository.go:556.3,558.17 3 3
github.com/PointerByte/QuicksGo/encrypt/local/repository.go:558.17,560.4 1 1
github.com/PointerByte/QuicksGo/encrypt/local/repository.go:561.3,561.95 1 2
github.com/PointerByte/QuicksGo/encrypt/local/repository.go:561.95,563.4 1 1
github.com/PointerByte/QuicksGo/encrypt/local/repository.go:564.3,564.25 1 1
github.com/PointerByte/QuicksGo/encrypt/local/repository.go:566.2,566.12 1 4
github.com/PointerByte/QuicksGo/encrypt/local/repository.go:578.34,585.2 1 1
github.com/PointerByte/QuicksGo/encrypt/utilities/utilities.go:35.70,37.16 2 4
github.com/PointerByte/QuicksGo/encrypt/utilities/utilities.go:37.16,39.3 1 1
github.com/PointerByte/QuicksGo/encrypt/utilities/utilities.go:41.2,42.16 2 3
github.com/PointerByte/QuicksGo/encrypt/utilities/utilities.go:42.16,44.3 1 1
github.com/PointerByte/QuicksGo/encrypt/utilities/utilities.go:46.2,47.9 2 2
github.com/PointerByte/QuicksGo/encrypt/utilities/utilities.go:47.9,49.3 1 1
github.com/PointerByte/QuicksGo/encrypt/utilities/utilities.go:50.2,50.17 1 1
github.com/PointerByte/QuicksGo/encrypt/utilities/utilities.go:54.72,56.16 2 3
github.com/PointerByte/QuicksGo/encrypt/utilities/utilities.go:56.16,58.3 1 2
github.com/PointerByte/QuicksGo/encrypt/utilities/utilities.go:60.2,61.16 2 1
github.com/PointerByte/QuicksGo/encrypt/utilities/utilities.go:61.16,63.3 1 0
github.com/PointerByte/QuicksGo/encrypt/utilities/utilities.go:65.2,66.9 2 1
github.com/PointerByte/QuicksGo/encrypt/utilities/utilities.go:66.9,68.3 1 0
github.com/PointerByte/QuicksGo/encrypt/utilities/utilities.go:69.2,69.17 1 1
github.com/PointerByte/QuicksGo/encrypt/utilities/utilities.go:73.72,75.16 2 4
github.com/PointerByte/QuicksGo/encrypt/utilities/utilities.go:75.16,77.3 1 1
github.com/PointerByte/QuicksGo/encrypt/utilities/utilities.go:79.2,80.16 2 3
github.com/PointerByte/QuicksGo/encrypt/utilities/utilities.go:80.16,82.3 1 1
github.com/PointerByte/QuicksGo/encrypt/utilities/utilities.go:84.2,85.9 2 2
github.com/PointerByte/QuicksGo/encrypt/utilities/utilities.go:85.9,87.3 1 1
github.com/PointerByte/QuicksGo/encrypt/utilities/utilities.go:88.2,88.18 1 1
github.com/PointerByte/QuicksGo/encrypt/utilities/utilities.go:92.74,94.16 2 1
github.com/PointerByte/QuicksGo/encrypt/utilities/utilities.go:94.16,96.3 1 0
github.com/PointerByte/QuicksGo/encrypt/utilities/utilities.go:98.2,99.16 2 1
github.com/PointerByte/QuicksGo/encrypt/utilities/utilities.go:99.16,101.3 1 0
github.com/PointerByte/QuicksGo/encrypt/utilities/utilities.go:103.2,104.9 2 1
github.com/PointerByte/QuicksGo/encrypt/utilities/utilities.go:104.9,106.3 1 0
github.com/PointerByte/QuicksGo/encrypt/utilities/utilities.go:107.2,107.18 1 1
github.com/PointerByte/QuicksGo/encrypt/utilities/utilities.go:111.77,113.16 2 4
github.com/PointerByte/QuicksGo/encrypt/utilities/utilities.go:113.16,115.3 1 1
github.com/PointerByte/QuicksGo/encrypt/utilities/utilities.go:117.2,118.16 2 3
github.com/PointerByte/QuicksGo/encrypt/utilities/utilities.go:118.16,120.3 1 1
github.com/PointerByte/QuicksGo/encrypt/utilities/utilities.go:122.2,123.9 2 2
github.com/PointerByte/QuicksGo/encrypt/utilities/utilities.go:123.9,125.3 1 1
github.com/PointerByte/QuicksGo/encrypt/utilities/utilities.go:126.2,126.23 1 1
github.com/PointerByte/QuicksGo/encrypt/utilities/utilities.go:131.79,133.16 2 1
github.com/PointerByte/QuicksGo/encrypt/utilities/utilities.go:133.16,135.3 1 0
github.com/PointerByte/QuicksGo/encrypt/utilities/utilities.go:137.2,138.16 2 1
github.com/PointerByte/QuicksGo/encrypt/utilities/utilities.go:138.16,140.3 1 0
github.com/PointerByte/QuicksGo/encrypt/utilities/utilities.go:142.2,143.9 2 1
github.com/PointerByte/QuicksGo/encrypt/utilities/utilities.go:143.9,145.3 1 0
github.com/PointerByte/QuicksGo/encrypt/utilities/utilities.go:146.2,146.23 1 1
github.com/PointerByte/QuicksGo/encrypt/utilities/utilities.go:150.79,152.16 2 4
github.com/PointerByte/QuicksGo/encrypt/utilities/utilities.go:152.16,154.3 1 1
github.com/PointerByte/QuicksGo/encrypt/utilities/utilities.go:156.2,157.16 2 3
github.com/PointerByte/QuicksGo/encrypt/utilities/utilities.go:157.16,159.3 1 1
github.com/PointerByte/QuicksGo/encrypt/utilities/utilities.go:161.2,162.9 2 2
github.com/PointerByte/QuicksGo/encrypt/utilities/utilities.go:162.9,164.3 1 1
github.com/PointerByte/QuicksGo/encrypt/utilities/utilities.go:165.2,165.24 1 1
github.com/PointerByte/QuicksGo/encrypt/utilities/utilities.go:170.81,172.16 2 2
github.com/PointerByte/QuicksGo/encrypt/utilities/utilities.go:172.16,174.3 1 0
github.com/PointerByte/QuicksGo/encrypt/utilities/utilities.go:176.2,177.16 2 2
github.com/PointerByte/QuicksGo/encrypt/utilities/utilities.go:177.16,179.3 1 1
github.com/PointerByte/QuicksGo/encrypt/utilities/utilities.go:181.2,182.9 2 1
github.com/PointerByte/QuicksGo/encrypt/utilities/utilities.go:182.9,184.3 1 0
github.com/PointerByte/QuicksGo/encrypt/utilities/utilities.go:185.2,185.24 1 1
github.com/PointerByte/QuicksGo/encrypt/utilities/utilities.go:189.72,191.16 2 5
github.com/PointerByte/QuicksGo/encrypt/utilities/utilities.go:191.16,193.3 1 1
github.com/PointerByte/QuicksGo/encrypt/utilities/utilities.go:195.2,196.16 2 4
github.com/PointerByte/QuicksGo/encrypt/utilities/utilities.go:196.16,198.3 1 1
github.com/PointerByte/QuicksGo/encrypt/utilities/utilities.go:200.2,200.42 1 3
github.com/PointerByte/QuicksGo/encrypt/utilities/utilities.go:201.23,202.24 1 0
github.com/PointerByte/QuicksGo/encrypt/utilities/utilities.go:203.24,205.17 2 2
github.com/PointerByte/QuicksGo/encrypt/utilities/utilities.go:205.17,207.4 1 0
github.com/PointerByte/QuicksGo/encrypt/utilities/utilities.go:208.3,208.28 1 2
github.com/PointerByte/QuicksGo/encrypt/utilities/utilities.go:209.10,210.57 1 1
github.com/PointerByte/QuicksGo/encrypt/utilities/utilities.go:215.74,217.16 2 2
github.com/PointerByte/QuicksGo/encrypt/utilities/utilities.go:217.16,219.3 1 0
github.com/PointerByte/QuicksGo/encrypt/utilities/utilities.go:221.2,222.16 2 2
github.com/PointerByte/QuicksGo/encrypt/utilities/utilities.go:222.16,224.3 1 0
github.com/PointerByte/QuicksGo/encrypt/utilities/utilities.go:226.2,226.42 1 2
github.com/PointerByte/QuicksGo/encrypt/utilities/utilities.go:227.23,228.24 1 0
github.com/PointerByte/QuicksGo/encrypt/utilities/utilities.go:229.24,231.17 2 1
github.com/PointerByte/QuicksGo/encrypt/utilities/utilities.go:231.17,233.4 1 0
github.com/PointerByte/QuicksGo/encrypt/utilities/utilities.go:234.3,234.28 1 1
github.com/PointerByte/QuicksGo/encrypt/utilities/utilities.go:235.10,236.57 1 1
github.com/PointerByte/QuicksGo/encrypt/utilities/utilities.go:241.74,243.16 2 5
github.com/PointerByte/QuicksGo/encrypt/utilities/utilities.go:243.16,245.3 1 1
github.com/PointerByte/QuicksGo/encrypt/utilities/utilities.go:247.2,248.16 2 4
github.com/PointerByte/QuicksGo/encrypt/utilities/utilities.go:248.16,250.3 1 1
github.com/PointerByte/QuicksGo/encrypt/utilities/utilities.go:252.2,252.44 1 3
github.com/PointerByte/QuicksGo/encrypt/utilities/utilities.go:253.24,254.25 1 0
github.com/PointerByte/QuicksGo/encrypt/utilities/utilities.go:255.25,257.17 2 2
github.com/PointerByte/QuicksGo/encrypt/utilities/utilities.go:257.17,259.4 1 0
github.com/PointerByte/QuicksGo/encrypt/utilities/utilities.go:260.3,260.29 1 2
github.com/PointerByte/QuicksGo/encrypt/utilities/utilities.go:261.10,262.58 1 1
github.com/PointerByte/QuicksGo/encrypt/utilities/utilities.go:267.76,269.16 2 1
github.com/PointerByte/QuicksGo/encrypt/utilities/utilities.go:269.16,271.3 1 0
github.com/PointerByte/QuicksGo/encrypt/utilities/utilities.go:273.2,274.16 2 1
github.com/PointerByte/QuicksGo/encrypt/utilities/utilities.go:274.16,276.3 1 0
github.com/PointerByte/QuicksGo/encrypt/utilities/utilities.go:278.2,278.44 1 1
github.com/PointerByte/QuicksGo/encrypt/utilities/utilities.go:279.24,280.25 1 0
github.com/PointerByte/QuicksGo/encrypt/utilities/utilities.go:281.25,283.17 2 1
github.com/PointerByte/QuicksGo/encrypt/utilities/utilities.go:283.17,285.4 1 0
github.com/PointerByte/QuicksGo/encrypt/utilities/utilities.go:286.3,286.29 1 1
github.com/PointerByte/QuicksGo/encrypt/utilities/utilities.go:287.10,288.58 1 0
github.com/PointerByte/QuicksGo/encrypt/utilities/utilities.go:293.37,295.16 2 2
github.com/PointerByte/QuicksGo/encrypt/utilities/utilities.go:295.16,297.3 1 1
github.com/PointerByte/QuicksGo/encrypt/utilities/utilities.go:298.2,299.19 2 1
github.com/PointerByte/QuicksGo/encrypt/utilities/utilities.go:303.52,304.18 1 2
github.com/PointerByte/QuicksGo/encrypt/utilities/utilities.go:304.18,306.3 1 1
github.com/PointerByte/QuicksGo/encrypt/utilities/utilities.go:307.2,307.23 1 1
github.com/PointerByte/QuicksGo/encrypt/utilities/utilities.go:311.76,312.15 1 2
github.com/PointerByte/QuicksGo/encrypt/utilities/utilities.go:313.24,314.26 1 1
github.com/PointerByte/QuicksGo/encrypt/utilities/utilities.go:315.24,316.26 1 0
github.com/PointerByte/QuicksGo/encrypt/utilities/utilities.go:317.24,318.26 1 0
github.com/PointerByte/QuicksGo/encrypt/utilities/utilities.go:319.10,320.61 1 1
github.com/PointerByte/QuicksGo/encrypt/utilities/utilities.go:325.58,326.15 1 1
github.com/PointerByte/QuicksGo/encrypt/utilities/utilities.go:327.19,328.39 1 0
github.com/PointerByte/QuicksGo/encrypt/utilities/utilities.go:329.19,330.39 1 0
github.com/PointerByte/QuicksGo/encrypt/utilities/utilities.go:331.19,332.39 1 1
github.com/PointerByte/QuicksGo/encrypt/utilities/utilities.go:333.10,334.49 1 0
github.com/PointerByte/QuicksGo/encrypt/utilities/utilities.go:339.77,341.16 2 1
github.com/PointerByte/QuicksGo/encrypt/utilities/utilities.go:341.16,343.3 1 0
github.com/PointerByte/QuicksGo/encrypt/utilities/utilities.go:344.2,344.17 1 1
github.com/PointerByte/QuicksGo/encrypt/utilities/utilities.go:348.71,350.16 2 1
github.com/PointerByte/QuicksGo/encrypt/utilities/utilities.go:350.16,352.3 1 0
github.com/PointerByte/QuicksGo/encrypt/utilities/utilities.go:353.2,353.61 1 1
github.com/PointerByte/QuicksGo/encrypt/utilities/utilities.go:357.75,359.16 2 2
github.com/PointerByte/QuicksGo/encrypt/utilities/utilities.go:359.16,361.3 1 0
github.com/PointerByte/QuicksGo/encrypt/utilities/utilities.go:363.2,364.63 2 2
github.com/PointerByte/QuicksGo/encrypt/utilities/utilities.go:364.63,366.3 1 0
github.com/PointerByte/QuicksGo/encrypt/utilities/utilities.go:367.2,367.89 1 2
github.com/PointerByte/QuicksGo/encrypt/utilities/utilities.go:367.89,369.3 1 1
github.com/PointerByte/QuicksGo/encrypt/utilities/utilities.go:370.2,370.22 1 1
github.com/PointerByte/QuicksGo/encrypt/utilities/utilities.go:373.47,375.16 2 10
github.com/PointerByte/QuicksGo/encrypt/utilities/utilities.go:375.16,377.3 1 1
github.com/PointerByte/QuicksGo/encrypt/utilities/utilities.go:379.2,380.18 2 9
github.com/PointerByte/QuicksGo/encrypt/utilities/utilities.go:380.18,382.3 1 1
github.com/PointerByte/QuicksGo/encrypt/utilities/utilities.go:383.2,383.25 1 8
