mode: atomic
github.com/PointerByte/QuicksGo/config/proto/methods.pb.go:32.32,37.2 4 1
github.com/PointerByte/QuicksGo/config/proto/methods.pb.go:39.40,41.2 1 1
github.com/PointerByte/QuicksGo/config/proto/methods.pb.go:43.38,43.39 0 0
github.com/PointerByte/QuicksGo/config/proto/methods.pb.go:45.60,47.14 2 4
github.com/PointerByte/QuicksGo/config/proto/methods.pb.go:47.14,49.34 2 3
github.com/PointerByte/QuicksGo/config/proto/methods.pb.go:49.34,51.4 1 1
github.com/PointerByte/QuicksGo/config/proto/methods.pb.go:52.3,52.12 1 3
github.com/PointerByte/QuicksGo/config/proto/methods.pb.go:54.2,54.24 1 1
github.com/PointerByte/QuicksGo/config/proto/methods.pb.go:58.51,60.2 1 1
github.com/PointerByte/QuicksGo/config/proto/methods.pb.go:62.41,63.14 1 5
github.com/PointerByte/QuicksGo/config/proto/methods.pb.go:63.14,65.3 1 4
github.com/PointerByte/QuicksGo/config/proto/methods.pb.go:66.2,66.11 1 1
github.com/PointerByte/QuicksGo/config/proto/methods.pb.go:77.30,82.2 4 1
github.com/PointerByte/QuicksGo/config/proto/methods.pb.go:84.38,86.2 1 1
github.com/PointerByte/QuicksGo/config/proto/methods.pb.go:88.36,88.37 0 0
github.com/PointerByte/QuicksGo/config/proto/methods.pb.go:90.58,92.14 2 4
github.com/PointerByte/QuicksGo/config/proto/methods.pb.go:92.14,94.34 2 3
github.com/PointerByte/QuicksGo/config/proto/methods.pb.go:94.34,96.4 1 1
github.com/PointerByte/QuicksGo/config/proto/methods.pb.go:97.3,97.12 1 3
github.com/PointerByte/QuicksGo/config/proto/methods.pb.go:99.2,99.24 1 1
github.com/PointerByte/QuicksGo/config/proto/methods.pb.go:103.49,105.2 1 1
github.com/PointerByte/QuicksGo/config/proto/methods.pb.go:107.42,108.14 1 6
github.com/PointerByte/QuicksGo/config/proto/methods.pb.go:108.14,110.3 1 5
github.com/PointerByte/QuicksGo/config/proto/methods.pb.go:111.2,111.11 1 1
github.com/PointerByte/QuicksGo/config/proto/methods.pb.go:124.31,129.2 4 1
github.com/PointerByte/QuicksGo/config/proto/methods.pb.go:131.39,133.2 1 1
github.com/PointerByte/QuicksGo/config/proto/methods.pb.go:135.37,135.38 0 0
github.com/PointerByte/QuicksGo/config/proto/methods.pb.go:137.59,139.14 2 4
github.com/PointerByte/QuicksGo/config/proto/methods.pb.go:139.14,141.34 2 3
github.com/PointerByte/QuicksGo/config/proto/methods.pb.go:141.34,143.4 1 1
github.com/PointerByte/QuicksGo/config/proto/methods.pb.go:144.3,144.12 1 3
github.com/PointerByte/QuicksGo/config/proto/methods.pb.go:146.2,146.24 1 1
github.com/PointerByte/QuicksGo/config/proto/methods.pb.go:150.50,152.2 1 1
github.com/PointerByte/QuicksGo/config/proto/methods.pb.go:154.40,155.14 1 3
github.com/PointerByte/QuicksGo/config/proto/methods.pb.go:155.14,157.3 1 2
github.com/PointerByte/QuicksGo/config/proto/methods.pb.go:158.2,158.11 1 1
github.com/PointerByte/QuicksGo/config/proto/methods.pb.go:161.43,162.14 1 5
github.com/PointerByte/QuicksGo/config/proto/methods.pb.go:162.14,164.3 1 4
github.com/PointerByte/QuicksGo/config/proto/methods.pb.go:165.2,165.11 1 1
github.com/PointerByte/QuicksGo/config/proto/methods.pb.go:168.45,169.14 1 3
github.com/PointerByte/QuicksGo/config/proto/methods.pb.go:169.14,171.3 1 2
github.com/PointerByte/QuicksGo/config/proto/methods.pb.go:172.2,172.10 1 1
github.com/PointerByte/QuicksGo/config/proto/methods.pb.go:185.31,190.2 4 1
github.com/PointerByte/QuicksGo/config/proto/methods.pb.go:192.39,194.2 1 1
github.com/PointerByte/QuicksGo/config/proto/methods.pb.go:196.37,196.38 0 0
github.com/PointerByte/QuicksGo/config/proto/methods.pb.go:198.59,200.14 2 4
github.com/PointerByte/QuicksGo/config/proto/methods.pb.go:200.14,202.34 2 3
github.com/PointerByte/QuicksGo/config/proto/methods.pb.go:202.34,204.4 1 1
github.com/PointerByte/QuicksGo/config/proto/methods.pb.go:205.3,205.12 1 3
github.com/PointerByte/QuicksGo/config/proto/methods.pb.go:207.2,207.24 1 1
github.com/PointerByte/QuicksGo/config/proto/methods.pb.go:211.50,213.2 1 1
github.com/PointerByte/QuicksGo/config/proto/methods.pb.go:215.42,216.14 1 5
github.com/PointerByte/QuicksGo/config/proto/methods.pb.go:216.14,218.3 1 4
github.com/PointerByte/QuicksGo/config/proto/methods.pb.go:219.2,219.11 1 1
github.com/PointerByte/QuicksGo/config/proto/methods.pb.go:222.48,223.14 1 4
github.com/PointerByte/QuicksGo/config/proto/methods.pb.go:223.14,225.3 1 3
github.com/PointerByte/QuicksGo/config/proto/methods.pb.go:226.2,226.10 1 1
github.com/PointerByte/QuicksGo/config/proto/methods.pb.go:229.47,230.14 1 5
github.com/PointerByte/QuicksGo/config/proto/methods.pb.go:230.14,232.3 1 4
github.com/PointerByte/QuicksGo/config/proto/methods.pb.go:233.2,233.11 1 1
github.com/PointerByte/QuicksGo/config/proto/methods.pb.go:248.32,253.2 4 1
github.com/PointerByte/QuicksGo/config/proto/methods.pb.go:255.40,257.2 1 1
github.com/PointerByte/QuicksGo/config/proto/methods.pb.go:259.38,259.39 0 0
github.com/PointerByte/QuicksGo/config/proto/methods.pb.go:261.60,263.14 2 4
github.com/PointerByte/QuicksGo/config/proto/methods.pb.go:263.14,265.34 2 3
github.com/PointerByte/QuicksGo/config/proto/methods.pb.go:265.34,267.4 1 1
github.com/PointerByte/QuicksGo/config/proto/methods.pb.go:268.3,268.12 1 3
github.com/PointerByte/QuicksGo/config/proto/methods.pb.go:270.2,270.24 1 1
github.com/PointerByte/QuicksGo/config/proto/methods.pb.go:274.51,276.2 1 1
github.com/PointerByte/QuicksGo/config/proto/methods.pb.go:278.44,279.14 1 5
github.com/PointerByte/QuicksGo/config/proto/methods.pb.go:279.14,281.3 1 4
github.com/PointerByte/QuicksGo/config/proto/methods.pb.go:282.2,282.11 1 1
github.com/PointerByte/QuicksGo/config/proto/methods.pb.go:285.43,286.14 1 4
github.com/PointerByte/QuicksGo/config/proto/methods.pb.go:286.14,288.3 1 3
github.com/PointerByte/QuicksGo/config/proto/methods.pb.go:289.2,289.11 1 1
github.com/PointerByte/QuicksGo/config/proto/methods.pb.go:292.42,293.14 1 4
github.com/PointerByte/QuicksGo/config/proto/methods.pb.go:293.14,295.3 1 3
github.com/PointerByte/QuicksGo/config/proto/methods.pb.go:296.2,296.11 1 1
github.com/PointerByte/QuicksGo/config/proto/methods.pb.go:299.44,300.14 1 6
github.com/PointerByte/QuicksGo/config/proto/methods.pb.go:300.14,302.3 1 5
github.com/PointerByte/QuicksGo/config/proto/methods.pb.go:303.2,303.11 1 1
github.com/PointerByte/QuicksGo/config/proto/methods.pb.go:306.49,307.14 1 3
github.com/PointerByte/QuicksGo/config/proto/methods.pb.go:307.14,309.3 1 2
github.com/PointerByte/QuicksGo/config/proto/methods.pb.go:310.2,310.10 1 1
github.com/PointerByte/QuicksGo/config/proto/methods.pb.go:350.52,351.49 1 7
github.com/PointerByte/QuicksGo/config/proto/methods.pb.go:351.49,353.3 1 1
github.com/PointerByte/QuicksGo/config/proto/methods.pb.go:354.2,354.45 1 7
github.com/PointerByte/QuicksGo/config/proto/methods.pb.go:379.13,379.48 1 1
github.com/PointerByte/QuicksGo/config/proto/methods.pb.go:380.38,381.37 1 2
github.com/PointerByte/QuicksGo/config/proto/methods.pb.go:381.37,383.3 1 1
github.com/PointerByte/QuicksGo/config/proto/methods.pb.go:384.2,400.40 5 1
github.com/PointerByte/QuicksGo/config/proto/methods_grpc.pb.go:45.66,47.2 1 6
github.com/PointerByte/QuicksGo/config/proto/methods_grpc.pb.go:49.119,53.16 4 2
github.com/PointerByte/QuicksGo/config/proto/methods_grpc.pb.go:53.16,55.3 1 1
github.com/PointerByte/QuicksGo/config/proto/methods_grpc.pb.go:56.2,56.17 1 1
github.com/PointerByte/QuicksGo/config/proto/methods_grpc.pb.go:59.144,62.16 3 2
github.com/PointerByte/QuicksGo/config/proto/methods_grpc.pb.go:62.16,64.3 1 1
github.com/PointerByte/QuicksGo/config/proto/methods_grpc.pb.go:65.2,66.15 2 1
github.com/PointerByte/QuicksGo/config/proto/methods_grpc.pb.go:72.146,75.16 3 2
github.com/PointerByte/QuicksGo/config/proto/methods_grpc.pb.go:75.16,77.3 1 1
github.com/PointerByte/QuicksGo/config/proto/methods_grpc.pb.go:78.2,79.15 2 1
github.com/PointerByte/QuicksGo/config/proto/methods_grpc.pb.go:107.97,109.2 1 1
github.com/PointerByte/QuicksGo/config/proto/methods_grpc.pb.go:110.106,112.2 1 1
github.com/PointerByte/QuicksGo/config/proto/methods_grpc.pb.go:113.108,115.2 1 1
github.com/PointerByte/QuicksGo/config/proto/methods_grpc.pb.go:116.74,116.75 0 1
github.com/PointerByte/QuicksGo/config/proto/methods_grpc.pb.go:117.74,117.75 0 2
github.com/PointerByte/QuicksGo/config/proto/methods_grpc.pb.go:126.72,131.59 1 1
github.com/PointerByte/QuicksGo/config/proto/methods_grpc.pb.go:131.59,133.3 1 1
github.com/PointerByte/QuicksGo/config/proto/methods_grpc.pb.go:134.2,134.46 1 1
github.com/PointerByte/QuicksGo/config/proto/methods_grpc.pb.go:137.161,139.32 2 3
github.com/PointerByte/QuicksGo/config/proto/methods_grpc.pb.go:139.32,141.3 1 1
github.com/PointerByte/QuicksGo/config/proto/methods_grpc.pb.go:142.2,142.24 1 2
github.com/PointerByte/QuicksGo/config/proto/methods_grpc.pb.go:142.24,144.3 1 1
github.com/PointerByte/QuicksGo/config/proto/methods_grpc.pb.go:145.2,149.77 2 1
github.com/PointerByte/QuicksGo/config/proto/methods_grpc.pb.go:149.77,151.3 1 1
github.com/PointerByte/QuicksGo/config/proto/methods_grpc.pb.go:152.2,152.44 1 1
github.com/PointerByte/QuicksGo/config/proto/methods_grpc.pb.go:155.83,157.2 1 2
github.com/PointerByte/QuicksGo/config/proto/methods_grpc.pb.go:162.85,164.2 1 2
github.com/PointerByte/QuicksGo/config/utilities/jobs/jobs.go:45.13,47.2 1 1
github.com/PointerByte/QuicksGo/config/utilities/jobs/jobs.go:126.22,130.2 3 9
github.com/PointerByte/QuicksGo/config/utilities/jobs/jobs.go:147.79,148.32 1 8
github.com/PointerByte/QuicksGo/config/utilities/jobs/jobs.go:148.32,150.3 1 0
github.com/PointerByte/QuicksGo/config/utilities/jobs/jobs.go:151.2,153.22 2 8
github.com/PointerByte/QuicksGo/config/utilities/jobs/jobs.go:153.22,154.58 1 1
github.com/PointerByte/QuicksGo/config/utilities/jobs/jobs.go:154.58,156.4 1 1
github.com/PointerByte/QuicksGo/config/utilities/jobs/jobs.go:157.3,157.9 1 1
github.com/PointerByte/QuicksGo/config/utilities/jobs/jobs.go:160.2,162.15 3 7
github.com/PointerByte/QuicksGo/config/utilities/jobs/jobs.go:173.69,175.2 1 0
github.com/PointerByte/QuicksGo/config/utilities/jobs/jobs.go:185.80,186.15 1 2
github.com/PointerByte/QuicksGo/config/utilities/jobs/jobs.go:186.15,188.3 1 0
github.com/PointerByte/QuicksGo/config/utilities/jobs/jobs.go:189.2,191.22 2 2
github.com/PointerByte/QuicksGo/config/utilities/jobs/jobs.go:191.22,192.58 1 2
github.com/PointerByte/QuicksGo/config/utilities/jobs/jobs.go:192.58,194.4 1 2
github.com/PointerByte/QuicksGo/config/utilities/jobs/jobs.go:195.3,195.9 1 2
github.com/PointerByte/QuicksGo/config/utilities/jobs/jobs.go:198.2,200.15 3 0
github.com/PointerByte/QuicksGo/config/utilities/jobs/jobs.go:210.70,212.2 1 0
github.com/PointerByte/QuicksGo/config/utilities/jobs/jobs.go:216.13,219.2 2 1
github.com/PointerByte/QuicksGo/config/utilities/jobs/jobs.go:228.18,229.12 1 0
github.com/PointerByte/QuicksGo/config/utilities/jobs/jobs.go:229.12,230.7 1 0
github.com/PointerByte/QuicksGo/config/utilities/jobs/jobs.go:230.7,231.11 1 0
github.com/PointerByte/QuicksGo/config/utilities/jobs/jobs.go:232.23,234.27 2 0
github.com/PointerByte/QuicksGo/config/utilities/jobs/jobs.go:235.12,236.27 1 0
github.com/PointerByte/QuicksGo/config/utilities/jobs/jobs.go:236.27,238.6 1 0
github.com/PointerByte/QuicksGo/config/utilities/jobs/jobs.go:239.5,239.28 1 0
github.com/PointerByte/QuicksGo/config/utilities/jobs/jobs.go:249.20,251.2 1 1
github.com/PointerByte/QuicksGo/config/utilities/jobs/jobs.go:262.28,263.38 1 10
github.com/PointerByte/QuicksGo/config/utilities/jobs/jobs.go:263.38,265.3 1 1
github.com/PointerByte/QuicksGo/config/utilities/jobs/jobs.go:266.2,266.44 1 9
github.com/PointerByte/QuicksGo/config/utilities/jobs/jobs.go:266.44,268.3 1 1
github.com/PointerByte/QuicksGo/config/utilities/jobs/jobs.go:269.2,277.31 7 8
github.com/PointerByte/QuicksGo/config/utilities/jobs/jobs.go:277.31,279.3 1 6
github.com/PointerByte/QuicksGo/config/utilities/jobs/jobs.go:280.2,280.27 1 8
github.com/PointerByte/QuicksGo/config/utilities/jobs/jobs.go:280.27,282.3 1 0
github.com/PointerByte/QuicksGo/config/utilities/jobs/jobs.go:284.2,284.27 1 8
github.com/PointerByte/QuicksGo/config/utilities/jobs/jobs.go:287.23,288.43 1 81
github.com/PointerByte/QuicksGo/config/utilities/jobs/jobs.go:288.43,289.58 1 8
github.com/PointerByte/QuicksGo/config/utilities/jobs/jobs.go:289.58,291.4 1 8
github.com/PointerByte/QuicksGo/config/utilities/jobs/jobs.go:292.3,292.14 1 8
github.com/PointerByte/QuicksGo/config/utilities/jobs/jobs.go:298.31,305.2 5 74
github.com/PointerByte/QuicksGo/config/utilities/jobs/jobs.go:313.26,316.2 2 2
github.com/PointerByte/QuicksGo/config/utilities/jobs/jobs.go:329.34,332.26 3 16
github.com/PointerByte/QuicksGo/config/utilities/jobs/jobs.go:332.26,334.3 1 79
github.com/PointerByte/QuicksGo/config/utilities/jobs/jobs.go:335.2,337.25 2 16
github.com/PointerByte/QuicksGo/config/utilities/jobs/jobs.go:337.25,338.16 1 79
github.com/PointerByte/QuicksGo/config/utilities/jobs/jobs.go:338.16,340.4 1 72
github.com/PointerByte/QuicksGo/config/utilities/jobs/jobs.go:340.9,342.4 1 7
github.com/PointerByte/QuicksGo/config/utilities/jobs/jobs.go:345.2,345.28 1 16
github.com/PointerByte/QuicksGo/config/utilities/jobs/jobs.go:353.29,355.2 1 0
github.com/PointerByte/QuicksGo/config/utilities/jobs/jobs.go:376.24,380.2 3 9
github.com/PointerByte/QuicksGo/config/utilities/jobs/jobs.go:382.26,386.2 3 2
github.com/PointerByte/QuicksGo/config/utilities/jobs/jobs.go:388.71,389.17 1 7
github.com/PointerByte/QuicksGo/config/utilities/jobs/jobs.go:389.17,394.43 4 7
github.com/PointerByte/QuicksGo/config/utilities/jobs/jobs.go:394.43,398.4 3 1
github.com/PointerByte/QuicksGo/config/utilities/jobs/jobs.go:401.3,403.7 2 7
github.com/PointerByte/QuicksGo/config/utilities/jobs/jobs.go:403.7,404.11 1 20
github.com/PointerByte/QuicksGo/config/utilities/jobs/jobs.go:405.20,406.12 1 13
github.com/PointerByte/QuicksGo/config/utilities/jobs/jobs.go:407.21,409.11 1 1
github.com/PointerByte/QuicksGo/config/utilities/jobs/jobs.go:410.18,411.11 1 6
github.com/PointerByte/QuicksGo/config/utilities/jobs/jobs.go:417.63,419.12 2 2
github.com/PointerByte/QuicksGo/config/utilities/jobs/jobs.go:419.12,423.23 2 2
github.com/PointerByte/QuicksGo/config/utilities/jobs/jobs.go:423.23,424.8 1 1
github.com/PointerByte/QuicksGo/config/utilities/jobs/jobs.go:424.8,428.12 3 2
github.com/PointerByte/QuicksGo/config/utilities/jobs/jobs.go:429.20,430.13 1 1
github.com/PointerByte/QuicksGo/config/utilities/jobs/jobs.go:431.19,432.23 1 1
github.com/PointerByte/QuicksGo/config/utilities/jobs/jobs.go:432.24,434.7 0 0
github.com/PointerByte/QuicksGo/config/utilities/jobs/jobs.go:435.6,435.12 1 1
github.com/PointerByte/QuicksGo/config/utilities/jobs/jobs.go:442.3,445.10 3 1
github.com/PointerByte/QuicksGo/config/utilities/jobs/jobs.go:446.18,447.11 1 1
github.com/PointerByte/QuicksGo/config/utilities/jobs/jobs.go:448.17,449.21 1 0
github.com/PointerByte/QuicksGo/config/utilities/jobs/jobs.go:449.22,451.5 0 0
github.com/PointerByte/QuicksGo/config/utilities/jobs/jobs.go:452.4,452.10 1 0
github.com/PointerByte/QuicksGo/config/utilities/jobs/jobs.go:455.3,458.7 3 1
github.com/PointerByte/QuicksGo/config/utilities/jobs/jobs.go:458.7,459.11 1 3
github.com/PointerByte/QuicksGo/config/utilities/jobs/jobs.go:460.20,461.12 1 2
github.com/PointerByte/QuicksGo/config/utilities/jobs/jobs.go:462.18,463.22 1 1
github.com/PointerByte/QuicksGo/config/utilities/jobs/jobs.go:463.23,465.6 0 1
github.com/PointerByte/QuicksGo/config/utilities/jobs/jobs.go:466.5,466.11 1 1
github.com/PointerByte/QuicksGo/config/utilities/jobs/jobs.go:472.62,476.22 3 3
github.com/PointerByte/QuicksGo/config/utilities/jobs/jobs.go:476.22,478.3 1 1
github.com/PointerByte/QuicksGo/config/utilities/jobs/jobs.go:479.2,479.25 1 3
github.com/PointerByte/QuicksGo/config/clientHttp/IRest.go:77.77,85.2 3 17
github.com/PointerByte/QuicksGo/config/clientHttp/IRest.go:87.47,89.2 1 8
github.com/PointerByte/QuicksGo/config/clientHttp/IRest.go:91.63,94.19 3 11
github.com/PointerByte/QuicksGo/config/clientHttp/IRest.go:94.19,96.3 1 6
github.com/PointerByte/QuicksGo/config/clientHttp/IRest.go:97.2,98.23 2 5
github.com/PointerByte/QuicksGo/config/clientHttp/IRest.go:101.63,107.26 4 14
github.com/PointerByte/QuicksGo/config/clientHttp/IRest.go:107.26,109.3 1 0
github.com/PointerByte/QuicksGo/config/clientHttp/IRest.go:110.2,110.28 1 14
github.com/PointerByte/QuicksGo/config/clientHttp/IRest.go:110.28,112.44 1 8
github.com/PointerByte/QuicksGo/config/clientHttp/IRest.go:112.44,113.12 1 6
github.com/PointerByte/QuicksGo/config/clientHttp/IRest.go:115.3,115.26 1 2
github.com/PointerByte/QuicksGo/config/clientHttp/IRest.go:115.26,117.4 1 2
github.com/PointerByte/QuicksGo/config/clientHttp/IRest.go:120.2,121.16 2 14
github.com/PointerByte/QuicksGo/config/clientHttp/IRest.go:121.16,123.3 1 1
github.com/PointerByte/QuicksGo/config/clientHttp/IRest.go:124.2,124.18 1 13
github.com/PointerByte/QuicksGo/config/clientHttp/IRest.go:127.56,128.21 1 5
github.com/PointerByte/QuicksGo/config/clientHttp/IRest.go:128.21,130.3 1 2
github.com/PointerByte/QuicksGo/config/clientHttp/IRest.go:131.2,131.29 1 3
github.com/PointerByte/QuicksGo/config/clientHttp/IRest.go:134.48,135.19 1 11
github.com/PointerByte/QuicksGo/config/clientHttp/IRest.go:135.19,137.3 1 3
github.com/PointerByte/QuicksGo/config/clientHttp/IRest.go:138.2,138.30 1 8
github.com/PointerByte/QuicksGo/config/clientHttp/IRest.go:141.49,144.2 2 7
github.com/PointerByte/QuicksGo/config/clientHttp/IRest.go:146.82,147.21 1 5
github.com/PointerByte/QuicksGo/config/clientHttp/IRest.go:147.21,149.3 1 1
github.com/PointerByte/QuicksGo/config/clientHttp/IRest.go:151.2,153.27 3 4
github.com/PointerByte/QuicksGo/config/clientHttp/IRest.go:153.27,156.3 2 3
github.com/PointerByte/QuicksGo/config/clientHttp/IRest.go:156.8,158.3 1 1
github.com/PointerByte/QuicksGo/config/clientHttp/IRest.go:159.2,159.16 1 4
github.com/PointerByte/QuicksGo/config/clientHttp/IRest.go:159.16,161.3 1 1
github.com/PointerByte/QuicksGo/config/clientHttp/IRest.go:162.2,168.29 5 3
github.com/PointerByte/QuicksGo/config/clientHttp/IRest.go:171.99,172.21 1 4
github.com/PointerByte/QuicksGo/config/clientHttp/IRest.go:172.21,174.3 1 1
github.com/PointerByte/QuicksGo/config/clientHttp/IRest.go:176.2,178.27 3 3
github.com/PointerByte/QuicksGo/config/clientHttp/IRest.go:178.27,181.3 2 1
github.com/PointerByte/QuicksGo/config/clientHttp/IRest.go:181.8,183.3 1 2
github.com/PointerByte/QuicksGo/config/clientHttp/IRest.go:184.2,184.16 1 3
github.com/PointerByte/QuicksGo/config/clientHttp/IRest.go:184.16,186.3 1 1
github.com/PointerByte/QuicksGo/config/clientHttp/IRest.go:187.2,193.29 5 2
github.com/PointerByte/QuicksGo/config/clientHttp/IRest.go:196.98,197.21 1 4
github.com/PointerByte/QuicksGo/config/clientHttp/IRest.go:197.21,199.3 1 1
github.com/PointerByte/QuicksGo/config/clientHttp/IRest.go:201.2,203.27 3 3
github.com/PointerByte/QuicksGo/config/clientHttp/IRest.go:203.27,206.3 2 1
github.com/PointerByte/QuicksGo/config/clientHttp/IRest.go:206.8,208.3 1 2
github.com/PointerByte/QuicksGo/config/clientHttp/IRest.go:209.2,209.16 1 3
github.com/PointerByte/QuicksGo/config/clientHttp/IRest.go:209.16,211.3 1 1
github.com/PointerByte/QuicksGo/config/clientHttp/IRest.go:212.2,218.29 5 2
github.com/PointerByte/QuicksGo/config/clientHttp/IRest.go:221.100,222.21 1 4
github.com/PointerByte/QuicksGo/config/clientHttp/IRest.go:222.21,224.3 1 1
github.com/PointerByte/QuicksGo/config/clientHttp/IRest.go:226.2,228.27 3 3
github.com/PointerByte/QuicksGo/config/clientHttp/IRest.go:228.27,231.3 2 1
github.com/PointerByte/QuicksGo/config/clientHttp/IRest.go:231.8,233.3 1 2
github.com/PointerByte/QuicksGo/config/clientHttp/IRest.go:234.2,234.16 1 3
github.com/PointerByte/QuicksGo/config/clientHttp/IRest.go:234.16,236.3 1 1
github.com/PointerByte/QuicksGo/config/clientHttp/IRest.go:237.2,243.29 5 2
github.com/PointerByte/QuicksGo/config/clientHttp/IRest.go:246.101,247.21 1 5
github.com/PointerByte/QuicksGo/config/clientHttp/IRest.go:247.21,249.3 1 2
github.com/PointerByte/QuicksGo/config/clientHttp/IRest.go:251.2,253.27 3 3
github.com/PointerByte/QuicksGo/config/clientHttp/IRest.go:253.27,256.3 2 1
github.com/PointerByte/QuicksGo/config/clientHttp/IRest.go:256.8,258.3 1 2
github.com/PointerByte/QuicksGo/config/clientHttp/IRest.go:259.2,259.16 1 3
github.com/PointerByte/QuicksGo/config/clientHttp/IRest.go:259.16,261.3 1 1
github.com/PointerByte/QuicksGo/config/clientHttp/IRest.go:262.2,268.29 5 2
github.com/PointerByte/QuicksGo/config/clientHttp/IRestGeneric.go:155.97,160.2 1 16
github.com/PointerByte/QuicksGo/config/clientHttp/IRestGeneric.go:164.121,174.2 4 10
github.com/PointerByte/QuicksGo/config/clientHttp/IRestGeneric.go:187.113,188.21 1 6
github.com/PointerByte/QuicksGo/config/clientHttp/IRestGeneric.go:188.21,190.3 1 0
github.com/PointerByte/QuicksGo/config/clientHttp/IRestGeneric.go:191.2,191.15 1 6
github.com/PointerByte/QuicksGo/config/clientHttp/IRestGeneric.go:191.15,194.3 2 6
github.com/PointerByte/QuicksGo/config/clientHttp/IRestGeneric.go:195.2,195.25 1 6
github.com/PointerByte/QuicksGo/config/clientHttp/IRestGeneric.go:195.25,201.23 6 6
github.com/PointerByte/QuicksGo/config/clientHttp/IRestGeneric.go:201.23,203.4 1 6
github.com/PointerByte/QuicksGo/config/clientHttp/IRestGeneric.go:205.2,205.37 1 6
github.com/PointerByte/QuicksGo/config/clientHttp/IRestGeneric.go:205.37,209.67 3 6
github.com/PointerByte/QuicksGo/config/clientHttp/IRestGeneric.go:209.67,211.18 2 0
github.com/PointerByte/QuicksGo/config/clientHttp/IRestGeneric.go:211.18,213.5 1 0
github.com/PointerByte/QuicksGo/config/clientHttp/IRestGeneric.go:214.4,214.40 1 0
github.com/PointerByte/QuicksGo/config/clientHttp/IRestGeneric.go:216.3,216.28 1 6
github.com/PointerByte/QuicksGo/config/clientHttp/IRestGeneric.go:218.2,218.12 1 6
github.com/PointerByte/QuicksGo/config/clientHttp/IRestGeneric.go:222.39,224.2 1 10
github.com/PointerByte/QuicksGo/config/clientHttp/IRestGeneric.go:233.85,234.21 1 3
github.com/PointerByte/QuicksGo/config/clientHttp/IRestGeneric.go:234.21,236.3 1 1
github.com/PointerByte/QuicksGo/config/clientHttp/IRestGeneric.go:238.2,240.22 3 2
github.com/PointerByte/QuicksGo/config/clientHttp/IRestGeneric.go:240.22,243.3 2 2
github.com/PointerByte/QuicksGo/config/clientHttp/IRestGeneric.go:245.2,246.21 2 2
github.com/PointerByte/QuicksGo/config/clientHttp/IRestGeneric.go:246.21,248.3 1 1
github.com/PointerByte/QuicksGo/config/clientHttp/IRestGeneric.go:248.8,250.3 1 1
github.com/PointerByte/QuicksGo/config/clientHttp/IRestGeneric.go:252.2,253.16 2 2
github.com/PointerByte/QuicksGo/config/clientHttp/IRestGeneric.go:253.16,254.22 1 1
github.com/PointerByte/QuicksGo/config/clientHttp/IRestGeneric.go:254.22,256.4 1 0
github.com/PointerByte/QuicksGo/config/clientHttp/IRestGeneric.go:257.3,257.13 1 1
github.com/PointerByte/QuicksGo/config/clientHttp/IRestGeneric.go:259.2,264.16 5 1
github.com/PointerByte/QuicksGo/config/clientHttp/IRestGeneric.go:264.16,266.3 1 0
github.com/PointerByte/QuicksGo/config/clientHttp/IRestGeneric.go:267.2,267.70 1 1
github.com/PointerByte/QuicksGo/config/clientHttp/IRestGeneric.go:270.53,272.21 2 2
github.com/PointerByte/QuicksGo/config/clientHttp/IRestGeneric.go:272.21,274.3 1 1
github.com/PointerByte/QuicksGo/config/clientHttp/IRestGeneric.go:274.8,276.3 1 1
github.com/PointerByte/QuicksGo/config/clientHttp/IRestGeneric.go:277.2,277.28 1 2
github.com/PointerByte/QuicksGo/config/clientHttp/IRestGeneric.go:277.28,279.3 1 1
github.com/PointerByte/QuicksGo/config/clientHttp/IRestGeneric.go:280.2,281.16 2 1
github.com/PointerByte/QuicksGo/config/clientHttp/IRestGeneric.go:281.16,283.3 1 0
github.com/PointerByte/QuicksGo/config/clientHttp/IRestGeneric.go:284.2,285.38 2 1
github.com/PointerByte/QuicksGo/config/clientHttp/IRestGeneric.go:285.38,286.28 1 2
github.com/PointerByte/QuicksGo/config/clientHttp/IRestGeneric.go:286.28,288.4 1 2
github.com/PointerByte/QuicksGo/config/clientHttp/IRestGeneric.go:290.2,291.24 2 1
github.com/PointerByte/QuicksGo/config/clientHttp/IRestGeneric.go:299.84,300.21 1 3
github.com/PointerByte/QuicksGo/config/clientHttp/IRestGeneric.go:300.21,302.3 1 1
github.com/PointerByte/QuicksGo/config/clientHttp/IRestGeneric.go:304.2,306.22 3 2
github.com/PointerByte/QuicksGo/config/clientHttp/IRestGeneric.go:306.22,309.3 2 2
github.com/PointerByte/QuicksGo/config/clientHttp/IRestGeneric.go:311.2,312.16 2 2
github.com/PointerByte/QuicksGo/config/clientHttp/IRestGeneric.go:312.16,314.3 1 0
github.com/PointerByte/QuicksGo/config/clientHttp/IRestGeneric.go:315.2,320.16 5 2
github.com/PointerByte/QuicksGo/config/clientHttp/IRestGeneric.go:320.16,322.3 1 0
github.com/PointerByte/QuicksGo/config/clientHttp/IRestGeneric.go:323.2,323.70 1 2
github.com/PointerByte/QuicksGo/config/clientHttp/IRestGeneric.go:330.84,331.21 1 3
github.com/PointerByte/QuicksGo/config/clientHttp/IRestGeneric.go:331.21,333.3 1 1
github.com/PointerByte/QuicksGo/config/clientHttp/IRestGeneric.go:335.2,337.22 3 2
github.com/PointerByte/QuicksGo/config/clientHttp/IRestGeneric.go:337.22,340.3 2 2
github.com/PointerByte/QuicksGo/config/clientHttp/IRestGeneric.go:342.2,343.21 2 2
github.com/PointerByte/QuicksGo/config/clientHttp/IRestGeneric.go:343.21,345.3 1 0
github.com/PointerByte/QuicksGo/config/clientHttp/IRestGeneric.go:345.8,347.3 1 2
github.com/PointerByte/QuicksGo/config/clientHttp/IRestGeneric.go:349.2,350.16 2 2
github.com/PointerByte/QuicksGo/config/clientHttp/IRestGeneric.go:350.16,351.22 1 1
github.com/PointerByte/QuicksGo/config/clientHttp/IRestGeneric.go:351.22,353.4 1 0
github.com/PointerByte/QuicksGo/config/clientHttp/IRestGeneric.go:354.3,354.13 1 1
github.com/PointerByte/QuicksGo/config/clientHttp/IRestGeneric.go:356.2,361.16 5 1
github.com/PointerByte/QuicksGo/config/clientHttp/IRestGeneric.go:361.16,363.3 1 0
github.com/PointerByte/QuicksGo/config/clientHttp/IRestGeneric.go:364.2,364.70 1 1
github.com/PointerByte/QuicksGo/config/clientHttp/IRestGeneric.go:371.86,372.21 1 3
github.com/PointerByte/QuicksGo/config/clientHttp/IRestGeneric.go:372.21,374.3 1 1
github.com/PointerByte/QuicksGo/config/clientHttp/IRestGeneric.go:376.2,378.22 3 2
github.com/PointerByte/QuicksGo/config/clientHttp/IRestGeneric.go:378.22,381.3 2 2
github.com/PointerByte/QuicksGo/config/clientHttp/IRestGeneric.go:383.2,384.21 2 2
github.com/PointerByte/QuicksGo/config/clientHttp/IRestGeneric.go:384.21,386.3 1 1
github.com/PointerByte/QuicksGo/config/clientHttp/IRestGeneric.go:386.8,388.3 1 1
github.com/PointerByte/QuicksGo/config/clientHttp/IRestGeneric.go:390.2,391.16 2 2
github.com/PointerByte/QuicksGo/config/clientHttp/IRestGeneric.go:391.16,392.22 1 1
github.com/PointerByte/QuicksGo/config/clientHttp/IRestGeneric.go:392.22,394.4 1 0
github.com/PointerByte/QuicksGo/config/clientHttp/IRestGeneric.go:395.3,395.13 1 1
github.com/PointerByte/QuicksGo/config/clientHttp/IRestGeneric.go:397.2,402.16 5 1
github.com/PointerByte/QuicksGo/config/clientHttp/IRestGeneric.go:402.16,404.3 1 0
github.com/PointerByte/QuicksGo/config/clientHttp/IRestGeneric.go:405.2,405.70 1 1
github.com/PointerByte/QuicksGo/config/clientHttp/IRestGeneric.go:413.87,414.21 1 3
github.com/PointerByte/QuicksGo/config/clientHttp/IRestGeneric.go:414.21,416.3 1 1
github.com/PointerByte/QuicksGo/config/clientHttp/IRestGeneric.go:418.2,420.22 3 2
github.com/PointerByte/QuicksGo/config/clientHttp/IRestGeneric.go:420.22,423.3 2 2
github.com/PointerByte/QuicksGo/config/clientHttp/IRestGeneric.go:425.2,426.21 2 2
github.com/PointerByte/QuicksGo/config/clientHttp/IRestGeneric.go:426.21,428.3 1 0
github.com/PointerByte/QuicksGo/config/clientHttp/IRestGeneric.go:428.8,430.3 1 2
github.com/PointerByte/QuicksGo/config/clientHttp/IRestGeneric.go:432.2,433.16 2 2
github.com/PointerByte/QuicksGo/config/clientHttp/IRestGeneric.go:433.16,434.22 1 1
github.com/PointerByte/QuicksGo/config/clientHttp/IRestGeneric.go:434.22,436.4 1 0
github.com/PointerByte/QuicksGo/config/clientHttp/IRestGeneric.go:437.3,437.13 1 1
github.com/PointerByte/QuicksGo/config/clientHttp/IRestGeneric.go:439.2,444.16 5 1
github.com/PointerByte/QuicksGo/config/clientHttp/IRestGeneric.go:444.16,446.3 1 0
github.com/PointerByte/QuicksGo/config/clientHttp/IRestGeneric.go:447.2,447.70 1 1
github.com/PointerByte/QuicksGo/config/clientHttp/clienthttp.go:12.76,13.15 1 31
github.com/PointerByte/QuicksGo/config/clientHttp/clienthttp.go:13.15,15.3 1 0
github.com/PointerByte/QuicksGo/config/clientHttp/clienthttp.go:16.2,19.3 1 31
github.com/PointerByte/QuicksGo/config/clientHttp/mocksIRest.go:28.55,32.2 3 8
github.com/PointerByte/QuicksGo/config/clientHttp/mocksIRest.go:35.53,37.2 1 12
github.com/PointerByte/QuicksGo/config/clientHttp/mocksIRest.go:40.60,46.2 5 2
github.com/PointerByte/QuicksGo/config/clientHttp/mocksIRest.go:49.70,52.2 2 2
github.com/PointerByte/QuicksGo/config/clientHttp/mocksIRest.go:55.86,61.2 5 1
github.com/PointerByte/QuicksGo/config/clientHttp/mocksIRest.go:64.89,67.2 2 1
github.com/PointerByte/QuicksGo/config/clientHttp/mocksIRest.go:70.105,76.2 5 2
github.com/PointerByte/QuicksGo/config/clientHttp/mocksIRest.go:79.98,82.2 2 2
github.com/PointerByte/QuicksGo/config/clientHttp/mocksIRest.go:85.104,91.2 5 1
github.com/PointerByte/QuicksGo/config/clientHttp/mocksIRest.go:94.97,97.2 2 1
github.com/PointerByte/QuicksGo/config/clientHttp/mocksIRest.go:100.103,106.2 5 1
github.com/PointerByte/QuicksGo/config/clientHttp/mocksIRest.go:109.96,112.2 2 1
github.com/PointerByte/QuicksGo/config/clientHttp/mocksIRest.go:115.102,121.2 5 2
github.com/PointerByte/QuicksGo/config/clientHttp/mocksIRest.go:124.95,127.2 2 2
github.com/PointerByte/QuicksGo/config/clientHttp/mocksIRest.go:130.53,133.2 2 1
github.com/PointerByte/QuicksGo/config/clientHttp/mocksIRest.go:136.75,139.2 2 1
github.com/PointerByte/QuicksGo/config/clientHttp/mocksIRest.go:142.52,145.2 2 1
github.com/PointerByte/QuicksGo/config/clientHttp/mocksIRest.go:148.78,151.2 2 1
github.com/PointerByte/QuicksGo/config/clientHttp/mocksIRest.go:154.51,157.2 2 1
github.com/PointerByte/QuicksGo/config/clientHttp/mocksIRest.go:160.75,163.2 2 1
github.com/PointerByte/QuicksGo/config/clientHttp/mocksIRestGeneric.go:26.69,30.2 3 5
github.com/PointerByte/QuicksGo/config/clientHttp/mocksIRestGeneric.go:33.67,35.2 1 5
github.com/PointerByte/QuicksGo/config/clientHttp/mocksIRestGeneric.go:38.43,41.2 2 0
github.com/PointerByte/QuicksGo/config/clientHttp/mocksIRestGeneric.go:44.69,47.2 2 0
github.com/PointerByte/QuicksGo/config/clientHttp/mocksIRestGeneric.go:50.88,55.2 4 1
github.com/PointerByte/QuicksGo/config/clientHttp/mocksIRestGeneric.go:58.89,61.2 2 1
github.com/PointerByte/QuicksGo/config/clientHttp/mocksIRestGeneric.go:64.91,69.2 4 1
github.com/PointerByte/QuicksGo/config/clientHttp/mocksIRestGeneric.go:72.92,75.2 2 1
github.com/PointerByte/QuicksGo/config/clientHttp/mocksIRestGeneric.go:78.90,83.2 4 1
github.com/PointerByte/QuicksGo/config/clientHttp/mocksIRestGeneric.go:86.91,89.2 2 1
github.com/PointerByte/QuicksGo/config/clientHttp/mocksIRestGeneric.go:92.89,97.2 4 1
github.com/PointerByte/QuicksGo/config/clientHttp/mocksIRestGeneric.go:100.90,103.2 2 1
github.com/PointerByte/QuicksGo/config/clientHttp/mocksIRestGeneric.go:106.88,111.2 4 1
github.com/PointerByte/QuicksGo/config/clientHttp/mocksIRestGeneric.go:114.89,117.2 2 1
github.com/PointerByte/QuicksGo/config/main.go:36.39,36.61 1 0
github.com/PointerByte/QuicksGo/config/main.go:37.54,37.85 1 0
github.com/PointerByte/QuicksGo/config/main.go:38.50,38.82 1 0
github.com/PointerByte/QuicksGo/config/main.go:41.47,41.89 1 0
github.com/PointerByte/QuicksGo/config/main.go:44.13,45.35 1 5
github.com/PointerByte/QuicksGo/config/main.go:46.22,47.43 1 2
github.com/PointerByte/QuicksGo/config/main.go:47.43,49.4 1 1
github.com/PointerByte/QuicksGo/config/main.go:50.23,51.44 1 2
github.com/PointerByte/QuicksGo/config/main.go:51.44,53.4 1 1
github.com/PointerByte/QuicksGo/config/main.go:54.10,55.136 1 1
github.com/PointerByte/QuicksGo/config/main.go:59.28,61.16 2 3
github.com/PointerByte/QuicksGo/config/main.go:61.16,63.3 1 1
github.com/PointerByte/QuicksGo/config/main.go:65.2,66.16 2 2
github.com/PointerByte/QuicksGo/config/main.go:66.16,68.3 1 1
github.com/PointerByte/QuicksGo/config/main.go:70.2,70.41 1 1
github.com/PointerByte/QuicksGo/config/main.go:70.41,78.3 3 1
github.com/PointerByte/QuicksGo/config/main.go:80.2,81.12 2 1
github.com/PointerByte/QuicksGo/config/main.go:84.29,87.55 2 2
github.com/PointerByte/QuicksGo/config/main.go:87.55,89.3 1 1
github.com/PointerByte/QuicksGo/config/main.go:89.17,91.3 1 1
github.com/PointerByte/QuicksGo/config/main.go:93.2,93.20 1 1
github.com/PointerByte/QuicksGo/config/main.go:96.105,101.2 2 1
github.com/PointerByte/QuicksGo/config/main.go:103.113,109.6 2 3
github.com/PointerByte/QuicksGo/config/main.go:109.6,111.10 2 5
github.com/PointerByte/QuicksGo/config/main.go:112.31,117.6 1 2
github.com/PointerByte/QuicksGo/config/main.go:118.19,119.14 1 1
github.com/PointerByte/QuicksGo/config/main.go:120.11,122.34 2 2
github.com/PointerByte/QuicksGo/config/main.go:127.115,128.6 1 3
github.com/PointerByte/QuicksGo/config/main.go:128.6,130.10 2 4
github.com/PointerByte/QuicksGo/config/main.go:131.31,132.14 1 1
github.com/PointerByte/QuicksGo/config/main.go:133.19,134.14 1 1
github.com/PointerByte/QuicksGo/config/main.go:135.11,142.19 1 2
github.com/PointerByte/QuicksGo/config/main.go:142.19,144.5 1 1
github.com/PointerByte/QuicksGo/config/utilities/traces/grpc.go:21.53,23.22 2 3
github.com/PointerByte/QuicksGo/config/utilities/traces/grpc.go:23.22,25.3 1 2
github.com/PointerByte/QuicksGo/config/utilities/traces/grpc.go:26.2,26.18 1 1
github.com/PointerByte/QuicksGo/config/utilities/traces/grpc.go:29.60,32.2 2 0
github.com/PointerByte/QuicksGo/config/utilities/traces/grpc.go:34.46,37.22 3 0
github.com/PointerByte/QuicksGo/config/utilities/traces/grpc.go:37.22,39.3 1 0
github.com/PointerByte/QuicksGo/config/utilities/traces/grpc.go:40.2,40.13 1 0
github.com/PointerByte/QuicksGo/config/utilities/traces/grpc.go:48.55,50.2 1 1
github.com/PointerByte/QuicksGo/config/utilities/traces/grpc.go:52.60,53.112 1 1
github.com/PointerByte/QuicksGo/config/utilities/traces/grpc.go:53.112,60.3 5 1
github.com/PointerByte/QuicksGo/config/utilities/traces/grpc.go:63.62,64.112 1 1
github.com/PointerByte/QuicksGo/config/utilities/traces/grpc.go:64.112,74.3 5 1
github.com/PointerByte/QuicksGo/config/utilities/traces/grpc.go:77.90,79.15 2 2
github.com/PointerByte/QuicksGo/config/utilities/traces/grpc.go:79.15,81.3 1 1
github.com/PointerByte/QuicksGo/config/utilities/traces/grpc.go:82.2,94.3 3 2
github.com/PointerByte/QuicksGo/config/utilities/traces/grpc.go:97.55,98.16 1 2
github.com/PointerByte/QuicksGo/config/utilities/traces/grpc.go:98.16,102.3 3 1
github.com/PointerByte/QuicksGo/config/utilities/traces/grpc.go:104.2,107.47 4 1
github.com/PointerByte/QuicksGo/config/utilities/traces/grpc.go:110.60,113.21 3 4
github.com/PointerByte/QuicksGo/config/utilities/traces/grpc.go:113.21,115.3 1 0
github.com/PointerByte/QuicksGo/config/utilities/traces/grpc.go:116.2,116.21 1 4
github.com/PointerByte/QuicksGo/config/utilities/traces/grpc.go:116.21,118.3 1 1
github.com/PointerByte/QuicksGo/config/utilities/traces/grpc.go:119.2,119.27 1 3
github.com/PointerByte/QuicksGo/config/utilities/traces/http.go:73.73,76.36 2 5
github.com/PointerByte/QuicksGo/config/utilities/traces/http.go:76.36,79.38 3 1
github.com/PointerByte/QuicksGo/config/utilities/traces/http.go:79.38,79.52 1 1
github.com/PointerByte/QuicksGo/config/utilities/traces/http.go:82.2,83.16 2 4
github.com/PointerByte/QuicksGo/config/utilities/traces/http.go:83.16,85.3 1 1
github.com/PointerByte/QuicksGo/config/utilities/traces/http.go:87.2,89.16 3 3
github.com/PointerByte/QuicksGo/config/utilities/traces/http.go:89.16,91.3 1 1
github.com/PointerByte/QuicksGo/config/utilities/traces/http.go:92.2,93.26 2 2
github.com/PointerByte/QuicksGo/config/utilities/traces/http.go:93.26,95.3 1 2
github.com/PointerByte/QuicksGo/config/utilities/traces/http.go:97.2,98.16 2 2
github.com/PointerByte/QuicksGo/config/utilities/traces/http.go:98.16,100.3 1 1
github.com/PointerByte/QuicksGo/config/utilities/traces/http.go:101.2,102.28 2 1
github.com/PointerByte/QuicksGo/config/utilities/traces/http.go:102.28,104.3 1 1
github.com/PointerByte/QuicksGo/config/utilities/traces/http.go:106.2,106.41 1 1
github.com/PointerByte/QuicksGo/config/utilities/traces/http.go:106.41,108.38 2 1
github.com/PointerByte/QuicksGo/config/utilities/traces/http.go:108.38,110.4 1 2
github.com/PointerByte/QuicksGo/config/utilities/traces/http.go:111.3,111.13 1 1
github.com/PointerByte/QuicksGo/config/utilities/traces/http.go:121.39,128.55 2 1
github.com/PointerByte/QuicksGo/config/utilities/traces/http.go:128.55,129.32 1 2
github.com/PointerByte/QuicksGo/config/utilities/traces/http.go:129.32,130.46 1 2
github.com/PointerByte/QuicksGo/config/utilities/traces/http.go:130.46,132.6 1 1
github.com/PointerByte/QuicksGo/config/utilities/traces/http.go:134.4,134.15 1 1
github.com/PointerByte/QuicksGo/config/utilities/traces/http.go:136.78,141.4 1 1
github.com/PointerByte/QuicksGo/config/utilities/traces/http.go:147.132,148.38 1 3
github.com/PointerByte/QuicksGo/config/utilities/traces/http.go:148.38,150.3 1 1
github.com/PointerByte/QuicksGo/config/utilities/traces/http.go:152.2,153.28 2 2
github.com/PointerByte/QuicksGo/config/utilities/traces/http.go:153.28,155.3 1 1
github.com/PointerByte/QuicksGo/config/utilities/traces/http.go:157.2,158.16 2 1
github.com/PointerByte/QuicksGo/config/utilities/traces/http.go:158.16,160.3 1 0
github.com/PointerByte/QuicksGo/config/utilities/traces/http.go:162.2,169.29 2 1
github.com/PointerByte/QuicksGo/config/utilities/traces/http.go:174.96,175.22 1 6
github.com/PointerByte/QuicksGo/config/utilities/traces/http.go:176.14,177.35 1 3
github.com/PointerByte/QuicksGo/config/utilities/traces/http.go:178.15,179.34 1 1
github.com/PointerByte/QuicksGo/config/utilities/traces/http.go:180.24,181.34 1 1
github.com/PointerByte/QuicksGo/config/utilities/traces/http.go:182.11,183.82 1 1
github.com/PointerByte/QuicksGo/config/utilities/traces/http.go:185.28,186.57 1 2
github.com/PointerByte/QuicksGo/config/utilities/traces/http.go:187.10,188.67 1 1
github.com/PointerByte/QuicksGo/config/utilities/traces/http.go:194.131,196.28 2 2
github.com/PointerByte/QuicksGo/config/utilities/traces/http.go:196.28,198.3 1 1
github.com/PointerByte/QuicksGo/config/utilities/traces/http.go:200.2,201.16 2 1
github.com/PointerByte/QuicksGo/config/utilities/traces/http.go:201.16,203.3 1 0
github.com/PointerByte/QuicksGo/config/utilities/traces/http.go:205.2,210.29 2 1
github.com/PointerByte/QuicksGo/config/utilities/traces/http.go:215.90,216.22 1 5
github.com/PointerByte/QuicksGo/config/utilities/traces/http.go:217.14,218.36 1 3
github.com/PointerByte/QuicksGo/config/utilities/traces/http.go:219.15,221.18 2 1
github.com/PointerByte/QuicksGo/config/utilities/traces/http.go:221.18,223.5 1 1
github.com/PointerByte/QuicksGo/config/utilities/traces/http.go:224.4,224.53 1 0
github.com/PointerByte/QuicksGo/config/utilities/traces/http.go:225.24,227.18 2 1
github.com/PointerByte/QuicksGo/config/utilities/traces/http.go:227.18,229.5 1 1
github.com/PointerByte/QuicksGo/config/utilities/traces/http.go:230.4,230.53 1 0
github.com/PointerByte/QuicksGo/config/utilities/traces/http.go:231.11,232.83 1 1
github.com/PointerByte/QuicksGo/config/utilities/traces/http.go:234.20,235.35 1 1
github.com/PointerByte/QuicksGo/config/utilities/traces/http.go:236.10,237.68 1 1
github.com/PointerByte/QuicksGo/config/utilities/traces/http.go:242.67,252.26 3 3
github.com/PointerByte/QuicksGo/config/utilities/traces/http.go:252.26,254.3 1 2
github.com/PointerByte/QuicksGo/config/utilities/traces/http.go:255.2,255.81 1 3
github.com/PointerByte/QuicksGo/config/utilities/traces/http.go:255.81,257.3 1 1
github.com/PointerByte/QuicksGo/config/utilities/traces/http.go:258.2,258.26 1 3
github.com/PointerByte/QuicksGo/config/utilities/traces/http.go:258.26,260.3 1 2
github.com/PointerByte/QuicksGo/config/utilities/traces/http.go:262.2,262.39 1 3
github.com/PointerByte/QuicksGo/config/utilities/traces/http.go:266.52,268.15 2 7
github.com/PointerByte/QuicksGo/config/utilities/traces/http.go:268.15,270.3 1 6
github.com/PointerByte/QuicksGo/config/utilities/traces/http.go:272.2,273.47 2 7
github.com/PointerByte/QuicksGo/config/utilities/traces/http.go:273.47,274.51 1 18
github.com/PointerByte/QuicksGo/config/utilities/traces/http.go:275.19,275.19 0 1
github.com/PointerByte/QuicksGo/config/utilities/traces/http.go:276.23,277.65 1 7
github.com/PointerByte/QuicksGo/config/utilities/traces/http.go:278.18,279.60 1 7
github.com/PointerByte/QuicksGo/config/utilities/traces/http.go:280.13,281.47 1 1
github.com/PointerByte/QuicksGo/config/utilities/traces/http.go:282.18,283.89 1 1
github.com/PointerByte/QuicksGo/config/utilities/traces/http.go:287.2,287.27 1 7
github.com/PointerByte/QuicksGo/config/utilities/traces/http.go:287.27,289.3 1 0
github.com/PointerByte/QuicksGo/config/utilities/traces/http.go:290.2,290.66 1 7
github.com/PointerByte/QuicksGo/config/utilities/traces/http.go:294.36,298.14 3 8
github.com/PointerByte/QuicksGo/config/utilities/traces/http.go:299.35,300.55 1 2
github.com/PointerByte/QuicksGo/config/utilities/traces/http.go:301.19,302.33 1 1
github.com/PointerByte/QuicksGo/config/utilities/traces/http.go:303.20,304.32 1 1
github.com/PointerByte/QuicksGo/config/utilities/traces/http.go:305.22,306.53 1 1
github.com/PointerByte/QuicksGo/config/utilities/traces/http.go:307.32,308.54 1 1
github.com/PointerByte/QuicksGo/config/utilities/traces/http.go:309.34,310.75 1 1
github.com/PointerByte/QuicksGo/config/utilities/traces/http.go:311.10,312.55 1 1
github.com/PointerByte/QuicksGo/config/utilities/traces/http.go:318.61,320.17 2 6
github.com/PointerByte/QuicksGo/config/utilities/traces/http.go:320.17,322.3 1 1
github.com/PointerByte/QuicksGo/config/utilities/traces/http.go:324.2,324.49 1 6
github.com/PointerByte/QuicksGo/config/utilities/traces/http.go:324.49,326.17 2 6
github.com/PointerByte/QuicksGo/config/utilities/traces/http.go:326.17,328.4 1 6
github.com/PointerByte/QuicksGo/config/utilities/traces/http.go:330.2,330.17 1 0
github.com/PointerByte/QuicksGo/config/utilities/traces/http.go:335.43,337.67 2 8
github.com/PointerByte/QuicksGo/config/utilities/traces/http.go:337.67,339.3 1 7
github.com/PointerByte/QuicksGo/config/utilities/traces/http.go:340.2,340.87 1 1
github.com/PointerByte/QuicksGo/config/utilities/traces/http.go:340.87,342.3 1 1
github.com/PointerByte/QuicksGo/config/utilities/traces/http.go:343.2,343.24 1 0
github.com/PointerByte/QuicksGo/config/utilities/traces/http.go:348.31,349.61 1 5
github.com/PointerByte/QuicksGo/config/utilities/traces/http.go:349.61,351.3 1 1
github.com/PointerByte/QuicksGo/config/utilities/traces/http.go:353.2,353.81 1 4
github.com/PointerByte/QuicksGo/config/utilities/traces/http.go:353.81,355.72 2 4
github.com/PointerByte/QuicksGo/config/utilities/traces/http.go:355.72,357.4 1 1
github.com/PointerByte/QuicksGo/config/utilities/traces/http.go:359.2,359.14 1 3
github.com/PointerByte/QuicksGo/config/utilities/traces/http.go:364.27,365.72 1 8
github.com/PointerByte/QuicksGo/config/utilities/traces/http.go:365.72,367.3 1 3
github.com/PointerByte/QuicksGo/config/utilities/traces/http.go:368.2,368.51 1 5
github.com/PointerByte/QuicksGo/config/utilities/traces/http.go:368.51,370.3 1 4
github.com/PointerByte/QuicksGo/config/utilities/traces/http.go:371.2,371.30 1 1
github.com/PointerByte/QuicksGo/config/utilities/traces/http.go:375.33,377.9 2 11
github.com/PointerByte/QuicksGo/config/utilities/traces/http.go:377.9,379.3 1 7
github.com/PointerByte/QuicksGo/config/utilities/traces/http.go:381.2,382.29 2 4
github.com/PointerByte/QuicksGo/config/utilities/traces/http.go:386.37,388.16 2 6
github.com/PointerByte/QuicksGo/config/utilities/traces/http.go:388.16,390.3 1 1
github.com/PointerByte/QuicksGo/config/utilities/traces/http.go:391.2,391.15 1 5
github.com/PointerByte/QuicksGo/config/utilities/traces/http.go:391.15,393.3 1 1
github.com/PointerByte/QuicksGo/config/utilities/traces/http.go:394.2,394.15 1 4
github.com/PointerByte/QuicksGo/config/utilities/traces/http.go:394.15,396.3 1 1
github.com/PointerByte/QuicksGo/config/utilities/traces/http.go:397.2,397.14 1 3
github.com/PointerByte/QuicksGo/config/utilities/utitlities.go:16.39,20.81 3 3
github.com/PointerByte/QuicksGo/config/utilities/utitlities.go:20.81,23.3 2 1
github.com/PointerByte/QuicksGo/config/utilities/utitlities.go:25.2,27.39 3 3
github.com/PointerByte/QuicksGo/config/utilities/utitlities.go:27.39,29.3 1 1
github.com/PointerByte/QuicksGo/config/utilities/utitlities.go:32.2,48.12 11 2
github.com/PointerByte/QuicksGo/config/utilities/utitlities.go:51.24,53.2 1 4
github.com/PointerByte/QuicksGo/config/utilities/utitlities.go:55.49,56.30 1 35
github.com/PointerByte/QuicksGo/config/utilities/utitlities.go:57.22,58.34 1 18
github.com/PointerByte/QuicksGo/config/utilities/utitlities.go:58.34,60.4 1 28
github.com/PointerByte/QuicksGo/config/utilities/utitlities.go:61.19,62.37 1 2
github.com/PointerByte/QuicksGo/config/utilities/utitlities.go:62.37,64.11 2 3
github.com/PointerByte/QuicksGo/config/utilities/utitlities.go:64.11,65.13 1 1
github.com/PointerByte/QuicksGo/config/utilities/utitlities.go:67.4,67.48 1 2
github.com/PointerByte/QuicksGo/config/utilities/utitlities.go:69.10,70.21 1 15
github.com/PointerByte/QuicksGo/config/utilities/utitlities.go:70.21,72.4 1 0
github.com/PointerByte/QuicksGo/config/utilities/utitlities.go:73.3,75.10 3 15
github.com/PointerByte/QuicksGo/config/utilities/utitlities.go:75.10,77.4 1 3
github.com/PointerByte/QuicksGo/config/utilities/utitlities.go:78.3,78.69 1 12
github.com/PointerByte/QuicksGo/config/utilities/utitlities.go:82.44,84.28 2 16
github.com/PointerByte/QuicksGo/config/utilities/utitlities.go:84.28,86.17 2 38
github.com/PointerByte/QuicksGo/config/utilities/utitlities.go:86.17,87.12 1 1
github.com/PointerByte/QuicksGo/config/utilities/utitlities.go:89.3,89.47 1 37
github.com/PointerByte/QuicksGo/config/utilities/utitlities.go:91.2,91.33 1 16
github.com/PointerByte/QuicksGo/config/utilities/utitlities.go:94.50,96.37 2 24
github.com/PointerByte/QuicksGo/config/utilities/utitlities.go:97.12,98.56 1 7
github.com/PointerByte/QuicksGo/config/utilities/utitlities.go:98.56,100.4 1 6
github.com/PointerByte/QuicksGo/config/utilities/utitlities.go:101.11,102.51 1 2
github.com/PointerByte/QuicksGo/config/utilities/utitlities.go:102.51,104.4 1 2
github.com/PointerByte/QuicksGo/config/utilities/utitlities.go:105.33,106.63 1 1
github.com/PointerByte/QuicksGo/config/utilities/utitlities.go:106.63,108.4 1 1
github.com/PointerByte/QuicksGo/config/utilities/utitlities.go:109.43,110.64 1 1
github.com/PointerByte/QuicksGo/config/utilities/utitlities.go:110.64,112.4 1 1
github.com/PointerByte/QuicksGo/config/utilities/utitlities.go:113.24,114.61 1 1
github.com/PointerByte/QuicksGo/config/utilities/utitlities.go:114.61,116.4 1 1
github.com/PointerByte/QuicksGo/config/utilities/utitlities.go:117.16,118.31 1 4
github.com/PointerByte/QuicksGo/config/utilities/utitlities.go:119.13,120.40 1 4
github.com/PointerByte/QuicksGo/config/utilities/utitlities.go:122.2,122.12 1 5
github.com/PointerByte/QuicksGo/config/utilities/utitlities.go:125.44,126.33 1 5
github.com/PointerByte/QuicksGo/config/utilities/utitlities.go:126.33,128.61 2 2
github.com/PointerByte/QuicksGo/config/utilities/utitlities.go:128.61,130.4 1 2
github.com/PointerByte/QuicksGo/config/utilities/utitlities.go:132.2,132.33 1 3
github.com/PointerByte/QuicksGo/config/utilities/utitlities.go:135.54,136.33 1 4
github.com/PointerByte/QuicksGo/config/utilities/utitlities.go:136.33,137.32 1 2
github.com/PointerByte/QuicksGo/config/utilities/utitlities.go:137.32,139.62 2 1
github.com/PointerByte/QuicksGo/config/utilities/utitlities.go:139.62,141.5 1 1
github.com/PointerByte/QuicksGo/config/utilities/utitlities.go:144.3,145.61 2 1
github.com/PointerByte/QuicksGo/config/utilities/utitlities.go:145.61,147.4 1 1
github.com/PointerByte/QuicksGo/config/utilities/utitlities.go:150.2,151.31 2 2
github.com/PointerByte/QuicksGo/config/utilities/utitlities.go:151.31,153.3 1 1
github.com/PointerByte/QuicksGo/config/utilities/utitlities.go:155.2,156.31 2 1
github.com/PointerByte/QuicksGo/config/utilities/utitlities.go:156.31,158.3 1 2
github.com/PointerByte/QuicksGo/config/utilities/utitlities.go:159.2,159.14 1 1
github.com/PointerByte/QuicksGo/config/utilities/utitlities.go:162.41,163.22 1 6
github.com/PointerByte/QuicksGo/config/utilities/utitlities.go:163.22,165.3 1 1
github.com/PointerByte/QuicksGo/config/utilities/utitlities.go:167.2,167.31 1 5
github.com/PointerByte/QuicksGo/config/utilities/utitlities.go:167.31,168.35 1 6
github.com/PointerByte/QuicksGo/config/utilities/utitlities.go:168.35,170.4 1 3
github.com/PointerByte/QuicksGo/config/utilities/utitlities.go:172.2,172.13 1 2
github.com/PointerByte/QuicksGo/config/utilities/utitlities.go:175.47,176.15 1 7
github.com/PointerByte/QuicksGo/config/utilities/utitlities.go:176.15,178.3 1 1
github.com/PointerByte/QuicksGo/config/utilities/utitlities.go:179.2,181.29 3 6
github.com/PointerByte/QuicksGo/config/utilities/utitlities.go:181.29,183.20 2 14
github.com/PointerByte/QuicksGo/config/utilities/utitlities.go:183.20,185.4 1 11
github.com/PointerByte/QuicksGo/config/utilities/utitlities.go:187.2,187.15 1 6
github.com/PointerByte/QuicksGo/config/server_Gin/config.go:36.13,41.2 4 1
github.com/PointerByte/QuicksGo/config/server_Gin/config.go:43.29,49.2 5 4
github.com/PointerByte/QuicksGo/config/server_Gin/config.go:52.53,54.2 1 0
github.com/PointerByte/QuicksGo/config/server_Gin/config.go:55.74,57.2 1 0
github.com/PointerByte/QuicksGo/config/server_Gin/config.go:62.34,64.2 1 0
github.com/PointerByte/QuicksGo/config/server_Gin/config.go:75.42,79.44 3 8
github.com/PointerByte/QuicksGo/config/server_Gin/config.go:79.44,81.3 1 2
github.com/PointerByte/QuicksGo/config/server_Gin/config.go:82.2,85.16 3 6
github.com/PointerByte/QuicksGo/config/server_Gin/config.go:85.16,87.3 1 1
github.com/PointerByte/QuicksGo/config/server_Gin/config.go:88.2,91.16 3 5
github.com/PointerByte/QuicksGo/config/server_Gin/config.go:91.16,93.3 1 1
github.com/PointerByte/QuicksGo/config/server_Gin/config.go:94.2,95.12 2 4
github.com/PointerByte/QuicksGo/config/server_Gin/config.go:98.32,100.20 2 5
github.com/PointerByte/QuicksGo/config/server_Gin/config.go:100.20,101.31 1 1
github.com/PointerByte/QuicksGo/config/server_Gin/config.go:101.31,103.4 1 1
github.com/PointerByte/QuicksGo/config/server_Gin/config.go:105.2,107.30 3 4
github.com/PointerByte/QuicksGo/config/server_Gin/config.go:107.30,108.27 1 4
github.com/PointerByte/QuicksGo/config/server_Gin/config.go:108.27,113.4 2 1
github.com/PointerByte/QuicksGo/config/server_Gin/config.go:114.3,114.11 1 3
github.com/PointerByte/QuicksGo/config/server_Gin/config.go:133.30,135.2 1 5
github.com/PointerByte/QuicksGo/config/server_Gin/config.go:145.40,147.2 1 2
github.com/PointerByte/QuicksGo/config/server_Gin/config.go:151.29,152.42 1 9
github.com/PointerByte/QuicksGo/config/server_Gin/config.go:152.42,154.3 1 4
github.com/PointerByte/QuicksGo/config/server_Gin/config.go:156.2,162.48 3 5
github.com/PointerByte/QuicksGo/config/server_Gin/config.go:163.16,164.32 1 1
github.com/PointerByte/QuicksGo/config/server_Gin/config.go:165.16,166.32 1 1
github.com/PointerByte/QuicksGo/config/server_Gin/config.go:167.16,168.32 1 1
github.com/PointerByte/QuicksGo/config/server_Gin/config.go:169.16,170.32 1 1
github.com/PointerByte/QuicksGo/config/server_Gin/config.go:172.2,175.3 1 5
github.com/PointerByte/QuicksGo/config/server_Gin/config.go:185.85,187.40 1 4
github.com/PointerByte/QuicksGo/config/server_Gin/config.go:187.40,189.3 1 1
github.com/PointerByte/QuicksGo/config/server_Gin/config.go:192.2,214.27 10 3
github.com/PointerByte/QuicksGo/config/server_Gin/config.go:214.27,218.3 3 3
github.com/PointerByte/QuicksGo/config/server_Gin/config.go:219.2,225.8 3 3
github.com/PointerByte/QuicksGo/config/server_Gin/config.go:228.84,229.78 1 3
github.com/PointerByte/QuicksGo/config/server_Gin/config.go:230.27,231.40 1 1
github.com/PointerByte/QuicksGo/config/server_Gin/config.go:232.10,233.47 1 2
github.com/PointerByte/QuicksGo/config/server_Gin/config.go:242.36,244.2 1 0
github.com/PointerByte/QuicksGo/config/server_Gin/config.go:248.30,253.20 3 3
github.com/PointerByte/QuicksGo/config/server_Gin/config.go:253.20,254.27 1 3
github.com/PointerByte/QuicksGo/config/server_Gin/config.go:254.27,255.89 1 1
github.com/PointerByte/QuicksGo/config/server_Gin/config.go:255.89,256.15 1 0
github.com/PointerByte/QuicksGo/config/server_Gin/config.go:259.3,259.88 1 3
github.com/PointerByte/QuicksGo/config/server_Gin/config.go:259.88,260.14 1 1
github.com/PointerByte/QuicksGo/config/server_Gin/config.go:265.2,269.17 4 2
github.com/PointerByte/QuicksGo/config/server_Gin/config.go:272.35,282.33 6 3
github.com/PointerByte/QuicksGo/config/server_Gin/config.go:282.33,284.3 1 0
github.com/PointerByte/QuicksGo/config/server_Gin/config.go:286.2,286.51 1 3
github.com/PointerByte/QuicksGo/config/server_Gin/config.go:286.51,289.3 2 1
github.com/PointerByte/QuicksGo/config/server_Gin/config.go:290.2,290.47 1 2
github.com/PointerByte/QuicksGo/config/server_Gin/config.go:293.30,299.2 4 0
github.com/PointerByte/QuicksGo/config/server_Gin/config.go:305.13,308.2 2 1
github.com/PointerByte/QuicksGo/config/server_Gin/config.go:314.20,319.2 4 1
github.com/PointerByte/QuicksGo/config/server_Gin/handlers.go:27.60,29.2 1 2
github.com/PointerByte/QuicksGo/config/server_Gin/handlers.go:35.39,37.2 1 2
github.com/PointerByte/QuicksGo/config/server_Gin/handlers.go:39.33,40.32 1 4
github.com/PointerByte/QuicksGo/config/server_Gin/handlers.go:40.32,44.3 1 1
github.com/PointerByte/QuicksGo/config/server_Gin/handlers.go:47.33,48.32 1 4
github.com/PointerByte/QuicksGo/config/server_Gin/handlers.go:48.32,52.3 1 1
github.com/PointerByte/QuicksGo/config/server_Gin/handlers.go:67.35,68.30 1 6
github.com/PointerByte/QuicksGo/config/server_Gin/handlers.go:68.30,73.21 4 3
github.com/PointerByte/QuicksGo/config/server_Gin/handlers.go:73.21,80.4 3 1
github.com/PointerByte/QuicksGo/config/server_Gin/handlers.go:82.3,84.67 3 2
github.com/PointerByte/QuicksGo/config/server_Gin/handlers.go:84.67,90.4 2 1
github.com/PointerByte/QuicksGo/config/server_Gin/handlers.go:91.3,94.5 1 1
github.com/PointerByte/QuicksGo/config/server_Gin/handlers.go:100.83,103.2 2 1
github.com/PointerByte/QuicksGo/config/server_Gin/handlers.go:111.91,116.26 4 4
github.com/PointerByte/QuicksGo/config/server_Gin/handlers.go:116.26,118.24 2 5
github.com/PointerByte/QuicksGo/config/server_Gin/handlers.go:118.24,124.42 3 5
github.com/PointerByte/QuicksGo/config/server_Gin/handlers.go:124.42,125.28 1 4
github.com/PointerByte/QuicksGo/config/server_Gin/handlers.go:125.28,127.6 1 4
github.com/PointerByte/QuicksGo/config/server_Gin/handlers.go:129.4,137.6 3 5
github.com/PointerByte/QuicksGo/config/server_Gin/handlers.go:140.2,143.27 3 4
github.com/PointerByte/QuicksGo/config/server_Gin/handlers.go:143.27,144.17 1 4
github.com/PointerByte/QuicksGo/config/server_Gin/handlers.go:144.17,145.12 1 2
github.com/PointerByte/QuicksGo/config/server_Gin/handlers.go:147.3,147.13 1 2
github.com/PointerByte/QuicksGo/config/server_Gin/handlers.go:149.2,149.12 1 2
github.com/PointerByte/QuicksGo/config/server_Gin/health.go:13.34,14.32 1 4
github.com/PointerByte/QuicksGo/config/server_Gin/health.go:14.32,19.3 1 3
github.com/PointerByte/QuicksGo/config/server_Gin/routes.go:12.50,14.2 1 4
github.com/PointerByte/QuicksGo/config/server_Gin/routes.go:19.60,21.2 1 3
github.com/PointerByte/QuicksGo/config/client_gRPC/IClient.go:87.39,89.2 1 2
github.com/PointerByte/QuicksGo/config/client_gRPC/IClient.go:96.63,101.2 1 18
github.com/PointerByte/QuicksGo/config/client_gRPC/IClient.go:103.45,107.2 3 7
github.com/PointerByte/QuicksGo/config/client_gRPC/IClient.go:109.49,113.2 3 2
github.com/PointerByte/QuicksGo/config/client_gRPC/IClient.go:115.50,119.2 3 1
github.com/PointerByte/QuicksGo/config/client_gRPC/IClient.go:121.58,125.2 3 5
github.com/PointerByte/QuicksGo/config/client_gRPC/IClient.go:127.34,128.20 1 13
github.com/PointerByte/QuicksGo/config/client_gRPC/IClient.go:128.20,130.3 1 3
github.com/PointerByte/QuicksGo/config/client_gRPC/IClient.go:132.2,135.19 3 10
github.com/PointerByte/QuicksGo/config/client_gRPC/IClient.go:135.19,137.3 1 3
github.com/PointerByte/QuicksGo/config/client_gRPC/IClient.go:138.2,138.21 1 7
github.com/PointerByte/QuicksGo/config/client_gRPC/IClient.go:138.21,140.3 1 1
github.com/PointerByte/QuicksGo/config/client_gRPC/IClient.go:142.2,145.16 4 6
github.com/PointerByte/QuicksGo/config/client_gRPC/IClient.go:145.16,147.3 1 0
github.com/PointerByte/QuicksGo/config/client_gRPC/IClient.go:148.2,151.16 3 6
github.com/PointerByte/QuicksGo/config/client_gRPC/IClient.go:151.16,153.3 1 1
github.com/PointerByte/QuicksGo/config/client_gRPC/IClient.go:154.2,155.12 2 5
github.com/PointerByte/QuicksGo/config/client_gRPC/IClient.go:158.32,159.20 1 5
github.com/PointerByte/QuicksGo/config/client_gRPC/IClient.go:159.20,161.3 1 1
github.com/PointerByte/QuicksGo/config/client_gRPC/IClient.go:163.2,166.19 3 4
github.com/PointerByte/QuicksGo/config/client_gRPC/IClient.go:166.19,168.3 1 1
github.com/PointerByte/QuicksGo/config/client_gRPC/IClient.go:169.2,171.12 3 3
github.com/PointerByte/QuicksGo/config/client_gRPC/IClient.go:174.45,175.20 1 7
github.com/PointerByte/QuicksGo/config/client_gRPC/IClient.go:175.20,177.3 1 1
github.com/PointerByte/QuicksGo/config/client_gRPC/IClient.go:179.2,181.15 3 6
github.com/PointerByte/QuicksGo/config/client_gRPC/IClient.go:185.78,188.19 2 8
github.com/PointerByte/QuicksGo/config/client_gRPC/IClient.go:188.19,190.3 1 1
github.com/PointerByte/QuicksGo/config/client_gRPC/IClient.go:191.2,191.18 1 7
github.com/PointerByte/QuicksGo/config/client_gRPC/IClient.go:191.18,193.3 1 1
github.com/PointerByte/QuicksGo/config/client_gRPC/IClient.go:194.2,194.41 1 6
github.com/PointerByte/QuicksGo/config/client_gRPC/IClient.go:194.41,196.3 1 1
github.com/PointerByte/QuicksGo/config/client_gRPC/IClient.go:198.2,199.17 2 5
github.com/PointerByte/QuicksGo/config/client_gRPC/IClient.go:199.17,201.3 1 1
github.com/PointerByte/QuicksGo/config/client_gRPC/IClient.go:203.2,203.25 1 4
github.com/PointerByte/QuicksGo/config/client_gRPC/IClient.go:206.51,208.42 2 2
github.com/PointerByte/QuicksGo/config/client_gRPC/IClient.go:208.42,210.3 1 2
github.com/PointerByte/QuicksGo/config/client_gRPC/IClient.go:211.2,211.19 1 2
github.com/PointerByte/QuicksGo/config/client_gRPC/IClient.go:211.19,213.3 1 0
github.com/PointerByte/QuicksGo/config/client_gRPC/IClient.go:214.2,214.12 1 2
github.com/PointerByte/QuicksGo/config/client_gRPC/IClient.go:217.51,219.42 2 3
github.com/PointerByte/QuicksGo/config/client_gRPC/IClient.go:219.42,221.3 1 2
github.com/PointerByte/QuicksGo/config/client_gRPC/IClient.go:222.2,222.9 1 3
github.com/PointerByte/QuicksGo/config/client_gRPC/IClient.go:223.24,224.16 1 1
github.com/PointerByte/QuicksGo/config/client_gRPC/IClient.go:225.21,226.16 1 0
github.com/PointerByte/QuicksGo/config/client_gRPC/IClient.go:227.29,228.16 1 0
github.com/PointerByte/QuicksGo/config/client_gRPC/IClient.go:230.2,230.12 1 3
github.com/PointerByte/QuicksGo/config/client_gRPC/IClient.go:233.48,235.19 2 1
github.com/PointerByte/QuicksGo/config/client_gRPC/IClient.go:235.19,237.3 1 0
github.com/PointerByte/QuicksGo/config/client_gRPC/IClient.go:238.2,238.12 1 1
github.com/PointerByte/QuicksGo/config/client_gRPC/IClient.go:241.48,242.19 1 1
github.com/PointerByte/QuicksGo/config/client_gRPC/IClient.go:242.19,245.3 2 1
github.com/PointerByte/QuicksGo/config/client_gRPC/IClient.go:248.121,258.2 4 4
github.com/PointerByte/QuicksGo/config/client_gRPC/IClient.go:260.129,261.20 1 5
github.com/PointerByte/QuicksGo/config/client_gRPC/IClient.go:261.20,263.3 1 0
github.com/PointerByte/QuicksGo/config/client_gRPC/IClient.go:265.2,270.53 5 5
github.com/PointerByte/QuicksGo/config/client_gRPC/IClient.go:270.53,273.3 2 4
github.com/PointerByte/QuicksGo/config/client_gRPC/IClient.go:275.2,275.19 1 5
github.com/PointerByte/QuicksGo/config/client_gRPC/IClient.go:275.19,278.27 3 1
github.com/PointerByte/QuicksGo/config/client_gRPC/IClient.go:278.27,281.4 2 0
github.com/PointerByte/QuicksGo/config/client_gRPC/IClient.go:282.3,282.13 1 1
github.com/PointerByte/QuicksGo/config/client_gRPC/IClient.go:285.2,287.26 3 4
github.com/PointerByte/QuicksGo/config/client_gRPC/IClient.go:287.26,290.3 2 4
github.com/PointerByte/QuicksGo/config/client_gRPC/IClient.go:291.2,291.12 1 4
github.com/PointerByte/QuicksGo/config/client_gRPC/IClient.go:294.50,300.2 1 6
github.com/PointerByte/QuicksGo/config/client_gRPC/IClient.go:302.85,304.16 2 6
github.com/PointerByte/QuicksGo/config/client_gRPC/IClient.go:304.16,306.3 1 0
github.com/PointerByte/QuicksGo/config/client_gRPC/IClient.go:307.2,307.19 1 6
github.com/PointerByte/QuicksGo/config/client_gRPC/IClient.go:307.19,309.3 1 2
github.com/PointerByte/QuicksGo/config/client_gRPC/IClient.go:310.2,310.24 1 4
github.com/PointerByte/QuicksGo/config/client_gRPC/IClient.go:310.24,312.3 1 1
github.com/PointerByte/QuicksGo/config/client_gRPC/IClient.go:313.2,313.17 1 3
github.com/PointerByte/QuicksGo/config/client_gRPC/IClient.go:316.46,317.28 1 11
github.com/PointerByte/QuicksGo/config/client_gRPC/IClient.go:317.28,319.3 1 1
github.com/PointerByte/QuicksGo/config/client_gRPC/IClient.go:321.2,323.33 3 10
github.com/PointerByte/QuicksGo/config/client_gRPC/IClient.go:323.33,325.3 1 5
github.com/PointerByte/QuicksGo/config/client_gRPC/IClient.go:327.2,333.90 2 5
github.com/PointerByte/QuicksGo/config/client_gRPC/IClient.go:333.90,335.17 2 5
github.com/PointerByte/QuicksGo/config/client_gRPC/IClient.go:335.17,337.4 1 0
github.com/PointerByte/QuicksGo/config/client_gRPC/IClient.go:338.3,339.38 2 5
github.com/PointerByte/QuicksGo/config/client_gRPC/IClient.go:339.38,341.4 1 0
github.com/PointerByte/QuicksGo/config/client_gRPC/IClient.go:342.3,342.24 1 5
github.com/PointerByte/QuicksGo/config/client_gRPC/IClient.go:345.2,345.17 1 5
github.com/PointerByte/QuicksGo/config/client_gRPC/IClient.go:345.17,348.38 3 2
github.com/PointerByte/QuicksGo/config/client_gRPC/IClient.go:348.38,350.4 1 1
github.com/PointerByte/QuicksGo/config/client_gRPC/IClient.go:351.3,352.17 2 1
github.com/PointerByte/QuicksGo/config/client_gRPC/IClient.go:352.17,354.4 1 0
github.com/PointerByte/QuicksGo/config/client_gRPC/IClient.go:355.3,355.55 1 1
github.com/PointerByte/QuicksGo/config/client_gRPC/IClient.go:358.2,358.20 1 4
github.com/PointerByte/QuicksGo/config/client_gRPC/IClient.go:361.41,362.49 1 7
github.com/PointerByte/QuicksGo/config/client_gRPC/IClient.go:363.16,364.26 1 1
github.com/PointerByte/QuicksGo/config/client_gRPC/IClient.go:365.16,366.26 1 0
github.com/PointerByte/QuicksGo/config/client_gRPC/IClient.go:367.16,368.26 1 3
github.com/PointerByte/QuicksGo/config/client_gRPC/IClient.go:369.10,370.26 1 3
github.com/PointerByte/QuicksGo/config/client_gRPC/IClient.go:374.64,375.145 1 7
github.com/PointerByte/QuicksGo/config/client_gRPC/IClient.go:375.145,382.3 5 2
github.com/PointerByte/QuicksGo/config/client_gRPC/IClient.go:385.66,386.170 1 7
github.com/PointerByte/QuicksGo/config/client_gRPC/IClient.go:386.170,391.20 4 2
github.com/PointerByte/QuicksGo/config/client_gRPC/IClient.go:391.20,395.4 3 0
github.com/PointerByte/QuicksGo/config/client_gRPC/IClient.go:397.3,405.9 1 2
github.com/PointerByte/QuicksGo/config/client_gRPC/IClient.go:409.38,410.20 1 4
github.com/PointerByte/QuicksGo/config/client_gRPC/IClient.go:411.9,412.13 1 1
github.com/PointerByte/QuicksGo/config/client_gRPC/IClient.go:413.9,414.18 1 3
github.com/PointerByte/QuicksGo/config/client_gRPC/IClient.go:415.10,416.15 1 0
github.com/PointerByte/QuicksGo/config/client_gRPC/IClient.go:420.55,422.30 2 5
github.com/PointerByte/QuicksGo/config/client_gRPC/IClient.go:422.30,426.3 3 5
github.com/PointerByte/QuicksGo/config/client_gRPC/IClient.go:427.2,427.16 1 5
github.com/PointerByte/QuicksGo/config/client_gRPC/IClient.go:430.60,433.21 3 11
github.com/PointerByte/QuicksGo/config/client_gRPC/IClient.go:433.21,435.3 1 0
github.com/PointerByte/QuicksGo/config/client_gRPC/IClient.go:436.2,436.21 1 11
github.com/PointerByte/QuicksGo/config/client_gRPC/IClient.go:436.21,438.3 1 0
github.com/PointerByte/QuicksGo/config/client_gRPC/IClient.go:439.2,439.27 1 11
github.com/PointerByte/QuicksGo/config/client_gRPC/IClient.go:442.47,445.2 2 6
github.com/PointerByte/QuicksGo/config/client_gRPC/IClient.go:447.31,448.16 1 14
github.com/PointerByte/QuicksGo/config/client_gRPC/IClient.go:448.16,450.3 1 12
github.com/PointerByte/QuicksGo/config/client_gRPC/IClient.go:451.2,452.22 2 2
github.com/PointerByte/QuicksGo/config/client_gRPC/IClient.go:453.98,454.24 1 2
github.com/PointerByte/QuicksGo/config/client_gRPC/IClient.go:455.10,456.14 1 0
github.com/PointerByte/QuicksGo/config/client_gRPC/IClient.go:460.34,462.2 1 6
github.com/PointerByte/QuicksGo/config/client_gRPC/mocksIClient.go:27.59,31.2 3 1
github.com/PointerByte/QuicksGo/config/client_gRPC/mocksIClient.go:34.57,36.2 1 7
github.com/PointerByte/QuicksGo/config/client_gRPC/mocksIClient.go:39.37,44.2 4 1
github.com/PointerByte/QuicksGo/config/client_gRPC/mocksIClient.go:47.57,50.2 2 1
github.com/PointerByte/QuicksGo/config/client_gRPC/mocksIClient.go:53.39,58.2 4 1
github.com/PointerByte/QuicksGo/config/client_gRPC/mocksIClient.go:61.59,64.2 2 1
github.com/PointerByte/QuicksGo/config/client_gRPC/mocksIClient.go:67.50,72.2 4 1
github.com/PointerByte/QuicksGo/config/client_gRPC/mocksIClient.go:75.59,78.2 2 1
github.com/PointerByte/QuicksGo/config/client_gRPC/mocksIClient.go:81.50,84.2 2 1
github.com/PointerByte/QuicksGo/config/client_gRPC/mocksIClient.go:87.81,90.2 2 1
github.com/PointerByte/QuicksGo/config/client_gRPC/mocksIClient.go:93.54,96.2 2 1
github.com/PointerByte/QuicksGo/config/client_gRPC/mocksIClient.go:99.75,102.2 2 1
github.com/PointerByte/QuicksGo/config/client_gRPC/mocksIClient.go:105.55,108.2 2 1
github.com/PointerByte/QuicksGo/config/client_gRPC/mocksIClient.go:111.77,114.2 2 1
github.com/PointerByte/QuicksGo/config/client_gRPC/mocksIClient.go:117.63,120.25 3 1
github.com/PointerByte/QuicksGo/config/client_gRPC/mocksIClient.go:120.25,122.3 1 1
github.com/PointerByte/QuicksGo/config/client_gRPC/mocksIClient.go:123.2,123.46 1 1
github.com/PointerByte/QuicksGo/config/client_gRPC/mocksIClient.go:127.85,130.2 2 1
github.com/PointerByte/QuicksGo/config/server_gRPC/config.go:34.44,36.2 1 21
github.com/PointerByte/QuicksGo/config/server_gRPC/config.go:37.40,39.2 1 2
github.com/PointerByte/QuicksGo/config/server_gRPC/config.go:41.34,43.2 1 0
github.com/PointerByte/QuicksGo/config/server_gRPC/config.go:46.13,49.2 2 1
github.com/PointerByte/QuicksGo/config/server_gRPC/config.go:105.39,107.2 1 1
github.com/PointerByte/QuicksGo/config/server_gRPC/config.go:140.61,145.2 1 21
github.com/PointerByte/QuicksGo/config/server_gRPC/config.go:147.46,151.2 3 2
github.com/PointerByte/QuicksGo/config/server_gRPC/config.go:153.54,157.2 3 11
github.com/PointerByte/QuicksGo/config/server_gRPC/config.go:159.64,160.21 1 12
github.com/PointerByte/QuicksGo/config/server_gRPC/config.go:160.21,162.3 1 1
github.com/PointerByte/QuicksGo/config/server_gRPC/config.go:163.2,163.42 1 11
github.com/PointerByte/QuicksGo/config/server_gRPC/config.go:163.42,165.3 1 0
github.com/PointerByte/QuicksGo/config/server_gRPC/config.go:166.2,166.21 1 11
github.com/PointerByte/QuicksGo/config/server_gRPC/config.go:166.21,168.3 1 1
github.com/PointerByte/QuicksGo/config/server_gRPC/config.go:169.2,170.12 2 10
github.com/PointerByte/QuicksGo/config/server_gRPC/config.go:173.33,174.21 1 15
github.com/PointerByte/QuicksGo/config/server_gRPC/config.go:174.21,176.3 1 1
github.com/PointerByte/QuicksGo/config/server_gRPC/config.go:177.2,177.37 1 14
github.com/PointerByte/QuicksGo/config/server_gRPC/config.go:177.37,179.3 1 1
github.com/PointerByte/QuicksGo/config/server_gRPC/config.go:180.2,180.42 1 13
github.com/PointerByte/QuicksGo/config/server_gRPC/config.go:180.42,182.3 1 0
github.com/PointerByte/QuicksGo/config/server_gRPC/config.go:184.2,185.24 2 13
github.com/PointerByte/QuicksGo/config/server_gRPC/config.go:185.24,186.23 1 3
github.com/PointerByte/QuicksGo/config/server_gRPC/config.go:186.23,188.4 1 2
github.com/PointerByte/QuicksGo/config/server_gRPC/config.go:189.3,189.23 1 3
github.com/PointerByte/QuicksGo/config/server_gRPC/config.go:189.23,192.4 2 1
github.com/PointerByte/QuicksGo/config/server_gRPC/config.go:194.3,195.17 2 2
github.com/PointerByte/QuicksGo/config/server_gRPC/config.go:195.17,198.4 2 1
github.com/PointerByte/QuicksGo/config/server_gRPC/config.go:199.3,199.25 1 1
github.com/PointerByte/QuicksGo/config/server_gRPC/config.go:201.2,207.20 6 11
github.com/PointerByte/QuicksGo/config/server_gRPC/config.go:207.20,209.3 1 11
github.com/PointerByte/QuicksGo/config/server_gRPC/config.go:211.2,212.16 2 11
github.com/PointerByte/QuicksGo/config/server_gRPC/config.go:212.16,215.3 2 2
github.com/PointerByte/QuicksGo/config/server_gRPC/config.go:217.2,218.12 2 9
github.com/PointerByte/QuicksGo/config/server_gRPC/config.go:221.49,225.2 3 2
github.com/PointerByte/QuicksGo/config/server_gRPC/config.go:227.34,228.21 1 10
github.com/PointerByte/QuicksGo/config/server_gRPC/config.go:228.21,231.3 2 1
github.com/PointerByte/QuicksGo/config/server_gRPC/config.go:232.2,232.26 1 9
github.com/PointerByte/QuicksGo/config/server_gRPC/config.go:235.26,236.21 1 1
github.com/PointerByte/QuicksGo/config/server_gRPC/config.go:236.21,239.3 2 1
github.com/PointerByte/QuicksGo/config/server_gRPC/config.go:240.2,240.18 1 0
github.com/PointerByte/QuicksGo/config/server_gRPC/config.go:243.44,244.21 1 7
github.com/PointerByte/QuicksGo/config/server_gRPC/config.go:244.21,246.3 1 1
github.com/PointerByte/QuicksGo/config/server_gRPC/config.go:247.2,248.18 2 6
github.com/PointerByte/QuicksGo/config/server_gRPC/config.go:251.46,252.21 1 2
github.com/PointerByte/QuicksGo/config/server_gRPC/config.go:252.21,254.3 1 1
github.com/PointerByte/QuicksGo/config/server_gRPC/config.go:256.2,258.20 3 1
github.com/PointerByte/QuicksGo/config/server_gRPC/config.go:261.40,265.2 3 30
github.com/PointerByte/QuicksGo/config/server_gRPC/config.go:267.46,268.45 1 30
github.com/PointerByte/QuicksGo/config/server_gRPC/config.go:268.45,270.3 1 20
github.com/PointerByte/QuicksGo/config/server_gRPC/config.go:272.2,273.16 2 10
github.com/PointerByte/QuicksGo/config/server_gRPC/config.go:273.16,276.3 2 0
github.com/PointerByte/QuicksGo/config/server_gRPC/config.go:277.2,278.12 2 10
github.com/PointerByte/QuicksGo/config/server_gRPC/config.go:281.69,299.16 3 10
github.com/PointerByte/QuicksGo/config/server_gRPC/config.go:299.16,301.3 1 0
github.com/PointerByte/QuicksGo/config/server_gRPC/config.go:302.2,302.19 1 10
github.com/PointerByte/QuicksGo/config/server_gRPC/config.go:302.19,304.3 1 2
github.com/PointerByte/QuicksGo/config/server_gRPC/config.go:305.2,305.21 1 10
github.com/PointerByte/QuicksGo/config/server_gRPC/config.go:308.46,309.22 1 16
github.com/PointerByte/QuicksGo/config/server_gRPC/config.go:309.22,311.3 1 1
github.com/PointerByte/QuicksGo/config/server_gRPC/config.go:313.2,315.33 3 15
github.com/PointerByte/QuicksGo/config/server_gRPC/config.go:315.33,317.3 1 9
github.com/PointerByte/QuicksGo/config/server_gRPC/config.go:319.2,321.37 3 6
github.com/PointerByte/QuicksGo/config/server_gRPC/config.go:321.37,323.3 1 1
github.com/PointerByte/QuicksGo/config/server_gRPC/config.go:325.2,326.16 2 5
github.com/PointerByte/QuicksGo/config/server_gRPC/config.go:326.16,328.3 1 0
github.com/PointerByte/QuicksGo/config/server_gRPC/config.go:330.2,335.17 2 5
github.com/PointerByte/QuicksGo/config/server_gRPC/config.go:335.17,337.25 2 3
github.com/PointerByte/QuicksGo/config/server_gRPC/config.go:337.25,339.4 1 1
github.com/PointerByte/QuicksGo/config/server_gRPC/config.go:341.3,342.17 2 2
github.com/PointerByte/QuicksGo/config/server_gRPC/config.go:342.17,344.4 1 0
github.com/PointerByte/QuicksGo/config/server_gRPC/config.go:346.3,347.38 2 2
github.com/PointerByte/QuicksGo/config/server_gRPC/config.go:347.38,349.4 1 0
github.com/PointerByte/QuicksGo/config/server_gRPC/config.go:350.3,351.86 2 2
github.com/PointerByte/QuicksGo/config/server_gRPC/config.go:354.2,354.20 1 4
github.com/PointerByte/QuicksGo/config/server_gRPC/config.go:357.41,358.49 1 7
github.com/PointerByte/QuicksGo/config/server_gRPC/config.go:359.16,360.26 1 1
github.com/PointerByte/QuicksGo/config/server_gRPC/config.go:361.16,362.26 1 0
github.com/PointerByte/QuicksGo/config/server_gRPC/config.go:363.16,364.26 1 2
github.com/PointerByte/QuicksGo/config/server_gRPC/config.go:365.10,366.26 1 4
github.com/PointerByte/QuicksGo/config/server_gRPC/config.go:370.53,371.49 1 7
github.com/PointerByte/QuicksGo/config/server_gRPC/config.go:372.50,373.31 1 1
github.com/PointerByte/QuicksGo/config/server_gRPC/config.go:374.57,375.34 1 1
github.com/PointerByte/QuicksGo/config/server_gRPC/config.go:376.64,377.37 1 2
github.com/PointerByte/QuicksGo/config/server_gRPC/config.go:378.40,379.26 1 1
github.com/PointerByte/QuicksGo/config/server_gRPC/config.go:380.10,381.40 1 2
github.com/PointerByte/QuicksGo/config/server_gRPC/handlers.go:31.71,35.38 4 0
github.com/PointerByte/QuicksGo/config/server_gRPC/handlers.go:35.38,37.3 1 0
github.com/PointerByte/QuicksGo/config/server_gRPC/handlers.go:38.2,40.85 2 0
github.com/PointerByte/QuicksGo/config/server_gRPC/handlers.go:45.60,47.2 1 5
github.com/PointerByte/QuicksGo/config/server_gRPC/handlers.go:51.39,53.2 1 4
github.com/PointerByte/QuicksGo/config/server_gRPC/handlers.go:55.60,56.53 1 10
github.com/PointerByte/QuicksGo/config/server_gRPC/handlers.go:56.53,58.10 2 6
github.com/PointerByte/QuicksGo/config/server_gRPC/handlers.go:58.10,60.4 1 0
github.com/PointerByte/QuicksGo/config/server_gRPC/handlers.go:61.3,61.30 1 6
github.com/PointerByte/QuicksGo/config/server_gRPC/handlers.go:61.30,63.4 1 4
github.com/PointerByte/QuicksGo/config/server_gRPC/handlers.go:64.3,64.49 1 2
github.com/PointerByte/QuicksGo/config/server_gRPC/handlers.go:64.49,66.4 1 1
github.com/PointerByte/QuicksGo/config/server_gRPC/handlers.go:67.3,67.20 1 1
github.com/PointerByte/QuicksGo/config/server_gRPC/handlers.go:71.23,73.2 1 2
github.com/PointerByte/QuicksGo/config/server_gRPC/handlers.go:75.23,77.2 1 2
github.com/PointerByte/QuicksGo/config/server_gRPC/handlers.go:88.46,90.45 2 4
github.com/PointerByte/QuicksGo/config/server_gRPC/handlers.go:90.45,92.3 1 0
github.com/PointerByte/QuicksGo/config/server_gRPC/handlers.go:94.2,96.139 3 4
github.com/PointerByte/QuicksGo/config/server_gRPC/handlers.go:96.139,99.3 2 1
github.com/PointerByte/QuicksGo/config/server_gRPC/handlers.go:101.2,102.38 2 3
github.com/PointerByte/QuicksGo/config/server_gRPC/handlers.go:102.38,103.33 1 2
github.com/PointerByte/QuicksGo/config/server_gRPC/handlers.go:103.33,105.4 1 1
github.com/PointerByte/QuicksGo/config/server_gRPC/handlers.go:107.2,107.48 1 2
github.com/PointerByte/QuicksGo/config/server_gRPC/handlers.go:107.48,109.3 1 1
github.com/PointerByte/QuicksGo/config/server_gRPC/handlers.go:110.2,110.41 1 1
github.com/PointerByte/QuicksGo/config/server_gRPC/handlers.go:113.52,114.28 1 2
github.com/PointerByte/QuicksGo/config/server_gRPC/handlers.go:114.28,116.3 1 0
github.com/PointerByte/QuicksGo/config/server_gRPC/handlers.go:118.2,122.36 4 2
github.com/PointerByte/QuicksGo/config/server_gRPC/handlers.go:122.36,124.27 2 3
github.com/PointerByte/QuicksGo/config/server_gRPC/handlers.go:124.27,127.4 2 3
github.com/PointerByte/QuicksGo/config/server_gRPC/handlers.go:130.2,133.27 3 2
github.com/PointerByte/QuicksGo/config/server_gRPC/handlers.go:133.27,134.17 1 3
github.com/PointerByte/QuicksGo/config/server_gRPC/handlers.go:134.17,136.4 1 1
github.com/PointerByte/QuicksGo/config/server_gRPC/handlers.go:138.2,138.12 1 1
github.com/PointerByte/QuicksGo/config/server_gRPC/handlers.go:141.69,142.19 1 4
github.com/PointerByte/QuicksGo/config/server_gRPC/handlers.go:142.19,144.3 1 0
github.com/PointerByte/QuicksGo/config/server_gRPC/handlers.go:146.2,147.19 2 4
github.com/PointerByte/QuicksGo/config/server_gRPC/handlers.go:147.19,149.3 1 0
github.com/PointerByte/QuicksGo/config/server_gRPC/handlers.go:151.2,152.11 2 4
github.com/PointerByte/QuicksGo/config/server_gRPC/handlers.go:155.58,157.19 2 6
github.com/PointerByte/QuicksGo/config/server_gRPC/handlers.go:157.19,159.3 1 0
github.com/PointerByte/QuicksGo/config/server_gRPC/handlers.go:160.2,161.21 2 6
github.com/PointerByte/QuicksGo/config/server_gRPC/handlers.go:161.21,163.3 1 1
github.com/PointerByte/QuicksGo/config/server_gRPC/handlers.go:164.2,164.27 1 5
github.com/PointerByte/QuicksGo/config/server_gRPC/handlers.go:167.60,169.22 2 7
github.com/PointerByte/QuicksGo/config/server_gRPC/handlers.go:169.22,171.3 1 3
github.com/PointerByte/QuicksGo/config/server_gRPC/handlers.go:172.2,172.18 1 4
github.com/PointerByte/QuicksGo/config/server_gRPC/mocksConfig.go:27.61,31.2 3 1
github.com/PointerByte/QuicksGo/config/server_gRPC/mocksConfig.go:34.59,36.2 1 8
github.com/PointerByte/QuicksGo/config/server_gRPC/mocksConfig.go:39.51,44.2 4 1
github.com/PointerByte/QuicksGo/config/server_gRPC/mocksConfig.go:47.64,50.2 2 1
github.com/PointerByte/QuicksGo/config/server_gRPC/mocksConfig.go:53.49,58.2 4 1
github.com/PointerByte/QuicksGo/config/server_gRPC/mocksConfig.go:61.62,64.2 2 1
github.com/PointerByte/QuicksGo/config/server_gRPC/mocksConfig.go:67.39,70.2 2 1
github.com/PointerByte/QuicksGo/config/server_gRPC/mocksConfig.go:73.65,76.2 2 1
github.com/PointerByte/QuicksGo/config/server_gRPC/mocksConfig.go:79.69,84.2 4 1
github.com/PointerByte/QuicksGo/config/server_gRPC/mocksConfig.go:87.81,90.2 2 1
github.com/PointerByte/QuicksGo/config/server_gRPC/mocksConfig.go:93.38,98.2 4 1
github.com/PointerByte/QuicksGo/config/server_gRPC/mocksConfig.go:101.58,104.2 2 1
github.com/PointerByte/QuicksGo/config/server_gRPC/mocksConfig.go:107.51,110.2 2 1
github.com/PointerByte/QuicksGo/config/server_gRPC/mocksConfig.go:113.82,116.2 2 1
github.com/PointerByte/QuicksGo/config/server_gRPC/mocksConfig.go:119.59,122.2 2 1
github.com/PointerByte/QuicksGo/config/server_gRPC/mocksConfig.go:125.84,128.2 2 1
github.com/PointerByte/QuicksGo/config/server_gRPC/mocksConfig.go:131.31,134.2 2 1
github.com/PointerByte/QuicksGo/config/server_gRPC/mocksConfig.go:137.57,140.2 2 1
