mode: atomic
github.com/PointerByte/QuicksGo/cmd/qgo/main.go:17.13,18.49 1 2
github.com/PointerByte/QuicksGo/cmd/qgo/main.go:18.49,21.3 2 1
github.com/PointerByte/QuicksGo/cmd/qgo/main.go:24.40,26.2 1 1
github.com/PointerByte/QuicksGo/cmd/qgo/main.go:28.33,30.2 1 1
github.com/PointerByte/QuicksGo/cmd/qgo/codigo/app.go:32.20,39.50 1 1
github.com/PointerByte/QuicksGo/cmd/qgo/codigo/app.go:39.50,45.4 5 1
github.com/PointerByte/QuicksGo/cmd/qgo/codigo/app.go:50.33,52.2 1 1
github.com/PointerByte/QuicksGo/cmd/qgo/codigo/app.go:54.46,63.2 3 4
github.com/PointerByte/QuicksGo/cmd/qgo/codigo/commands.go:25.38,27.2 1 5
github.com/PointerByte/QuicksGo/cmd/qgo/codigo/commands.go:29.71,35.2 1 11
github.com/PointerByte/QuicksGo/cmd/qgo/codigo/commands.go:37.51,46.2 4 5
github.com/PointerByte/QuicksGo/cmd/qgo/codigo/commands.go:48.58,52.55 1 11
github.com/PointerByte/QuicksGo/cmd/qgo/codigo/commands.go:52.55,54.18 2 1
github.com/PointerByte/QuicksGo/cmd/qgo/codigo/commands.go:54.18,56.5 1 0
github.com/PointerByte/QuicksGo/cmd/qgo/codigo/commands.go:58.4,59.73 2 1
github.com/PointerByte/QuicksGo/cmd/qgo/codigo/commands.go:63.2,67.17 5 11
github.com/PointerByte/QuicksGo/cmd/qgo/codigo/scaffold.go:41.68,50.2 1 9
github.com/PointerByte/QuicksGo/cmd/qgo/codigo/scaffold.go:52.99,56.16 3 8
github.com/PointerByte/QuicksGo/cmd/qgo/codigo/scaffold.go:56.16,58.3 1 1
github.com/PointerByte/QuicksGo/cmd/qgo/codigo/scaffold.go:59.2,59.36 1 7
github.com/PointerByte/QuicksGo/cmd/qgo/codigo/scaffold.go:59.36,61.3 1 1
github.com/PointerByte/QuicksGo/cmd/qgo/codigo/scaffold.go:63.2,64.16 2 6
github.com/PointerByte/QuicksGo/cmd/qgo/codigo/scaffold.go:64.16,66.3 1 1
github.com/PointerByte/QuicksGo/cmd/qgo/codigo/scaffold.go:67.2,67.34 1 5
github.com/PointerByte/QuicksGo/cmd/qgo/codigo/scaffold.go:67.34,69.3 1 1
github.com/PointerByte/QuicksGo/cmd/qgo/codigo/scaffold.go:71.2,72.16 2 4
github.com/PointerByte/QuicksGo/cmd/qgo/codigo/scaffold.go:72.16,74.3 1 1
github.com/PointerByte/QuicksGo/cmd/qgo/codigo/scaffold.go:76.2,77.21 2 3
github.com/PointerByte/QuicksGo/cmd/qgo/codigo/scaffold.go:77.21,79.3 1 1
github.com/PointerByte/QuicksGo/cmd/qgo/codigo/scaffold.go:81.2,86.8 1 3
github.com/PointerByte/QuicksGo/cmd/qgo/codigo/scaffold.go:89.108,91.20 2 18
github.com/PointerByte/QuicksGo/cmd/qgo/codigo/scaffold.go:91.20,93.3 1 5
github.com/PointerByte/QuicksGo/cmd/qgo/codigo/scaffold.go:95.2,95.62 1 13
github.com/PointerByte/QuicksGo/cmd/qgo/codigo/scaffold.go:95.62,97.3 1 1
github.com/PointerByte/QuicksGo/cmd/qgo/codigo/scaffold.go:99.2,100.43 2 12
github.com/PointerByte/QuicksGo/cmd/qgo/codigo/scaffold.go:100.43,102.3 1 1
github.com/PointerByte/QuicksGo/cmd/qgo/codigo/scaffold.go:104.2,105.17 2 11
github.com/PointerByte/QuicksGo/cmd/qgo/codigo/scaffold.go:105.17,107.3 1 2
github.com/PointerByte/QuicksGo/cmd/qgo/codigo/scaffold.go:108.2,108.19 1 9
github.com/PointerByte/QuicksGo/cmd/qgo/codigo/scaffold.go:111.98,113.20 2 10
github.com/PointerByte/QuicksGo/cmd/qgo/codigo/scaffold.go:113.20,114.37 1 4
github.com/PointerByte/QuicksGo/cmd/qgo/codigo/scaffold.go:114.37,116.4 1 1
github.com/PointerByte/QuicksGo/cmd/qgo/codigo/scaffold.go:117.3,117.23 1 3
github.com/PointerByte/QuicksGo/cmd/qgo/codigo/scaffold.go:120.2,120.93 1 6
github.com/PointerByte/QuicksGo/cmd/qgo/codigo/scaffold.go:120.93,122.3 1 1
github.com/PointerByte/QuicksGo/cmd/qgo/codigo/scaffold.go:124.2,125.43 2 5
github.com/PointerByte/QuicksGo/cmd/qgo/codigo/scaffold.go:125.43,127.3 1 1
github.com/PointerByte/QuicksGo/cmd/qgo/codigo/scaffold.go:129.2,130.17 2 4
github.com/PointerByte/QuicksGo/cmd/qgo/codigo/scaffold.go:130.17,132.3 1 2
github.com/PointerByte/QuicksGo/cmd/qgo/codigo/scaffold.go:133.2,133.33 1 2
github.com/PointerByte/QuicksGo/cmd/qgo/codigo/scaffold.go:133.33,135.3 1 2
github.com/PointerByte/QuicksGo/cmd/qgo/codigo/scaffold.go:136.2,136.19 1 0
github.com/PointerByte/QuicksGo/cmd/qgo/codigo/scaffold.go:139.45,141.2 1 9
github.com/PointerByte/QuicksGo/cmd/qgo/codigo/scaffold.go:143.43,145.2 1 10
github.com/PointerByte/QuicksGo/cmd/qgo/codigo/scaffold.go:147.44,149.2 1 9
github.com/PointerByte/QuicksGo/cmd/qgo/codigo/scaffold.go:151.96,153.16 2 9
github.com/PointerByte/QuicksGo/cmd/qgo/codigo/scaffold.go:153.16,155.3 1 1
github.com/PointerByte/QuicksGo/cmd/qgo/codigo/scaffold.go:157.2,157.56 1 8
github.com/PointerByte/QuicksGo/cmd/qgo/codigo/scaffold.go:157.56,159.3 1 1
github.com/PointerByte/QuicksGo/cmd/qgo/codigo/scaffold.go:159.8,159.44 1 7
github.com/PointerByte/QuicksGo/cmd/qgo/codigo/scaffold.go:159.44,161.3 1 1
github.com/PointerByte/QuicksGo/cmd/qgo/codigo/scaffold.go:163.2,163.64 1 6
github.com/PointerByte/QuicksGo/cmd/qgo/codigo/scaffold.go:163.64,165.3 1 1
github.com/PointerByte/QuicksGo/cmd/qgo/codigo/scaffold.go:167.2,168.16 2 5
github.com/PointerByte/QuicksGo/cmd/qgo/codigo/scaffold.go:168.16,170.3 1 1
github.com/PointerByte/QuicksGo/cmd/qgo/codigo/scaffold.go:172.2,172.35 1 4
github.com/PointerByte/QuicksGo/cmd/qgo/codigo/scaffold.go:172.35,174.80 2 7
github.com/PointerByte/QuicksGo/cmd/qgo/codigo/scaffold.go:174.80,176.4 1 1
github.com/PointerByte/QuicksGo/cmd/qgo/codigo/scaffold.go:179.2,179.88 1 3
github.com/PointerByte/QuicksGo/cmd/qgo/codigo/scaffold.go:179.88,181.3 1 1
github.com/PointerByte/QuicksGo/cmd/qgo/codigo/scaffold.go:182.2,182.68 1 2
github.com/PointerByte/QuicksGo/cmd/qgo/codigo/scaffold.go:182.68,184.3 1 1
github.com/PointerByte/QuicksGo/cmd/qgo/codigo/scaffold.go:186.2,186.101 1 1
github.com/PointerByte/QuicksGo/cmd/qgo/codigo/scaffold.go:186.101,188.3 1 0
github.com/PointerByte/QuicksGo/cmd/qgo/codigo/scaffold.go:189.2,189.12 1 1
github.com/PointerByte/QuicksGo/cmd/qgo/codigo/templates.go:8.96,13.30 2 7
github.com/PointerByte/QuicksGo/cmd/qgo/codigo/templates.go:14.18,15.81 1 5
github.com/PointerByte/QuicksGo/cmd/qgo/codigo/templates.go:16.18,18.17 2 0
github.com/PointerByte/QuicksGo/cmd/qgo/codigo/templates.go:18.17,20.4 1 0
github.com/PointerByte/QuicksGo/cmd/qgo/codigo/templates.go:21.3,21.38 1 0
github.com/PointerByte/QuicksGo/cmd/qgo/codigo/templates.go:22.10,23.79 1 2
github.com/PointerByte/QuicksGo/cmd/qgo/codigo/templates.go:26.2,26.19 1 5
github.com/PointerByte/QuicksGo/cmd/qgo/codigo/templates.go:29.67,30.21 1 9
github.com/PointerByte/QuicksGo/cmd/qgo/codigo/templates.go:31.22,61.12 1 6
github.com/PointerByte/QuicksGo/cmd/qgo/codigo/templates.go:62.23,77.2 1 2
github.com/PointerByte/QuicksGo/cmd/qgo/codigo/templates.go:78.10,79.12 1 1
github.com/PointerByte/QuicksGo/cmd/qgo/codigo/templates.go:83.70,84.36 1 7
github.com/PointerByte/QuicksGo/cmd/qgo/codigo/templates.go:84.36,106.3 1 2
github.com/PointerByte/QuicksGo/cmd/qgo/codigo/templates.go:108.2,133.12 1 5
github.com/PointerByte/QuicksGo/cmd/qgo/codigo/templates.go:136.79,148.36 2 2
github.com/PointerByte/QuicksGo/cmd/qgo/codigo/templates.go:148.36,165.3 1 1
github.com/PointerByte/QuicksGo/cmd/qgo/codigo/templates.go:165.8,186.3 2 1
github.com/PointerByte/QuicksGo/cmd/qgo/codigo/templates.go:188.2,189.16 2 2
github.com/PointerByte/QuicksGo/cmd/qgo/codigo/templates.go:189.16,191.3 1 0
github.com/PointerByte/QuicksGo/cmd/qgo/codigo/templates.go:192.2,192.36 1 2
