mode: atomic
<<<<<<< HEAD
github.com/PointerByte/QuicksGo/cmd/go-openssl/main.go:21.13,22.49 1 2
github.com/PointerByte/QuicksGo/cmd/go-openssl/main.go:22.49,25.3 2 1
github.com/PointerByte/QuicksGo/cmd/go-openssl/main.go:29.38,31.2 1 1
github.com/PointerByte/QuicksGo/cmd/go-openssl/main.go:34.33,36.2 1 1
github.com/PointerByte/QuicksGo/cmd/go-openssl/code/app.go:32.20,41.2 1 1
github.com/PointerByte/QuicksGo/cmd/go-openssl/code/app.go:44.33,46.2 1 1
github.com/PointerByte/QuicksGo/cmd/go-openssl/code/app.go:49.46,58.2 3 4
github.com/PointerByte/QuicksGo/cmd/go-openssl/code/commands.go:28.43,33.2 1 5
github.com/PointerByte/QuicksGo/cmd/go-openssl/code/commands.go:36.56,40.55 1 5
github.com/PointerByte/QuicksGo/cmd/go-openssl/code/commands.go:40.55,42.18 2 1
github.com/PointerByte/QuicksGo/cmd/go-openssl/code/commands.go:42.18,44.5 1 0
github.com/PointerByte/QuicksGo/cmd/go-openssl/code/commands.go:46.4,47.18 2 1
github.com/PointerByte/QuicksGo/cmd/go-openssl/code/commands.go:47.18,49.5 1 0
github.com/PointerByte/QuicksGo/cmd/go-openssl/code/commands.go:51.4,60.14 2 1
github.com/PointerByte/QuicksGo/cmd/go-openssl/code/commands.go:64.2,79.17 16 5
github.com/PointerByte/QuicksGo/cmd/go-openssl/code/generator.go:89.32,96.2 1 14
github.com/PointerByte/QuicksGo/cmd/go-openssl/code/generator.go:99.60,101.2 1 9
github.com/PointerByte/QuicksGo/cmd/go-openssl/code/generator.go:104.71,106.16 2 10
github.com/PointerByte/QuicksGo/cmd/go-openssl/code/generator.go:106.16,108.3 1 4
github.com/PointerByte/QuicksGo/cmd/go-openssl/code/generator.go:110.2,110.79 1 6
github.com/PointerByte/QuicksGo/cmd/go-openssl/code/generator.go:110.79,112.3 1 0
github.com/PointerByte/QuicksGo/cmd/go-openssl/code/generator.go:114.2,115.16 2 6
github.com/PointerByte/QuicksGo/cmd/go-openssl/code/generator.go:115.16,117.3 1 0
github.com/PointerByte/QuicksGo/cmd/go-openssl/code/generator.go:119.2,120.16 2 6
github.com/PointerByte/QuicksGo/cmd/go-openssl/code/generator.go:120.16,122.3 1 0
github.com/PointerByte/QuicksGo/cmd/go-openssl/code/generator.go:124.2,125.16 2 6
github.com/PointerByte/QuicksGo/cmd/go-openssl/code/generator.go:125.16,127.3 1 0
github.com/PointerByte/QuicksGo/cmd/go-openssl/code/generator.go:129.2,130.16 2 6
github.com/PointerByte/QuicksGo/cmd/go-openssl/code/generator.go:130.16,132.3 1 0
github.com/PointerByte/QuicksGo/cmd/go-openssl/code/generator.go:134.2,135.16 2 6
github.com/PointerByte/QuicksGo/cmd/go-openssl/code/generator.go:135.16,137.3 1 0
github.com/PointerByte/QuicksGo/cmd/go-openssl/code/generator.go:139.2,147.93 2 6
github.com/PointerByte/QuicksGo/cmd/go-openssl/code/generator.go:147.93,149.3 1 0
github.com/PointerByte/QuicksGo/cmd/go-openssl/code/generator.go:150.2,150.91 1 6
github.com/PointerByte/QuicksGo/cmd/go-openssl/code/generator.go:150.91,152.3 1 0
github.com/PointerByte/QuicksGo/cmd/go-openssl/code/generator.go:153.2,153.89 1 6
github.com/PointerByte/QuicksGo/cmd/go-openssl/code/generator.go:153.89,155.3 1 0
github.com/PointerByte/QuicksGo/cmd/go-openssl/code/generator.go:157.2,157.20 1 6
github.com/PointerByte/QuicksGo/cmd/go-openssl/code/generator.go:160.32,174.2 1 16
github.com/PointerByte/QuicksGo/cmd/go-openssl/code/generator.go:176.57,191.31 13 11
github.com/PointerByte/QuicksGo/cmd/go-openssl/code/generator.go:191.31,193.3 1 4
github.com/PointerByte/QuicksGo/cmd/go-openssl/code/generator.go:194.2,194.29 1 11
github.com/PointerByte/QuicksGo/cmd/go-openssl/code/generator.go:194.29,196.3 1 8
github.com/PointerByte/QuicksGo/cmd/go-openssl/code/generator.go:197.2,197.32 1 11
github.com/PointerByte/QuicksGo/cmd/go-openssl/code/generator.go:197.32,199.3 1 8
github.com/PointerByte/QuicksGo/cmd/go-openssl/code/generator.go:201.2,201.29 1 11
github.com/PointerByte/QuicksGo/cmd/go-openssl/code/generator.go:201.29,203.3 1 0
github.com/PointerByte/QuicksGo/cmd/go-openssl/code/generator.go:204.2,204.30 1 11
github.com/PointerByte/QuicksGo/cmd/go-openssl/code/generator.go:204.30,206.3 1 0
github.com/PointerByte/QuicksGo/cmd/go-openssl/code/generator.go:207.2,207.31 1 11
github.com/PointerByte/QuicksGo/cmd/go-openssl/code/generator.go:207.31,209.3 1 0
github.com/PointerByte/QuicksGo/cmd/go-openssl/code/generator.go:210.2,210.96 1 11
github.com/PointerByte/QuicksGo/cmd/go-openssl/code/generator.go:210.96,212.3 1 0
github.com/PointerByte/QuicksGo/cmd/go-openssl/code/generator.go:213.2,213.59 1 11
github.com/PointerByte/QuicksGo/cmd/go-openssl/code/generator.go:213.59,215.3 1 1
github.com/PointerByte/QuicksGo/cmd/go-openssl/code/generator.go:217.2,217.27 1 10
github.com/PointerByte/QuicksGo/cmd/go-openssl/code/generator.go:218.20,219.32 1 2
github.com/PointerByte/QuicksGo/cmd/go-openssl/code/generator.go:219.32,221.4 1 1
github.com/PointerByte/QuicksGo/cmd/go-openssl/code/generator.go:222.20,223.59 1 6
github.com/PointerByte/QuicksGo/cmd/go-openssl/code/generator.go:223.59,225.4 1 1
github.com/PointerByte/QuicksGo/cmd/go-openssl/code/generator.go:226.24,226.24 0 1
github.com/PointerByte/QuicksGo/cmd/go-openssl/code/generator.go:227.10,228.78 1 1
github.com/PointerByte/QuicksGo/cmd/go-openssl/code/generator.go:231.2,231.21 1 7
github.com/PointerByte/QuicksGo/cmd/go-openssl/code/generator.go:234.53,235.36 1 88
github.com/PointerByte/QuicksGo/cmd/go-openssl/code/generator.go:235.36,237.3 1 34
github.com/PointerByte/QuicksGo/cmd/go-openssl/code/generator.go:238.2,238.14 1 54
github.com/PointerByte/QuicksGo/cmd/go-openssl/code/generator.go:241.74,242.16 1 6
github.com/PointerByte/QuicksGo/cmd/go-openssl/code/generator.go:242.16,244.3 1 2
github.com/PointerByte/QuicksGo/cmd/go-openssl/code/generator.go:246.2,247.67 2 4
github.com/PointerByte/QuicksGo/cmd/go-openssl/code/generator.go:247.67,249.3 1 0
github.com/PointerByte/QuicksGo/cmd/go-openssl/code/generator.go:250.2,254.8 1 4
github.com/PointerByte/QuicksGo/cmd/go-openssl/code/generator.go:257.78,258.27 1 6
github.com/PointerByte/QuicksGo/cmd/go-openssl/code/generator.go:259.20,261.17 2 1
github.com/PointerByte/QuicksGo/cmd/go-openssl/code/generator.go:261.17,263.4 1 0
github.com/PointerByte/QuicksGo/cmd/go-openssl/code/generator.go:264.3,264.48 1 1
github.com/PointerByte/QuicksGo/cmd/go-openssl/code/generator.go:265.20,267.17 2 4
github.com/PointerByte/QuicksGo/cmd/go-openssl/code/generator.go:267.17,269.4 1 0
github.com/PointerByte/QuicksGo/cmd/go-openssl/code/generator.go:270.3,271.17 2 4
github.com/PointerByte/QuicksGo/cmd/go-openssl/code/generator.go:271.17,273.4 1 0
github.com/PointerByte/QuicksGo/cmd/go-openssl/code/generator.go:274.3,274.48 1 4
github.com/PointerByte/QuicksGo/cmd/go-openssl/code/generator.go:275.24,277.17 2 1
github.com/PointerByte/QuicksGo/cmd/go-openssl/code/generator.go:277.17,279.4 1 0
github.com/PointerByte/QuicksGo/cmd/go-openssl/code/generator.go:280.3,280.36 1 1
github.com/PointerByte/QuicksGo/cmd/go-openssl/code/generator.go:281.10,282.77 1 0
github.com/PointerByte/QuicksGo/cmd/go-openssl/code/generator.go:286.56,287.50 1 10
github.com/PointerByte/QuicksGo/cmd/go-openssl/code/generator.go:288.17,289.30 1 3
github.com/PointerByte/QuicksGo/cmd/go-openssl/code/generator.go:290.17,291.30 1 2
github.com/PointerByte/QuicksGo/cmd/go-openssl/code/generator.go:292.17,293.30 1 4
github.com/PointerByte/QuicksGo/cmd/go-openssl/code/generator.go:294.10,295.59 1 1
github.com/PointerByte/QuicksGo/cmd/go-openssl/code/generator.go:299.134,301.16 2 6
github.com/PointerByte/QuicksGo/cmd/go-openssl/code/generator.go:301.16,303.3 1 0
github.com/PointerByte/QuicksGo/cmd/go-openssl/code/generator.go:305.2,324.39 4 6
github.com/PointerByte/QuicksGo/cmd/go-openssl/code/generator.go:324.39,326.3 1 1
github.com/PointerByte/QuicksGo/cmd/go-openssl/code/generator.go:327.2,327.18 1 6
github.com/PointerByte/QuicksGo/cmd/go-openssl/code/generator.go:327.18,329.3 1 1
github.com/PointerByte/QuicksGo/cmd/go-openssl/code/generator.go:331.2,333.28 3 6
github.com/PointerByte/QuicksGo/cmd/go-openssl/code/generator.go:333.28,335.17 2 1
github.com/PointerByte/QuicksGo/cmd/go-openssl/code/generator.go:335.17,337.4 1 0
github.com/PointerByte/QuicksGo/cmd/go-openssl/code/generator.go:338.3,339.21 2 1
github.com/PointerByte/QuicksGo/cmd/go-openssl/code/generator.go:342.2,343.16 2 6
github.com/PointerByte/QuicksGo/cmd/go-openssl/code/generator.go:343.16,345.3 1 0
github.com/PointerByte/QuicksGo/cmd/go-openssl/code/generator.go:347.2,347.77 1 6
github.com/PointerByte/QuicksGo/cmd/go-openssl/code/generator.go:350.85,352.16 2 1
github.com/PointerByte/QuicksGo/cmd/go-openssl/code/generator.go:352.16,354.3 1 0
github.com/PointerByte/QuicksGo/cmd/go-openssl/code/generator.go:355.2,355.23 1 1
github.com/PointerByte/QuicksGo/cmd/go-openssl/code/generator.go:355.23,357.3 1 0
github.com/PointerByte/QuicksGo/cmd/go-openssl/code/generator.go:359.2,360.16 2 1
github.com/PointerByte/QuicksGo/cmd/go-openssl/code/generator.go:360.16,362.3 1 0
github.com/PointerByte/QuicksGo/cmd/go-openssl/code/generator.go:363.2,363.37 1 1
github.com/PointerByte/QuicksGo/cmd/go-openssl/code/generator.go:366.70,368.16 2 1
github.com/PointerByte/QuicksGo/cmd/go-openssl/code/generator.go:368.16,370.3 1 0
github.com/PointerByte/QuicksGo/cmd/go-openssl/code/generator.go:372.2,373.18 2 1
github.com/PointerByte/QuicksGo/cmd/go-openssl/code/generator.go:373.18,375.3 1 0
github.com/PointerByte/QuicksGo/cmd/go-openssl/code/generator.go:377.2,378.16 2 1
github.com/PointerByte/QuicksGo/cmd/go-openssl/code/generator.go:378.16,380.3 1 0
github.com/PointerByte/QuicksGo/cmd/go-openssl/code/generator.go:381.2,381.25 1 1
github.com/PointerByte/QuicksGo/cmd/go-openssl/code/generator.go:384.55,386.16 2 1
github.com/PointerByte/QuicksGo/cmd/go-openssl/code/generator.go:386.16,388.3 1 0
github.com/PointerByte/QuicksGo/cmd/go-openssl/code/generator.go:390.2,391.18 2 1
github.com/PointerByte/QuicksGo/cmd/go-openssl/code/generator.go:391.18,393.3 1 0
github.com/PointerByte/QuicksGo/cmd/go-openssl/code/generator.go:395.2,396.16 2 1
github.com/PointerByte/QuicksGo/cmd/go-openssl/code/generator.go:396.16,398.3 1 1
github.com/PointerByte/QuicksGo/cmd/go-openssl/code/generator.go:399.2,399.75 1 0
github.com/PointerByte/QuicksGo/cmd/go-openssl/code/generator.go:399.75,401.3 1 0
github.com/PointerByte/QuicksGo/cmd/go-openssl/code/generator.go:402.2,402.72 1 0
github.com/PointerByte/QuicksGo/cmd/go-openssl/code/generator.go:402.72,404.3 1 0
github.com/PointerByte/QuicksGo/cmd/go-openssl/code/generator.go:405.2,405.54 1 0
github.com/PointerByte/QuicksGo/cmd/go-openssl/code/generator.go:408.48,410.31 2 6
github.com/PointerByte/QuicksGo/cmd/go-openssl/code/generator.go:410.31,412.18 2 6
github.com/PointerByte/QuicksGo/cmd/go-openssl/code/generator.go:412.18,414.4 1 6
github.com/PointerByte/QuicksGo/cmd/go-openssl/code/generator.go:416.2,416.18 1 6
github.com/PointerByte/QuicksGo/cmd/go-openssl/code/generator.go:419.49,421.31 2 6
github.com/PointerByte/QuicksGo/cmd/go-openssl/code/generator.go:421.31,422.61 1 0
github.com/PointerByte/QuicksGo/cmd/go-openssl/code/generator.go:422.61,424.4 1 0
github.com/PointerByte/QuicksGo/cmd/go-openssl/code/generator.go:426.2,426.12 1 6
github.com/PointerByte/QuicksGo/cmd/go-openssl/code/generator.go:429.58,431.16 2 6
github.com/PointerByte/QuicksGo/cmd/go-openssl/code/generator.go:431.16,433.3 1 0
github.com/PointerByte/QuicksGo/cmd/go-openssl/code/generator.go:434.2,434.87 1 6
github.com/PointerByte/QuicksGo/cmd/go-openssl/code/generator.go:437.56,439.16 2 6
github.com/PointerByte/QuicksGo/cmd/go-openssl/code/generator.go:439.16,441.3 1 0
github.com/PointerByte/QuicksGo/cmd/go-openssl/code/generator.go:442.2,442.85 1 6
github.com/PointerByte/QuicksGo/cmd/go-openssl/code/generator.go:452.57,454.21 2 1377
github.com/PointerByte/QuicksGo/cmd/go-openssl/code/generator.go:454.21,455.30 1 5479
github.com/PointerByte/QuicksGo/cmd/go-openssl/code/generator.go:455.30,457.4 1 5474
github.com/PointerByte/QuicksGo/cmd/go-openssl/code/generator.go:459.3,461.41 3 5479
github.com/PointerByte/QuicksGo/cmd/go-openssl/code/generator.go:463.2,463.19 1 1377
github.com/PointerByte/QuicksGo/cmd/go-openssl/code/generator.go:466.48,482.2 6 5474
=======
github.com/PointerByte/GoForge/cmd/go-openssl/code/app.go:32.20,41.2 1 1
github.com/PointerByte/GoForge/cmd/go-openssl/code/app.go:44.33,46.2 1 1
github.com/PointerByte/GoForge/cmd/go-openssl/code/app.go:49.46,59.2 4 5
github.com/PointerByte/GoForge/cmd/go-openssl/code/commands.go:35.43,40.2 1 6
github.com/PointerByte/GoForge/cmd/go-openssl/code/commands.go:43.56,47.55 1 6
github.com/PointerByte/GoForge/cmd/go-openssl/code/commands.go:47.55,49.18 2 1
github.com/PointerByte/GoForge/cmd/go-openssl/code/commands.go:49.18,51.5 1 0
github.com/PointerByte/GoForge/cmd/go-openssl/code/commands.go:53.4,54.18 2 1
github.com/PointerByte/GoForge/cmd/go-openssl/code/commands.go:54.18,56.5 1 0
github.com/PointerByte/GoForge/cmd/go-openssl/code/commands.go:58.4,68.14 2 1
github.com/PointerByte/GoForge/cmd/go-openssl/code/commands.go:72.2,90.17 19 6
github.com/PointerByte/GoForge/cmd/go-openssl/code/commands.go:94.39,98.2 1 6
github.com/PointerByte/GoForge/cmd/go-openssl/code/commands.go:101.52,105.55 1 6
github.com/PointerByte/GoForge/cmd/go-openssl/code/commands.go:105.55,106.45 1 1
github.com/PointerByte/GoForge/cmd/go-openssl/code/commands.go:106.45,108.5 1 0
github.com/PointerByte/GoForge/cmd/go-openssl/code/commands.go:110.4,111.18 2 1
github.com/PointerByte/GoForge/cmd/go-openssl/code/commands.go:111.18,113.5 1 0
github.com/PointerByte/GoForge/cmd/go-openssl/code/commands.go:114.4,114.51 1 1
github.com/PointerByte/GoForge/cmd/go-openssl/code/commands.go:114.51,116.5 1 0
github.com/PointerByte/GoForge/cmd/go-openssl/code/commands.go:117.4,118.14 2 1
github.com/PointerByte/GoForge/cmd/go-openssl/code/commands.go:122.2,125.17 4 6
github.com/PointerByte/GoForge/cmd/go-openssl/code/generator.go:118.32,125.2 1 20
github.com/PointerByte/GoForge/cmd/go-openssl/code/generator.go:128.60,130.2 1 14
github.com/PointerByte/GoForge/cmd/go-openssl/code/generator.go:133.71,135.16 2 15
github.com/PointerByte/GoForge/cmd/go-openssl/code/generator.go:135.16,137.3 1 5
github.com/PointerByte/GoForge/cmd/go-openssl/code/generator.go:139.2,139.79 1 10
github.com/PointerByte/GoForge/cmd/go-openssl/code/generator.go:139.79,141.3 1 0
github.com/PointerByte/GoForge/cmd/go-openssl/code/generator.go:143.2,144.16 2 10
github.com/PointerByte/GoForge/cmd/go-openssl/code/generator.go:144.16,146.3 1 0
github.com/PointerByte/GoForge/cmd/go-openssl/code/generator.go:148.2,149.16 2 10
github.com/PointerByte/GoForge/cmd/go-openssl/code/generator.go:149.16,151.3 1 0
github.com/PointerByte/GoForge/cmd/go-openssl/code/generator.go:153.2,154.16 2 10
github.com/PointerByte/GoForge/cmd/go-openssl/code/generator.go:154.16,156.3 1 0
github.com/PointerByte/GoForge/cmd/go-openssl/code/generator.go:158.2,159.16 2 10
github.com/PointerByte/GoForge/cmd/go-openssl/code/generator.go:159.16,161.3 1 0
github.com/PointerByte/GoForge/cmd/go-openssl/code/generator.go:163.2,164.16 2 10
github.com/PointerByte/GoForge/cmd/go-openssl/code/generator.go:164.16,166.3 1 0
github.com/PointerByte/GoForge/cmd/go-openssl/code/generator.go:168.2,169.15 2 10
github.com/PointerByte/GoForge/cmd/go-openssl/code/generator.go:169.15,171.17 2 3
github.com/PointerByte/GoForge/cmd/go-openssl/code/generator.go:171.17,173.4 1 0
github.com/PointerByte/GoForge/cmd/go-openssl/code/generator.go:174.3,175.17 2 3
github.com/PointerByte/GoForge/cmd/go-openssl/code/generator.go:175.17,177.4 1 0
github.com/PointerByte/GoForge/cmd/go-openssl/code/generator.go:178.3,179.17 2 3
github.com/PointerByte/GoForge/cmd/go-openssl/code/generator.go:179.17,181.4 1 0
github.com/PointerByte/GoForge/cmd/go-openssl/code/generator.go:184.2,193.93 2 10
github.com/PointerByte/GoForge/cmd/go-openssl/code/generator.go:193.93,195.3 1 0
github.com/PointerByte/GoForge/cmd/go-openssl/code/generator.go:196.2,196.91 1 10
github.com/PointerByte/GoForge/cmd/go-openssl/code/generator.go:196.91,198.3 1 0
github.com/PointerByte/GoForge/cmd/go-openssl/code/generator.go:199.2,199.89 1 10
github.com/PointerByte/GoForge/cmd/go-openssl/code/generator.go:199.89,201.3 1 0
github.com/PointerByte/GoForge/cmd/go-openssl/code/generator.go:203.2,203.20 1 10
github.com/PointerByte/GoForge/cmd/go-openssl/code/generator.go:206.32,220.2 1 22
github.com/PointerByte/GoForge/cmd/go-openssl/code/generator.go:222.57,237.31 13 16
github.com/PointerByte/GoForge/cmd/go-openssl/code/generator.go:237.31,239.3 1 6
github.com/PointerByte/GoForge/cmd/go-openssl/code/generator.go:240.2,240.29 1 16
github.com/PointerByte/GoForge/cmd/go-openssl/code/generator.go:240.29,242.3 1 13
github.com/PointerByte/GoForge/cmd/go-openssl/code/generator.go:243.2,243.32 1 16
github.com/PointerByte/GoForge/cmd/go-openssl/code/generator.go:243.32,245.3 1 13
github.com/PointerByte/GoForge/cmd/go-openssl/code/generator.go:247.2,247.29 1 16
github.com/PointerByte/GoForge/cmd/go-openssl/code/generator.go:247.29,249.3 1 0
github.com/PointerByte/GoForge/cmd/go-openssl/code/generator.go:250.2,250.30 1 16
github.com/PointerByte/GoForge/cmd/go-openssl/code/generator.go:250.30,252.3 1 0
github.com/PointerByte/GoForge/cmd/go-openssl/code/generator.go:253.2,253.31 1 16
github.com/PointerByte/GoForge/cmd/go-openssl/code/generator.go:253.31,255.3 1 0
github.com/PointerByte/GoForge/cmd/go-openssl/code/generator.go:256.2,256.96 1 16
github.com/PointerByte/GoForge/cmd/go-openssl/code/generator.go:256.96,258.3 1 0
github.com/PointerByte/GoForge/cmd/go-openssl/code/generator.go:259.2,259.59 1 16
github.com/PointerByte/GoForge/cmd/go-openssl/code/generator.go:259.59,261.3 1 1
github.com/PointerByte/GoForge/cmd/go-openssl/code/generator.go:262.2,262.33 1 15
github.com/PointerByte/GoForge/cmd/go-openssl/code/generator.go:262.33,263.73 1 4
github.com/PointerByte/GoForge/cmd/go-openssl/code/generator.go:263.73,265.4 1 1
github.com/PointerByte/GoForge/cmd/go-openssl/code/generator.go:267.2,267.60 1 14
github.com/PointerByte/GoForge/cmd/go-openssl/code/generator.go:267.60,269.3 1 0
github.com/PointerByte/GoForge/cmd/go-openssl/code/generator.go:270.2,270.58 1 14
github.com/PointerByte/GoForge/cmd/go-openssl/code/generator.go:270.58,272.3 1 0
github.com/PointerByte/GoForge/cmd/go-openssl/code/generator.go:273.2,273.34 1 14
github.com/PointerByte/GoForge/cmd/go-openssl/code/generator.go:273.34,274.74 1 1
github.com/PointerByte/GoForge/cmd/go-openssl/code/generator.go:274.74,276.4 1 0
github.com/PointerByte/GoForge/cmd/go-openssl/code/generator.go:278.2,278.31 1 14
github.com/PointerByte/GoForge/cmd/go-openssl/code/generator.go:278.31,279.71 1 1
github.com/PointerByte/GoForge/cmd/go-openssl/code/generator.go:279.71,281.4 1 0
github.com/PointerByte/GoForge/cmd/go-openssl/code/generator.go:284.2,284.27 1 14
github.com/PointerByte/GoForge/cmd/go-openssl/code/generator.go:285.20,286.32 1 4
github.com/PointerByte/GoForge/cmd/go-openssl/code/generator.go:286.32,288.4 1 1
github.com/PointerByte/GoForge/cmd/go-openssl/code/generator.go:289.20,290.59 1 8
github.com/PointerByte/GoForge/cmd/go-openssl/code/generator.go:290.59,292.4 1 1
github.com/PointerByte/GoForge/cmd/go-openssl/code/generator.go:293.24,293.24 0 1
github.com/PointerByte/GoForge/cmd/go-openssl/code/generator.go:294.10,295.78 1 1
github.com/PointerByte/GoForge/cmd/go-openssl/code/generator.go:298.2,298.21 1 11
github.com/PointerByte/GoForge/cmd/go-openssl/code/generator.go:301.53,302.36 1 128
github.com/PointerByte/GoForge/cmd/go-openssl/code/generator.go:302.36,304.3 1 53
github.com/PointerByte/GoForge/cmd/go-openssl/code/generator.go:305.2,305.14 1 75
github.com/PointerByte/GoForge/cmd/go-openssl/code/generator.go:308.74,309.16 1 10
github.com/PointerByte/GoForge/cmd/go-openssl/code/generator.go:309.16,311.3 1 6
github.com/PointerByte/GoForge/cmd/go-openssl/code/generator.go:313.2,314.67 2 4
github.com/PointerByte/GoForge/cmd/go-openssl/code/generator.go:314.67,316.3 1 0
github.com/PointerByte/GoForge/cmd/go-openssl/code/generator.go:317.2,321.8 1 4
github.com/PointerByte/GoForge/cmd/go-openssl/code/generator.go:324.78,325.27 1 10
github.com/PointerByte/GoForge/cmd/go-openssl/code/generator.go:326.20,328.17 2 3
github.com/PointerByte/GoForge/cmd/go-openssl/code/generator.go:328.17,330.4 1 0
github.com/PointerByte/GoForge/cmd/go-openssl/code/generator.go:331.3,331.48 1 3
github.com/PointerByte/GoForge/cmd/go-openssl/code/generator.go:332.20,334.17 2 6
github.com/PointerByte/GoForge/cmd/go-openssl/code/generator.go:334.17,336.4 1 0
github.com/PointerByte/GoForge/cmd/go-openssl/code/generator.go:337.3,338.17 2 6
github.com/PointerByte/GoForge/cmd/go-openssl/code/generator.go:338.17,340.4 1 0
github.com/PointerByte/GoForge/cmd/go-openssl/code/generator.go:341.3,341.48 1 6
github.com/PointerByte/GoForge/cmd/go-openssl/code/generator.go:342.24,344.17 2 1
github.com/PointerByte/GoForge/cmd/go-openssl/code/generator.go:344.17,346.4 1 0
github.com/PointerByte/GoForge/cmd/go-openssl/code/generator.go:347.3,347.36 1 1
github.com/PointerByte/GoForge/cmd/go-openssl/code/generator.go:348.10,349.77 1 0
github.com/PointerByte/GoForge/cmd/go-openssl/code/generator.go:353.56,354.50 1 14
github.com/PointerByte/GoForge/cmd/go-openssl/code/generator.go:355.17,356.30 1 3
github.com/PointerByte/GoForge/cmd/go-openssl/code/generator.go:357.17,358.30 1 6
github.com/PointerByte/GoForge/cmd/go-openssl/code/generator.go:359.17,360.30 1 4
github.com/PointerByte/GoForge/cmd/go-openssl/code/generator.go:361.10,362.59 1 1
github.com/PointerByte/GoForge/cmd/go-openssl/code/generator.go:366.134,368.16 2 10
github.com/PointerByte/GoForge/cmd/go-openssl/code/generator.go:368.16,370.3 1 0
github.com/PointerByte/GoForge/cmd/go-openssl/code/generator.go:372.2,391.39 4 10
github.com/PointerByte/GoForge/cmd/go-openssl/code/generator.go:391.39,393.3 1 3
github.com/PointerByte/GoForge/cmd/go-openssl/code/generator.go:394.2,394.18 1 10
github.com/PointerByte/GoForge/cmd/go-openssl/code/generator.go:394.18,396.3 1 2
github.com/PointerByte/GoForge/cmd/go-openssl/code/generator.go:398.2,400.28 3 10
github.com/PointerByte/GoForge/cmd/go-openssl/code/generator.go:400.28,402.17 2 2
github.com/PointerByte/GoForge/cmd/go-openssl/code/generator.go:402.17,404.4 1 0
github.com/PointerByte/GoForge/cmd/go-openssl/code/generator.go:405.3,406.21 2 2
github.com/PointerByte/GoForge/cmd/go-openssl/code/generator.go:409.2,410.16 2 10
github.com/PointerByte/GoForge/cmd/go-openssl/code/generator.go:410.16,412.3 1 0
github.com/PointerByte/GoForge/cmd/go-openssl/code/generator.go:414.2,414.77 1 10
github.com/PointerByte/GoForge/cmd/go-openssl/code/generator.go:417.122,419.16 2 2
github.com/PointerByte/GoForge/cmd/go-openssl/code/generator.go:419.16,421.3 1 0
github.com/PointerByte/GoForge/cmd/go-openssl/code/generator.go:422.2,422.23 1 2
github.com/PointerByte/GoForge/cmd/go-openssl/code/generator.go:422.23,424.3 1 0
github.com/PointerByte/GoForge/cmd/go-openssl/code/generator.go:426.2,427.16 2 2
github.com/PointerByte/GoForge/cmd/go-openssl/code/generator.go:427.16,429.3 1 0
github.com/PointerByte/GoForge/cmd/go-openssl/code/generator.go:430.2,430.37 1 2
github.com/PointerByte/GoForge/cmd/go-openssl/code/generator.go:433.70,435.2 1 0
github.com/PointerByte/GoForge/cmd/go-openssl/code/generator.go:437.84,439.16 2 3
github.com/PointerByte/GoForge/cmd/go-openssl/code/generator.go:439.16,441.3 1 0
github.com/PointerByte/GoForge/cmd/go-openssl/code/generator.go:442.2,443.16 2 3
github.com/PointerByte/GoForge/cmd/go-openssl/code/generator.go:443.16,445.3 1 0
github.com/PointerByte/GoForge/cmd/go-openssl/code/generator.go:447.2,448.18 2 3
github.com/PointerByte/GoForge/cmd/go-openssl/code/generator.go:448.18,450.3 1 0
github.com/PointerByte/GoForge/cmd/go-openssl/code/generator.go:452.2,453.16 2 3
github.com/PointerByte/GoForge/cmd/go-openssl/code/generator.go:453.16,455.3 1 0
github.com/PointerByte/GoForge/cmd/go-openssl/code/generator.go:456.2,456.25 1 3
github.com/PointerByte/GoForge/cmd/go-openssl/code/generator.go:459.55,461.2 1 0
github.com/PointerByte/GoForge/cmd/go-openssl/code/generator.go:463.69,465.16 2 3
github.com/PointerByte/GoForge/cmd/go-openssl/code/generator.go:465.16,467.3 1 0
github.com/PointerByte/GoForge/cmd/go-openssl/code/generator.go:468.2,469.16 2 3
github.com/PointerByte/GoForge/cmd/go-openssl/code/generator.go:469.16,471.3 1 0
github.com/PointerByte/GoForge/cmd/go-openssl/code/generator.go:473.2,474.18 2 3
github.com/PointerByte/GoForge/cmd/go-openssl/code/generator.go:474.18,476.3 1 0
github.com/PointerByte/GoForge/cmd/go-openssl/code/generator.go:478.2,479.16 2 3
github.com/PointerByte/GoForge/cmd/go-openssl/code/generator.go:479.16,481.3 1 3
github.com/PointerByte/GoForge/cmd/go-openssl/code/generator.go:482.2,482.75 1 0
github.com/PointerByte/GoForge/cmd/go-openssl/code/generator.go:482.75,484.3 1 0
github.com/PointerByte/GoForge/cmd/go-openssl/code/generator.go:485.2,485.72 1 0
github.com/PointerByte/GoForge/cmd/go-openssl/code/generator.go:485.72,487.3 1 0
github.com/PointerByte/GoForge/cmd/go-openssl/code/generator.go:488.2,488.54 1 0
github.com/PointerByte/GoForge/cmd/go-openssl/code/generator.go:493.62,495.16 2 7
github.com/PointerByte/GoForge/cmd/go-openssl/code/generator.go:495.16,497.3 1 0
github.com/PointerByte/GoForge/cmd/go-openssl/code/generator.go:498.2,498.36 1 7
github.com/PointerByte/GoForge/cmd/go-openssl/code/generator.go:502.81,504.2 1 1
github.com/PointerByte/GoForge/cmd/go-openssl/code/generator.go:507.66,509.2 1 1
github.com/PointerByte/GoForge/cmd/go-openssl/code/generator.go:512.65,514.16 2 1
github.com/PointerByte/GoForge/cmd/go-openssl/code/generator.go:514.16,516.3 1 0
github.com/PointerByte/GoForge/cmd/go-openssl/code/generator.go:518.2,519.18 2 1
github.com/PointerByte/GoForge/cmd/go-openssl/code/generator.go:519.18,521.3 1 0
github.com/PointerByte/GoForge/cmd/go-openssl/code/generator.go:523.2,524.16 2 1
github.com/PointerByte/GoForge/cmd/go-openssl/code/generator.go:524.16,526.3 1 0
github.com/PointerByte/GoForge/cmd/go-openssl/code/generator.go:527.2,527.23 1 1
github.com/PointerByte/GoForge/cmd/go-openssl/code/generator.go:531.64,533.57 2 13
github.com/PointerByte/GoForge/cmd/go-openssl/code/generator.go:533.57,535.3 1 2
github.com/PointerByte/GoForge/cmd/go-openssl/code/generator.go:536.2,536.57 1 11
github.com/PointerByte/GoForge/cmd/go-openssl/code/generator.go:536.57,538.3 1 1
github.com/PointerByte/GoForge/cmd/go-openssl/code/generator.go:540.2,541.62 2 10
github.com/PointerByte/GoForge/cmd/go-openssl/code/generator.go:541.62,543.3 1 0
github.com/PointerByte/GoForge/cmd/go-openssl/code/generator.go:544.2,544.44 1 10
github.com/PointerByte/GoForge/cmd/go-openssl/code/generator.go:544.44,546.3 1 0
github.com/PointerByte/GoForge/cmd/go-openssl/code/generator.go:547.2,547.48 1 10
github.com/PointerByte/GoForge/cmd/go-openssl/code/generator.go:547.48,549.3 1 0
github.com/PointerByte/GoForge/cmd/go-openssl/code/generator.go:551.2,552.16 2 10
github.com/PointerByte/GoForge/cmd/go-openssl/code/generator.go:552.16,554.3 1 0
github.com/PointerByte/GoForge/cmd/go-openssl/code/generator.go:555.2,556.16 2 10
github.com/PointerByte/GoForge/cmd/go-openssl/code/generator.go:556.16,558.3 1 0
github.com/PointerByte/GoForge/cmd/go-openssl/code/generator.go:560.2,561.16 2 10
github.com/PointerByte/GoForge/cmd/go-openssl/code/generator.go:561.16,563.3 1 0
github.com/PointerByte/GoForge/cmd/go-openssl/code/generator.go:564.2,564.36 1 10
github.com/PointerByte/GoForge/cmd/go-openssl/code/generator.go:564.36,566.3 1 0
github.com/PointerByte/GoForge/cmd/go-openssl/code/generator.go:568.2,569.16 2 10
github.com/PointerByte/GoForge/cmd/go-openssl/code/generator.go:569.16,571.3 1 1
github.com/PointerByte/GoForge/cmd/go-openssl/code/generator.go:572.2,572.23 1 9
github.com/PointerByte/GoForge/cmd/go-openssl/code/generator.go:575.101,576.57 1 9
github.com/PointerByte/GoForge/cmd/go-openssl/code/generator.go:576.57,578.3 1 0
github.com/PointerByte/GoForge/cmd/go-openssl/code/generator.go:580.2,581.16 2 9
github.com/PointerByte/GoForge/cmd/go-openssl/code/generator.go:581.16,583.3 1 0
github.com/PointerByte/GoForge/cmd/go-openssl/code/generator.go:585.2,586.60 2 9
github.com/PointerByte/GoForge/cmd/go-openssl/code/generator.go:586.60,588.3 1 0
github.com/PointerByte/GoForge/cmd/go-openssl/code/generator.go:590.2,597.16 3 9
github.com/PointerByte/GoForge/cmd/go-openssl/code/generator.go:597.16,599.3 1 0
github.com/PointerByte/GoForge/cmd/go-openssl/code/generator.go:601.2,605.9 1 9
github.com/PointerByte/GoForge/cmd/go-openssl/code/generator.go:608.52,609.56 1 26
github.com/PointerByte/GoForge/cmd/go-openssl/code/generator.go:609.56,611.3 1 2
github.com/PointerByte/GoForge/cmd/go-openssl/code/generator.go:612.2,612.12 1 24
github.com/PointerByte/GoForge/cmd/go-openssl/code/generator.go:615.52,618.16 3 19
github.com/PointerByte/GoForge/cmd/go-openssl/code/generator.go:618.16,620.3 1 0
github.com/PointerByte/GoForge/cmd/go-openssl/code/generator.go:621.2,622.16 2 19
github.com/PointerByte/GoForge/cmd/go-openssl/code/generator.go:622.16,624.3 1 0
github.com/PointerByte/GoForge/cmd/go-openssl/code/generator.go:625.2,625.18 1 19
github.com/PointerByte/GoForge/cmd/go-openssl/code/generator.go:628.48,630.31 2 10
github.com/PointerByte/GoForge/cmd/go-openssl/code/generator.go:630.31,632.18 2 10
github.com/PointerByte/GoForge/cmd/go-openssl/code/generator.go:632.18,634.4 1 10
github.com/PointerByte/GoForge/cmd/go-openssl/code/generator.go:636.2,636.18 1 10
github.com/PointerByte/GoForge/cmd/go-openssl/code/generator.go:639.49,641.31 2 10
github.com/PointerByte/GoForge/cmd/go-openssl/code/generator.go:641.31,642.61 1 0
github.com/PointerByte/GoForge/cmd/go-openssl/code/generator.go:642.61,644.4 1 0
github.com/PointerByte/GoForge/cmd/go-openssl/code/generator.go:646.2,646.12 1 10
github.com/PointerByte/GoForge/cmd/go-openssl/code/generator.go:649.58,651.16 2 10
github.com/PointerByte/GoForge/cmd/go-openssl/code/generator.go:651.16,653.3 1 0
github.com/PointerByte/GoForge/cmd/go-openssl/code/generator.go:654.2,654.87 1 10
github.com/PointerByte/GoForge/cmd/go-openssl/code/generator.go:657.56,659.16 2 10
github.com/PointerByte/GoForge/cmd/go-openssl/code/generator.go:659.16,661.3 1 0
github.com/PointerByte/GoForge/cmd/go-openssl/code/generator.go:662.2,662.85 1 10
github.com/PointerByte/GoForge/cmd/go-openssl/code/generator.go:672.57,674.21 2 270
github.com/PointerByte/GoForge/cmd/go-openssl/code/generator.go:674.21,675.30 1 1053
github.com/PointerByte/GoForge/cmd/go-openssl/code/generator.go:675.30,677.4 1 1050
github.com/PointerByte/GoForge/cmd/go-openssl/code/generator.go:679.3,681.41 3 1053
github.com/PointerByte/GoForge/cmd/go-openssl/code/generator.go:683.2,683.19 1 270
github.com/PointerByte/GoForge/cmd/go-openssl/code/generator.go:686.48,702.2 6 1050
github.com/PointerByte/GoForge/cmd/go-openssl/main.go:21.13,22.49 1 2
github.com/PointerByte/GoForge/cmd/go-openssl/main.go:22.49,25.3 2 1
github.com/PointerByte/GoForge/cmd/go-openssl/main.go:29.38,31.2 1 1
github.com/PointerByte/GoForge/cmd/go-openssl/main.go:34.33,36.2 1 1
>>>>>>> preview
